This is pdfTeX, Version 3.141592653-2.6-1.40.24 (TeX Live 2022/Arch Linux) (preloaded format=pdflatex 2022.5.13)  21 SEP 2022 09:03
entering extended mode
 restricted \write18 enabled.
 %&-line parsing enabled.
**presen.tex
(./presen.tex
LaTeX2e <2021-11-15> patch level 1
L3 programming layer <2022-04-10>
(/usr/share/texmf-dist/tex/latex/base/article.cls
Document Class: article 2021/10/04 v1.4n Standard LaTeX document class
(/usr/share/texmf-dist/tex/latex/base/size10.clo
File: size10.clo 2021/10/04 v1.4n Standard LaTeX file (size option)
)
\c@part=\count185
\c@section=\count186
\c@subsection=\count187
\c@subsubsection=\count188
\c@paragraph=\count189
\c@subparagraph=\count190
\c@figure=\count191
\c@table=\count192
\abovecaptionskip=\skip47
\belowcaptionskip=\skip48
\bibindent=\dimen138
)
(/usr/share/texmf-dist/tex/latex/acronym/acronym.sty
Package: acronym 2020/04/17 v1.47 Support for acronyms (Tobias Oetiker)

(/usr/share/texmf-dist/tex/latex/bigfoot/suffix.sty
Package: suffix 2006/07/15 1.5a Variant command support
)
(/usr/share/texmf-dist/tex/generic/xstring/xstring.sty
(/usr/share/texmf-dist/tex/generic/xstring/xstring.tex
\integerpart=\count193
\decimalpart=\count194
)
Package: xstring 2021/07/21 v1.84 String manipulations (CT)
)
\AC@clearlist=\toks16
)
(/usr/share/texmf-dist/tex/latex/amscls/amsthm.sty
Package: amsthm 2020/05/29 v2.20.6
\thm@style=\toks17
\thm@bodyfont=\toks18
\thm@headfont=\toks19
\thm@notefont=\toks20
\thm@headpunct=\toks21
\thm@preskip=\skip49
\thm@postskip=\skip50
\thm@headsep=\skip51
\dth@everypar=\toks22
)
(/usr/share/texmf-dist/tex/generic/babel/babel.sty
Package: babel 2022/02/26 3.73 The Babel package
\babel@savecnt=\count195
\U@D=\dimen139
\l@unhyphenated=\language87

(/usr/share/texmf-dist/tex/generic/babel/txtbabel.def)
\bbl@readstream=\read2
\bbl@dirlevel=\count196
Package babel Info: You haven't specified a language. I'll use 'nil'
(babel)             as the main language. Reported on input line 4305.

(/usr/share/texmf-dist/tex/generic/babel/nil.ldf
Language: nil 2022/02/26 3.73 Nil language
\l@nil=\language88
))
(/usr/share/texmf-dist/tex/latex/boxedminipage/boxedminipage.sty
Package: boxedminipage 2020/04/19 v1.1 Boxed LaTeX2e minipages
\bmp@box=\box50
\bmp@width=\skip52
\bmp@height=\skip53
)
(/usr/share/texmf-dist/tex/latex/tools/longtable.sty
Package: longtable 2021-09-01 v4.17 Multi-page Table package (DPC)
\LTleft=\skip54
\LTright=\skip55
\LTpre=\skip56
\LTpost=\skip57
\LTchunksize=\count197
\LTcapwidth=\dimen140
\LT@head=\box51
\LT@firsthead=\box52
\LT@foot=\box53
\LT@lastfoot=\box54
\LT@gbox=\box55
\LT@cols=\count198
\LT@rows=\count199
\c@LT@tables=\count266
\c@LT@chunks=\count267
\LT@p@ftn=\toks23
)
(/usr/share/texmf-dist/tex/latex/fancyhdr/fancyhdr.sty
Package: fancyhdr 2021/01/28 v4.0.1 Extensive control of page headers and foote
rs
\f@nch@headwidth=\skip58
\f@nch@O@elh=\skip59
\f@nch@O@erh=\skip60
\f@nch@O@olh=\skip61
\f@nch@O@orh=\skip62
\f@nch@O@elf=\skip63
\f@nch@O@erf=\skip64
\f@nch@O@olf=\skip65
\f@nch@O@orf=\skip66
)
(/usr/share/texmf-dist/tex/latex/framed/framed.sty
Package: framed 2011/10/22 v 0.96: framed or shaded text with page breaks
\OuterFrameSep=\skip67
\fb@frw=\dimen141
\fb@frh=\dimen142
\FrameRule=\dimen143
\FrameSep=\dimen144
)
(/usr/share/texmf-dist/tex/latex/mathtools/mathtools.sty
Package: mathtools 2022/02/07 v1.28a mathematical typesetting tools

(/usr/share/texmf-dist/tex/latex/graphics/keyval.sty
Package: keyval 2014/10/28 v1.15 key=value parser (DPC)
\KV@toks@=\toks24
)
(/usr/share/texmf-dist/tex/latex/tools/calc.sty
Package: calc 2017/05/25 v4.3 Infix arithmetic (KKT,FJ)
\calc@Acount=\count268
\calc@Bcount=\count269
\calc@Adimen=\dimen145
\calc@Bdimen=\dimen146
\calc@Askip=\skip68
\calc@Bskip=\skip69
LaTeX Info: Redefining \setlength on input line 80.
LaTeX Info: Redefining \addtolength on input line 81.
\calc@Ccount=\count270
\calc@Cskip=\skip70
)
(/usr/share/texmf-dist/tex/latex/mathtools/mhsetup.sty
Package: mhsetup 2021/03/18 v1.4 programming setup (MH)
)
(/usr/share/texmf-dist/tex/latex/amsmath/amsmath.sty
Package: amsmath 2021/10/15 v2.17l AMS math features
\@mathmargin=\skip71

For additional information on amsmath, use the `?' option.
(/usr/share/texmf-dist/tex/latex/amsmath/amstext.sty
Package: amstext 2021/08/26 v2.01 AMS text

(/usr/share/texmf-dist/tex/latex/amsmath/amsgen.sty
File: amsgen.sty 1999/11/30 v2.0 generic functions
\@emptytoks=\toks25
\ex@=\dimen147
))
(/usr/share/texmf-dist/tex/latex/amsmath/amsbsy.sty
Package: amsbsy 1999/11/29 v1.2d Bold Symbols
\pmbraise@=\dimen148
)
(/usr/share/texmf-dist/tex/latex/amsmath/amsopn.sty
Package: amsopn 2021/08/26 v2.02 operator names
)
\inf@bad=\count271
LaTeX Info: Redefining \frac on input line 234.
\uproot@=\count272
\leftroot@=\count273
LaTeX Info: Redefining \overline on input line 399.
\classnum@=\count274
\DOTSCASE@=\count275
LaTeX Info: Redefining \ldots on input line 496.
LaTeX Info: Redefining \dots on input line 499.
LaTeX Info: Redefining \cdots on input line 620.
\Mathstrutbox@=\box56
\strutbox@=\box57
\big@size=\dimen149
LaTeX Font Info:    Redeclaring font encoding OML on input line 743.
LaTeX Font Info:    Redeclaring font encoding OMS on input line 744.
\macc@depth=\count276
\c@MaxMatrixCols=\count277
\dotsspace@=\muskip16
\c@parentequation=\count278
\dspbrk@lvl=\count279
\tag@help=\toks26
\row@=\count280
\column@=\count281
\maxfields@=\count282
\andhelp@=\toks27
\eqnshift@=\dimen150
\alignsep@=\dimen151
\tagshift@=\dimen152
\tagwidth@=\dimen153
\totwidth@=\dimen154
\lineht@=\dimen155
\@envbody=\toks28
\multlinegap=\skip72
\multlinetaggap=\skip73
\mathdisplay@stack=\toks29
LaTeX Info: Redefining \[ on input line 2938.
LaTeX Info: Redefining \] on input line 2939.
)
\g_MT_multlinerow_int=\count283
\l_MT_multwidth_dim=\dimen156
\origjot=\skip74
\l_MT_shortvdotswithinadjustabove_dim=\dimen157
\l_MT_shortvdotswithinadjustbelow_dim=\dimen158
\l_MT_above_intertext_sep=\dimen159
\l_MT_below_intertext_sep=\dimen160
\l_MT_above_shortintertext_sep=\dimen161
\l_MT_below_shortintertext_sep=\dimen162
\xmathstrut@box=\box58
\xmathstrut@dim=\dimen163
)
(/usr/share/texmf-dist/tex/latex/amsfonts/amssymb.sty
Package: amssymb 2013/01/14 v3.01 AMS font symbols

(/usr/share/texmf-dist/tex/latex/amsfonts/amsfonts.sty
Package: amsfonts 2013/01/14 v3.01 Basic AMSFonts support
\symAMSa=\mathgroup4
\symAMSb=\mathgroup5
LaTeX Font Info:    Redeclaring math symbol \hbar on input line 98.
LaTeX Font Info:    Overwriting math alphabet `\mathfrak' in version `bold'
(Font)                  U/euf/m/n --> U/euf/b/n on input line 106.
))
(/usr/share/texmf-dist/tex/latex/colortbl/colortbl.sty
Package: colortbl 2020/01/04 v1.0e Color table columns (DPC)

(/usr/share/texmf-dist/tex/latex/tools/array.sty
Package: array 2021/10/04 v2.5f Tabular extension package (FMi)
\col@sep=\dimen164
\ar@mcellbox=\box59
\extrarowheight=\dimen165
\NC@list=\toks30
\extratabsurround=\skip75
\backup@length=\skip76
\ar@cellbox=\box60
)
(/usr/share/texmf-dist/tex/latex/graphics/color.sty
Package: color 2021/12/07 v1.3c Standard LaTeX Color (DPC)

(/usr/share/texmf-dist/tex/latex/graphics-cfg/color.cfg
File: color.cfg 2016/01/02 v1.6 sample color configuration
)
Package color Info: Driver file: pdftex.def on input line 149.

(/usr/share/texmf-dist/tex/latex/graphics-def/pdftex.def
File: pdftex.def 2020/10/05 v1.2a Graphics/color driver for pdftex
))
\everycr=\toks31
\minrowclearance=\skip77
)
(/usr/share/texmf-dist/tex/latex/graphics/epsfig.sty
Package: epsfig 2017/06/25 v1.7b (e)psfig emulation (SPQR)

(/usr/share/texmf-dist/tex/latex/graphics/graphicx.sty
Package: graphicx 2021/09/16 v1.2d Enhanced LaTeX Graphics (DPC,SPQR)

(/usr/share/texmf-dist/tex/latex/graphics/graphics.sty
Package: graphics 2021/03/04 v1.4d Standard LaTeX Graphics (DPC,SPQR)

(/usr/share/texmf-dist/tex/latex/graphics/trig.sty
Package: trig 2021/08/11 v1.11 sin cos tan (DPC)
)
(/usr/share/texmf-dist/tex/latex/graphics-cfg/graphics.cfg
File: graphics.cfg 2016/06/04 v1.11 sample graphics configuration
)
Package graphics Info: Driver file: pdftex.def on input line 107.
)
\Gin@req@height=\dimen166
\Gin@req@width=\dimen167
)
\epsfxsize=\dimen168
\epsfysize=\dimen169
)
(/usr/share/texmf-dist/tex/latex/graphics/lscape.sty
Package: lscape 2020/05/28 v3.02 Landscape Pages (DPC)
)
(/usr/share/texmf-dist/tex/latex/multirow/multirow.sty
Package: multirow 2021/03/15 v2.8 Span multiple rows of a table
\multirow@colwidth=\skip78
\multirow@cntb=\count284
\multirow@dima=\skip79
\bigstrutjot=\dimen170
)
(/usr/share/texmf-dist/tex/latex/setspace/setspace.sty
Package: setspace 2011/12/19 v6.7a set line spacing
)
(/usr/share/texmf-dist/tex/latex/tools/tabularx.sty
Package: tabularx 2020/01/15 v2.11c `tabularx' package (DPC)
\TX@col@width=\dimen171
\TX@old@table=\dimen172
\TX@old@col=\dimen173
\TX@target=\dimen174
\TX@delta=\dimen175
\TX@cols=\count285
\TX@ftn=\toks32
)
(/usr/share/texmf-dist/tex/latex/titlesec/titlesec.sty
Package: titlesec 2021/07/05 v2.14 Sectioning titles
\ttl@box=\box61
\beforetitleunit=\skip80
\aftertitleunit=\skip81
\ttl@plus=\dimen176
\ttl@minus=\dimen177
\ttl@toksa=\toks33
\titlewidth=\dimen178
\titlewidthlast=\dimen179
\titlewidthfirst=\dimen180
)
(/usr/share/texmf-dist/tex/latex/caption/subcaption.sty
Package: subcaption 2022/01/07 v1.5 Sub-captions (AR)

(/usr/share/texmf-dist/tex/latex/caption/caption.sty
Package: caption 2022/03/01 v3.6b Customizing captions (AR)

(/usr/share/texmf-dist/tex/latex/caption/caption3.sty
Package: caption3 2022/03/17 v2.3b caption3 kernel (AR)
\caption@tempdima=\dimen181
\captionmargin=\dimen182
\caption@leftmargin=\dimen183
\caption@rightmargin=\dimen184
\caption@width=\dimen185
\caption@indent=\dimen186
\caption@parindent=\dimen187
\caption@hangindent=\dimen188
Package caption Info: Standard document class detected.
)
\c@caption@flags=\count286
\c@continuedfloat=\count287
Package caption Info: longtable package is loaded.

(/usr/share/texmf-dist/tex/latex/caption/ltcaption.sty
Package: ltcaption 2021/01/08 v1.4c longtable captions (AR)
))
\c@subfigure=\count288
\c@subtable=\count289
)
(/usr/share/texmf-dist/tex/latex/moreverb/moreverb.sty
Package: moreverb 2008/06/03 v2.3a `more' verbatim facilities

(/usr/share/texmf-dist/tex/latex/tools/verbatim.sty
Package: verbatim 2020-07-07 v1.5u LaTeX2e package for verbatim enhancements
\every@verbatim=\toks34
\verbatim@line=\toks35
\verbatim@in@stream=\read3
)
\tab@position=\count290
\tab@size=\count291
\listing@line=\count292
)
(/usr/share/texmf-dist/tex/latex/xcolor/xcolor.sty
Package: xcolor 2021/10/31 v2.13 LaTeX color extensions (UK)

(/usr/share/texmf-dist/tex/latex/graphics-cfg/color.cfg
File: color.cfg 2016/01/02 v1.6 sample color configuration
)
Package xcolor Info: Driver file: pdftex.def on input line 227.
LaTeX Info: Redefining \color on input line 711.
Package xcolor Info: Model `cmy' substituted by `cmy0' on input line 1352.
Package xcolor Info: Model `hsb' substituted by `rgb' on input line 1356.
Package xcolor Info: Model `RGB' extended on input line 1368.
Package xcolor Info: Model `HTML' substituted by `rgb' on input line 1370.
Package xcolor Info: Model `Hsb' substituted by `hsb' on input line 1371.
Package xcolor Info: Model `tHsb' substituted by `hsb' on input line 1372.
Package xcolor Info: Model `HSB' substituted by `hsb' on input line 1373.
Package xcolor Info: Model `Gray' substituted by `gray' on input line 1374.
Package xcolor Info: Model `wave' substituted by `hsb' on input line 1375.
)
(/usr/share/texmf-dist/tex/latex/tools/xspace.sty
Package: xspace 2014/10/28 v1.13 Space after command names (DPC,MH)
)
(/usr/share/texmf-dist/tex/latex/hyperref/hyperref.sty
Package: hyperref 2022-02-21 v7.00n Hypertext links for LaTeX

(/usr/share/texmf-dist/tex/generic/ltxcmds/ltxcmds.sty
Package: ltxcmds 2020-05-10 v1.25 LaTeX kernel commands for general use (HO)
)
(/usr/share/texmf-dist/tex/generic/iftex/iftex.sty
Package: iftex 2022/02/03 v1.0f TeX engine tests
)
(/usr/share/texmf-dist/tex/generic/pdftexcmds/pdftexcmds.sty
Package: pdftexcmds 2020-06-27 v0.33 Utility functions of pdfTeX for LuaTeX (HO
)

(/usr/share/texmf-dist/tex/generic/infwarerr/infwarerr.sty
Package: infwarerr 2019/12/03 v1.5 Providing info/warning/error messages (HO)
)
Package pdftexcmds Info: \pdf@primitive is available.
Package pdftexcmds Info: \pdf@ifprimitive is available.
Package pdftexcmds Info: \pdfdraftmode found.
)
(/usr/share/texmf-dist/tex/generic/kvsetkeys/kvsetkeys.sty
Package: kvsetkeys 2019/12/15 v1.18 Key value parser (HO)
)
(/usr/share/texmf-dist/tex/generic/kvdefinekeys/kvdefinekeys.sty
Package: kvdefinekeys 2019-12-19 v1.6 Define keys (HO)
)
(/usr/share/texmf-dist/tex/generic/pdfescape/pdfescape.sty
Package: pdfescape 2019/12/09 v1.15 Implements pdfTeX's escape features (HO)
)
(/usr/share/texmf-dist/tex/latex/hycolor/hycolor.sty
Package: hycolor 2020-01-27 v1.10 Color options for hyperref/bookmark (HO)
)
(/usr/share/texmf-dist/tex/latex/letltxmacro/letltxmacro.sty
Package: letltxmacro 2019/12/03 v1.6 Let assignment for LaTeX macros (HO)
)
(/usr/share/texmf-dist/tex/latex/auxhook/auxhook.sty
Package: auxhook 2019-12-17 v1.6 Hooks for auxiliary files (HO)
)
(/usr/share/texmf-dist/tex/latex/kvoptions/kvoptions.sty
Package: kvoptions 2020-10-07 v3.14 Key value format for package options (HO)
)
\@linkdim=\dimen189
\Hy@linkcounter=\count293
\Hy@pagecounter=\count294

(/usr/share/texmf-dist/tex/latex/hyperref/pd1enc.def
File: pd1enc.def 2022-02-21 v7.00n Hyperref: PDFDocEncoding definition (HO)
Now handling font encoding PD1 ...
... no UTF-8 mapping file for font encoding PD1
)
(/usr/share/texmf-dist/tex/generic/intcalc/intcalc.sty
Package: intcalc 2019/12/15 v1.3 Expandable calculations with integers (HO)
)
(/usr/share/texmf-dist/tex/generic/etexcmds/etexcmds.sty
Package: etexcmds 2019/12/15 v1.7 Avoid name clashes with e-TeX commands (HO)
)
\Hy@SavedSpaceFactor=\count295

(/usr/share/texmf-dist/tex/latex/hyperref/puenc.def
File: puenc.def 2022-02-21 v7.00n Hyperref: PDF Unicode definition (HO)
Now handling font encoding PU ...
... no UTF-8 mapping file for font encoding PU
)
Package hyperref Info: Option `bookmarks' set `true' on input line 4018.
Package hyperref Info: Option `bookmarksopen' set `true' on input line 4018.
Package hyperref Info: Option `bookmarksnumbered' set `true' on input line 4018
.
Package hyperref Info: Hyper figures OFF on input line 4137.
Package hyperref Info: Link nesting OFF on input line 4142.
Package hyperref Info: Hyper index ON on input line 4145.
Package hyperref Info: Plain pages OFF on input line 4152.
Package hyperref Info: Backreferencing OFF on input line 4157.
Package hyperref Info: Implicit mode ON; LaTeX internals redefined.
Package hyperref Info: Bookmarks ON on input line 4390.
\c@Hy@tempcnt=\count296

(/usr/share/texmf-dist/tex/latex/url/url.sty
\Urlmuskip=\muskip17
Package: url 2013/09/16  ver 3.4  Verb mode for urls, etc.
)
LaTeX Info: Redefining \url on input line 4749.
\XeTeXLinkMargin=\dimen190

(/usr/share/texmf-dist/tex/generic/bitset/bitset.sty
Package: bitset 2019/12/09 v1.3 Handle bit-vector datatype (HO)

(/usr/share/texmf-dist/tex/generic/bigintcalc/bigintcalc.sty
Package: bigintcalc 2019/12/15 v1.5 Expandable calculations on big integers (HO
)
))
\Fld@menulength=\count297
\Field@Width=\dimen191
\Fld@charsize=\dimen192
Package hyperref Info: Hyper figures OFF on input line 6027.
Package hyperref Info: Link nesting OFF on input line 6032.
Package hyperref Info: Hyper index ON on input line 6035.
Package hyperref Info: backreferencing OFF on input line 6042.
Package hyperref Info: Link coloring OFF on input line 6047.
Package hyperref Info: Link coloring with OCG OFF on input line 6052.
Package hyperref Info: PDF/A mode OFF on input line 6057.
LaTeX Info: Redefining \ref on input line 6097.
LaTeX Info: Redefining \pageref on input line 6101.

(/usr/share/texmf-dist/tex/latex/base/atbegshi-ltx.sty
Package: atbegshi-ltx 2021/01/10 v1.0c Emulation of the original atbegshi
package with kernel methods
)
\Hy@abspage=\count298
\c@Item=\count299
\c@Hfootnote=\count300
)
Package hyperref Info: Driver (autodetected): hpdftex.

(/usr/share/texmf-dist/tex/latex/hyperref/hpdftex.def
File: hpdftex.def 2022-02-21 v7.00n Hyperref driver for pdfTeX

(/usr/share/texmf-dist/tex/latex/base/atveryend-ltx.sty
Package: atveryend-ltx 2020/08/19 v1.0a Emulation of the original atveryend pac
kage
with kernel methods
)
\Fld@listcount=\count301
\c@bookmark@seq@number=\count302

(/usr/share/texmf-dist/tex/latex/rerunfilecheck/rerunfilecheck.sty
Package: rerunfilecheck 2019/12/05 v1.9 Rerun checks for auxiliary files (HO)

(/usr/share/texmf-dist/tex/generic/uniquecounter/uniquecounter.sty
Package: uniquecounter 2019/12/15 v1.4 Provide unlimited unique counter (HO)
)
Package uniquecounter Info: New unique counter `rerunfilecheck' on input line 2
86.
)
\Hy@SectionHShift=\skip82
)
(/usr/share/texmf-dist/tex/latex/base/alltt.sty
Package: alltt 2021/01/29 v2.0g defines alltt environment
)
(/usr/share/texmf-dist/tex/latex/datetime/datetime.sty
Package: datetime 2015/03/20 v2.60 Date Time Package

(/usr/share/texmf-dist/tex/latex/etoolbox/etoolbox.sty
Package: etoolbox 2020/10/05 v2.5k e-TeX tools for LaTeX (JAW)
\etb@tempcnta=\count303
)
(/usr/share/texmf-dist/tex/latex/fmtcount/fmtcount.sty
Package: fmtcount 2020/01/30 v3.07

(/usr/share/texmf-dist/tex/latex/base/ifthen.sty
Package: ifthen 2020/11/24 v1.1c Standard LaTeX ifthen package (DPC)
)
(/usr/share/texmf-dist/tex/latex/xkeyval/xkeyval.sty
Package: xkeyval 2020/11/20 v2.8 package option processing (HA)

(/usr/share/texmf-dist/tex/generic/xkeyval/xkeyval.tex
(/usr/share/texmf-dist/tex/generic/xkeyval/xkvutils.tex
\XKV@toks=\toks36
\XKV@tempa@toks=\toks37
)
\XKV@depth=\count304
File: xkeyval.tex 2014/12/03 v2.7a key=value parser (HA)
))
(/usr/share/texmf-dist/tex/latex/fmtcount/fcprefix.sty
Package: fcprefix 2012/09/28

(/usr/share/texmf-dist/tex/latex/fmtcount/fcnumparser.sty
Package: fcnumparser 2017/06/15
\fc@digit@counter=\count305
))
\c@padzeroesN=\count306
\fc@tmpcatcode=\count307
\@DT@modctr=\count308
\@ordinalctr=\count309
\@orgargctr=\count310
\@strctr=\count311
\@tmpstrctr=\count312
\@DT@loopN=\count313
\@DT@X=\count314
)
(/usr/share/texmf-dist/tex/latex/datetime/datetime-defaults.sty
Package: datetime-defaults 2013/09/10
)
\@day=\count315
\@month=\count316
\@year=\count317
\c@HOUR=\count318
\c@HOURXII=\count319
\c@MINUTE=\count320
\c@TOHOUR=\count321
\c@TOMINUTE=\count322
\c@SECOND=\count323
\currenthour=\count324
\currentminute=\count325
\currentsecond=\count326
Package datetime Info: No datetime.cfg file found, using default settings on in
put line 308.
\@dtctr=\count327
\dayofyear=\count328
\dayofweek=\count329
LaTeX Info: Redefining \today on input line 736.
\dt@a=\toks38
\dt@b=\toks39
)
(/usr/share/texmf-dist/tex/latex/tools/dcolumn.sty
Package: dcolumn 2014/10/28 v1.06 decimal alignment package (DPC)
)
(/usr/share/texmf-dist/tex/latex/multido/multido.sty
Package: multido 2004/05/17 package wrapper for PSTricks `multido.tex', (HV/RN)


(/usr/share/texmf-dist/tex/generic/multido/multido.tex
 v1.42, 2010/05/14 <tvz>
\multido@count=\count330
\multidocount=\count331
\multido@stuff=\toks40
)
File: multido.tex 2010/05/14 v1.42 `multido' (tvz,hv)
) (/usr/share/texmf-dist/tex/latex/psnfss/pifont.sty
Package: pifont 2020/03/25 PSNFSS-v9.3 Pi font support (SPQR) 
LaTeX Font Info:    Trying to load font information for U+pzd on input line 63.


(/usr/share/texmf-dist/tex/latex/psnfss/upzd.fd
File: upzd.fd 2001/06/04 font definitions for U/pzd.
)
LaTeX Font Info:    Trying to load font information for U+psy on input line 64.


(/usr/share/texmf-dist/tex/latex/psnfss/upsy.fd
File: upsy.fd 2001/06/04 font definitions for U/psy.
))
(/usr/share/texmf-dist/tex/latex/graphics/rotating.sty
Package: rotating 2016/08/11 v2.16d rotated objects in LaTeX
\c@r@tfl@t=\count332
\rotFPtop=\skip83
\rotFPbot=\skip84
\rot@float@box=\box62
\rot@mess@toks=\toks41
)
(/usr/share/texmf-dist/tex/latex/base/inputenc.sty
Package: inputenc 2021/02/14 v1.3d Input encoding file
\inpenc@prehook=\toks42
\inpenc@posthook=\toks43
) (./mllp.sty

LaTeX Warning: You have requested package `mllp',
               but the package provides `all'.

Package: all 2000/06/21
(/usr/share/texmf-dist/tex/latex/geometry/geometry.sty
Package: geometry 2020/01/02 v5.9 Page Geometry

(/usr/share/texmf-dist/tex/generic/iftex/ifvtex.sty
Package: ifvtex 2019/10/25 v1.7 ifvtex legacy package. Use iftex instead.
)
\Gm@cnth=\count333
\Gm@cntv=\count334
\c@Gm@tempcnt=\count335
\Gm@bindingoffset=\dimen193
\Gm@wd@mp=\dimen194
\Gm@odd@mp=\dimen195
\Gm@even@mp=\dimen196
\Gm@layoutwidth=\dimen197
\Gm@layoutheight=\dimen198
\Gm@layouthoffset=\dimen199
\Gm@layoutvoffset=\dimen256
\Gm@dimlist=\toks44
)
(/usr/share/texmf-dist/tex/latex/base/fontenc.sty
Package: fontenc 2021/04/29 v2.0v Standard LaTeX package
)
(/usr/share/texmf-dist/tex/latex/psnfss/times.sty
Package: times 2020/03/25 PSNFSS-v9.3 (SPQR) 
)
(/usr/share/texmf-dist/tex/latex/lastpage/lastpage.sty
Package: lastpage 2021/09/03 v1.2n Refers to last page's name (HMM; JPG)
)
Package hyperref Info: Option `colorlinks' set `false' on input line 106.
\parskipbak=\skip85
)
(/usr/share/texmf-dist/tex/latex/pgf/frontendlayer/tikz.sty
(/usr/share/texmf-dist/tex/latex/pgf/basiclayer/pgf.sty
(/usr/share/texmf-dist/tex/latex/pgf/utilities/pgfrcs.sty
(/usr/share/texmf-dist/tex/generic/pgf/utilities/pgfutil-common.tex
\pgfutil@everybye=\toks45
\pgfutil@tempdima=\dimen257
\pgfutil@tempdimb=\dimen258

(/usr/share/texmf-dist/tex/generic/pgf/utilities/pgfutil-common-lists.tex))
(/usr/share/texmf-dist/tex/generic/pgf/utilities/pgfutil-latex.def
\pgfutil@abb=\box63
)
(/usr/share/texmf-dist/tex/generic/pgf/utilities/pgfrcs.code.tex
(/usr/share/texmf-dist/tex/generic/pgf/pgf.revision.tex)
Package: pgfrcs 2021/05/15 v3.1.9a (3.1.9a)
))
Package: pgf 2021/05/15 v3.1.9a (3.1.9a)

(/usr/share/texmf-dist/tex/latex/pgf/basiclayer/pgfcore.sty
(/usr/share/texmf-dist/tex/latex/pgf/systemlayer/pgfsys.sty
(/usr/share/texmf-dist/tex/generic/pgf/systemlayer/pgfsys.code.tex
Package: pgfsys 2021/05/15 v3.1.9a (3.1.9a)

(/usr/share/texmf-dist/tex/generic/pgf/utilities/pgfkeys.code.tex
\pgfkeys@pathtoks=\toks46
\pgfkeys@temptoks=\toks47

(/usr/share/texmf-dist/tex/generic/pgf/utilities/pgfkeysfiltered.code.tex
\pgfkeys@tmptoks=\toks48
))
\pgf@x=\dimen259
\pgf@y=\dimen260
\pgf@xa=\dimen261
\pgf@ya=\dimen262
\pgf@xb=\dimen263
\pgf@yb=\dimen264
\pgf@xc=\dimen265
\pgf@yc=\dimen266
\pgf@xd=\dimen267
\pgf@yd=\dimen268
\w@pgf@writea=\write3
\r@pgf@reada=\read4
\c@pgf@counta=\count336
\c@pgf@countb=\count337
\c@pgf@countc=\count338
\c@pgf@countd=\count339
\t@pgf@toka=\toks49
\t@pgf@tokb=\toks50
\t@pgf@tokc=\toks51
\pgf@sys@id@count=\count340

(/usr/share/texmf-dist/tex/generic/pgf/systemlayer/pgf.cfg
File: pgf.cfg 2021/05/15 v3.1.9a (3.1.9a)
)
Driver file for pgf: pgfsys-pdftex.def

(/usr/share/texmf-dist/tex/generic/pgf/systemlayer/pgfsys-pdftex.def
File: pgfsys-pdftex.def 2021/05/15 v3.1.9a (3.1.9a)

(/usr/share/texmf-dist/tex/generic/pgf/systemlayer/pgfsys-common-pdf.def
File: pgfsys-common-pdf.def 2021/05/15 v3.1.9a (3.1.9a)
)))
(/usr/share/texmf-dist/tex/generic/pgf/systemlayer/pgfsyssoftpath.code.tex
File: pgfsyssoftpath.code.tex 2021/05/15 v3.1.9a (3.1.9a)
\pgfsyssoftpath@smallbuffer@items=\count341
\pgfsyssoftpath@bigbuffer@items=\count342
)
(/usr/share/texmf-dist/tex/generic/pgf/systemlayer/pgfsysprotocol.code.tex
File: pgfsysprotocol.code.tex 2021/05/15 v3.1.9a (3.1.9a)
))
(/usr/share/texmf-dist/tex/generic/pgf/basiclayer/pgfcore.code.tex
Package: pgfcore 2021/05/15 v3.1.9a (3.1.9a)

(/usr/share/texmf-dist/tex/generic/pgf/math/pgfmath.code.tex
(/usr/share/texmf-dist/tex/generic/pgf/math/pgfmathcalc.code.tex
(/usr/share/texmf-dist/tex/generic/pgf/math/pgfmathutil.code.tex)
(/usr/share/texmf-dist/tex/generic/pgf/math/pgfmathparser.code.tex
\pgfmath@dimen=\dimen269
\pgfmath@count=\count343
\pgfmath@box=\box64
\pgfmath@toks=\toks52
\pgfmath@stack@operand=\toks53
\pgfmath@stack@operation=\toks54
)
(/usr/share/texmf-dist/tex/generic/pgf/math/pgfmathfunctions.code.tex
(/usr/share/texmf-dist/tex/generic/pgf/math/pgfmathfunctions.basic.code.tex)
(/usr/share/texmf-dist/tex/generic/pgf/math/pgfmathfunctions.trigonometric.code
.tex)
(/usr/share/texmf-dist/tex/generic/pgf/math/pgfmathfunctions.random.code.tex)
(/usr/share/texmf-dist/tex/generic/pgf/math/pgfmathfunctions.comparison.code.te
x) (/usr/share/texmf-dist/tex/generic/pgf/math/pgfmathfunctions.base.code.tex)
(/usr/share/texmf-dist/tex/generic/pgf/math/pgfmathfunctions.round.code.tex)
(/usr/share/texmf-dist/tex/generic/pgf/math/pgfmathfunctions.misc.code.tex)
(/usr/share/texmf-dist/tex/generic/pgf/math/pgfmathfunctions.integerarithmetics
.code.tex))) (/usr/share/texmf-dist/tex/generic/pgf/math/pgfmathfloat.code.tex
\c@pgfmathroundto@lastzeros=\count344
)) (/usr/share/texmf-dist/tex/generic/pgf/math/pgfint.code.tex)
(/usr/share/texmf-dist/tex/generic/pgf/basiclayer/pgfcorepoints.code.tex
File: pgfcorepoints.code.tex 2021/05/15 v3.1.9a (3.1.9a)
\pgf@picminx=\dimen270
\pgf@picmaxx=\dimen271
\pgf@picminy=\dimen272
\pgf@picmaxy=\dimen273
\pgf@pathminx=\dimen274
\pgf@pathmaxx=\dimen275
\pgf@pathminy=\dimen276
\pgf@pathmaxy=\dimen277
\pgf@xx=\dimen278
\pgf@xy=\dimen279
\pgf@yx=\dimen280
\pgf@yy=\dimen281
\pgf@zx=\dimen282
\pgf@zy=\dimen283
)
(/usr/share/texmf-dist/tex/generic/pgf/basiclayer/pgfcorepathconstruct.code.tex
File: pgfcorepathconstruct.code.tex 2021/05/15 v3.1.9a (3.1.9a)
\pgf@path@lastx=\dimen284
\pgf@path@lasty=\dimen285
) (/usr/share/texmf-dist/tex/generic/pgf/basiclayer/pgfcorepathusage.code.tex
File: pgfcorepathusage.code.tex 2021/05/15 v3.1.9a (3.1.9a)
\pgf@shorten@end@additional=\dimen286
\pgf@shorten@start@additional=\dimen287
)
(/usr/share/texmf-dist/tex/generic/pgf/basiclayer/pgfcorescopes.code.tex
File: pgfcorescopes.code.tex 2021/05/15 v3.1.9a (3.1.9a)
\pgfpic=\box65
\pgf@hbox=\box66
\pgf@layerbox@main=\box67
\pgf@picture@serial@count=\count345
)
(/usr/share/texmf-dist/tex/generic/pgf/basiclayer/pgfcoregraphicstate.code.tex
File: pgfcoregraphicstate.code.tex 2021/05/15 v3.1.9a (3.1.9a)
\pgflinewidth=\dimen288
)
(/usr/share/texmf-dist/tex/generic/pgf/basiclayer/pgfcoretransformations.code.t
ex
File: pgfcoretransformations.code.tex 2021/05/15 v3.1.9a (3.1.9a)
\pgf@pt@x=\dimen289
\pgf@pt@y=\dimen290
\pgf@pt@temp=\dimen291
) (/usr/share/texmf-dist/tex/generic/pgf/basiclayer/pgfcorequick.code.tex
File: pgfcorequick.code.tex 2021/05/15 v3.1.9a (3.1.9a)
)
(/usr/share/texmf-dist/tex/generic/pgf/basiclayer/pgfcoreobjects.code.tex
File: pgfcoreobjects.code.tex 2021/05/15 v3.1.9a (3.1.9a)
)
(/usr/share/texmf-dist/tex/generic/pgf/basiclayer/pgfcorepathprocessing.code.te
x
File: pgfcorepathprocessing.code.tex 2021/05/15 v3.1.9a (3.1.9a)
) (/usr/share/texmf-dist/tex/generic/pgf/basiclayer/pgfcorearrows.code.tex
File: pgfcorearrows.code.tex 2021/05/15 v3.1.9a (3.1.9a)
\pgfarrowsep=\dimen292
)
(/usr/share/texmf-dist/tex/generic/pgf/basiclayer/pgfcoreshade.code.tex
File: pgfcoreshade.code.tex 2021/05/15 v3.1.9a (3.1.9a)
\pgf@max=\dimen293
\pgf@sys@shading@range@num=\count346
\pgf@shadingcount=\count347
)
(/usr/share/texmf-dist/tex/generic/pgf/basiclayer/pgfcoreimage.code.tex
File: pgfcoreimage.code.tex 2021/05/15 v3.1.9a (3.1.9a)

(/usr/share/texmf-dist/tex/generic/pgf/basiclayer/pgfcoreexternal.code.tex
File: pgfcoreexternal.code.tex 2021/05/15 v3.1.9a (3.1.9a)
\pgfexternal@startupbox=\box68
))
(/usr/share/texmf-dist/tex/generic/pgf/basiclayer/pgfcorelayers.code.tex
File: pgfcorelayers.code.tex 2021/05/15 v3.1.9a (3.1.9a)
)
(/usr/share/texmf-dist/tex/generic/pgf/basiclayer/pgfcoretransparency.code.tex
File: pgfcoretransparency.code.tex 2021/05/15 v3.1.9a (3.1.9a)
) (/usr/share/texmf-dist/tex/generic/pgf/basiclayer/pgfcorepatterns.code.tex
File: pgfcorepatterns.code.tex 2021/05/15 v3.1.9a (3.1.9a)
)
(/usr/share/texmf-dist/tex/generic/pgf/basiclayer/pgfcorerdf.code.tex
File: pgfcorerdf.code.tex 2021/05/15 v3.1.9a (3.1.9a)
)))
(/usr/share/texmf-dist/tex/generic/pgf/modules/pgfmoduleshapes.code.tex
File: pgfmoduleshapes.code.tex 2021/05/15 v3.1.9a (3.1.9a)
\pgfnodeparttextbox=\box69
)
(/usr/share/texmf-dist/tex/generic/pgf/modules/pgfmoduleplot.code.tex
File: pgfmoduleplot.code.tex 2021/05/15 v3.1.9a (3.1.9a)
)
(/usr/share/texmf-dist/tex/latex/pgf/compatibility/pgfcomp-version-0-65.sty
Package: pgfcomp-version-0-65 2021/05/15 v3.1.9a (3.1.9a)
\pgf@nodesepstart=\dimen294
\pgf@nodesepend=\dimen295
)
(/usr/share/texmf-dist/tex/latex/pgf/compatibility/pgfcomp-version-1-18.sty
Package: pgfcomp-version-1-18 2021/05/15 v3.1.9a (3.1.9a)
))
(/usr/share/texmf-dist/tex/latex/pgf/utilities/pgffor.sty
(/usr/share/texmf-dist/tex/latex/pgf/utilities/pgfkeys.sty
(/usr/share/texmf-dist/tex/generic/pgf/utilities/pgfkeys.code.tex))
(/usr/share/texmf-dist/tex/latex/pgf/math/pgfmath.sty
(/usr/share/texmf-dist/tex/generic/pgf/math/pgfmath.code.tex))
(/usr/share/texmf-dist/tex/generic/pgf/utilities/pgffor.code.tex
Package: pgffor 2021/05/15 v3.1.9a (3.1.9a)

(/usr/share/texmf-dist/tex/generic/pgf/math/pgfmath.code.tex)
\pgffor@iter=\dimen296
\pgffor@skip=\dimen297
\pgffor@stack=\toks55
\pgffor@toks=\toks56
))
(/usr/share/texmf-dist/tex/generic/pgf/frontendlayer/tikz/tikz.code.tex
Package: tikz 2021/05/15 v3.1.9a (3.1.9a)

(/usr/share/texmf-dist/tex/generic/pgf/libraries/pgflibraryplothandlers.code.te
x
File: pgflibraryplothandlers.code.tex 2021/05/15 v3.1.9a (3.1.9a)
\pgf@plot@mark@count=\count348
\pgfplotmarksize=\dimen298
)
\tikz@lastx=\dimen299
\tikz@lasty=\dimen300
\tikz@lastxsaved=\dimen301
\tikz@lastysaved=\dimen302
\tikz@lastmovetox=\dimen303
\tikz@lastmovetoy=\dimen304
\tikzleveldistance=\dimen305
\tikzsiblingdistance=\dimen306
\tikz@figbox=\box70
\tikz@figbox@bg=\box71
\tikz@tempbox=\box72
\tikz@tempbox@bg=\box73
\tikztreelevel=\count349
\tikznumberofchildren=\count350
\tikznumberofcurrentchild=\count351
\tikz@fig@count=\count352
 (/usr/share/texmf-dist/tex/generic/pgf/modules/pgfmodulematrix.code.tex
File: pgfmodulematrix.code.tex 2021/05/15 v3.1.9a (3.1.9a)
\pgfmatrixcurrentrow=\count353
\pgfmatrixcurrentcolumn=\count354
\pgf@matrix@numberofcolumns=\count355
)
\tikz@expandcount=\count356

(/usr/share/texmf-dist/tex/generic/pgf/frontendlayer/tikz/libraries/tikzlibrary
topaths.code.tex
File: tikzlibrarytopaths.code.tex 2021/05/15 v3.1.9a (3.1.9a)
))) (/usr/share/texmf-dist/tex/latex/pgfplots/pgfplots.sty
(/usr/share/texmf-dist/tex/generic/pgfplots/pgfplots.revision.tex)
Package: pgfplots 2021/05/15 v1.18.1 Data Visualization (1.18.1)

(/usr/share/texmf-dist/tex/generic/pgfplots/pgfplots.code.tex
(/usr/share/texmf-dist/tex/generic/pgfplots/pgfplotscore.code.tex
\t@pgfplots@toka=\toks57
\t@pgfplots@tokb=\toks58
\t@pgfplots@tokc=\toks59
\pgfplots@tmpa=\dimen307
\c@pgfplots@coordindex=\count357
\c@pgfplots@scanlineindex=\count358

(/usr/share/texmf-dist/tex/generic/pgfplots/sys/pgfplotssysgeneric.code.tex))
(/usr/share/texmf-dist/tex/generic/pgfplots/libs/pgfplotslibrary.code.tex)
(/usr/share/texmf-dist/tex/generic/pgfplots/oldpgfcompatib/pgfplotsoldpgfsupp_l
oader.code.tex
(/usr/share/texmf-dist/tex/generic/pgf/libraries/pgflibraryfpu.code.tex))
(/usr/share/texmf-dist/tex/generic/pgfplots/util/pgfplotsutil.code.tex
(/usr/share/texmf-dist/tex/generic/pgfplots/liststructure/pgfplotsliststructure
.code.tex)
(/usr/share/texmf-dist/tex/generic/pgfplots/liststructure/pgfplotsliststructure
ext.code.tex)
(/usr/share/texmf-dist/tex/generic/pgfplots/liststructure/pgfplotsarray.code.te
x
\c@pgfplotsarray@tmp=\count359
)
(/usr/share/texmf-dist/tex/generic/pgfplots/liststructure/pgfplotsmatrix.code.t
ex)
(/usr/share/texmf-dist/tex/generic/pgfplots/numtable/pgfplotstableshared.code.t
ex
\c@pgfplotstable@counta=\count360
\t@pgfplotstable@a=\toks60
)
(/usr/share/texmf-dist/tex/generic/pgfplots/liststructure/pgfplotsdeque.code.te
x) (/usr/share/texmf-dist/tex/generic/pgfplots/util/pgfplotsbinary.code.tex
(/usr/share/texmf-dist/tex/generic/pgfplots/util/pgfplotsbinary.data.code.tex))
(/usr/share/texmf-dist/tex/generic/pgfplots/util/pgfplotsutil.verb.code.tex)
(/usr/share/texmf-dist/tex/generic/pgfplots/libs/pgflibrarypgfplots.surfshading
.code.tex
\c@pgfplotslibrarysurf@no=\count361

(/usr/share/texmf-dist/tex/generic/pgfplots/sys/pgflibrarypgfplots.surfshading.
pgfsys-pdftex.def)))
(/usr/share/texmf-dist/tex/generic/pgfplots/util/pgfplotscolormap.code.tex
(/usr/share/texmf-dist/tex/generic/pgfplots/util/pgfplotscolor.code.tex))
(/usr/share/texmf-dist/tex/generic/pgfplots/pgfplotsstackedplots.code.tex)
(/usr/share/texmf-dist/tex/generic/pgfplots/pgfplotsplothandlers.code.tex
(/usr/share/texmf-dist/tex/generic/pgfplots/pgfplotsmeshplothandler.code.tex
(/usr/share/texmf-dist/tex/generic/pgfplots/pgfplotsmeshplotimage.code.tex)))
(/usr/share/texmf-dist/tex/generic/pgfplots/pgfplots.scaling.code.tex)
(/usr/share/texmf-dist/tex/generic/pgfplots/pgfplotscoordprocessing.code.tex)
(/usr/share/texmf-dist/tex/generic/pgfplots/pgfplots.errorbars.code.tex)
(/usr/share/texmf-dist/tex/generic/pgfplots/pgfplots.markers.code.tex)
(/usr/share/texmf-dist/tex/generic/pgfplots/pgfplotsticks.code.tex)
(/usr/share/texmf-dist/tex/generic/pgfplots/pgfplots.paths.code.tex)
(/usr/share/texmf-dist/tex/generic/pgf/frontendlayer/tikz/libraries/tikzlibrary
decorations.code.tex
(/usr/share/texmf-dist/tex/generic/pgf/modules/pgfmoduledecorations.code.tex
\pgfdecoratedcompleteddistance=\dimen308
\pgfdecoratedremainingdistance=\dimen309
\pgfdecoratedinputsegmentcompleteddistance=\dimen310
\pgfdecoratedinputsegmentremainingdistance=\dimen311
\pgf@decorate@distancetomove=\dimen312
\pgf@decorate@repeatstate=\count362
\pgfdecorationsegmentamplitude=\dimen313
\pgfdecorationsegmentlength=\dimen314
)
\tikz@lib@dec@box=\box74
)
(/usr/share/texmf-dist/tex/generic/pgf/frontendlayer/tikz/libraries/tikzlibrary
decorations.pathmorphing.code.tex
(/usr/share/texmf-dist/tex/generic/pgf/libraries/decorations/pgflibrarydecorati
ons.pathmorphing.code.tex))
(/usr/share/texmf-dist/tex/generic/pgf/frontendlayer/tikz/libraries/tikzlibrary
decorations.pathreplacing.code.tex
(/usr/share/texmf-dist/tex/generic/pgf/libraries/decorations/pgflibrarydecorati
ons.pathreplacing.code.tex))
(/usr/share/texmf-dist/tex/generic/pgfplots/libs/tikzlibrarypgfplots.contourlua
.code.tex)
\pgfplots@numplots=\count363
\pgfplots@xmin@reg=\dimen315
\pgfplots@xmax@reg=\dimen316
\pgfplots@ymin@reg=\dimen317
\pgfplots@ymax@reg=\dimen318
\pgfplots@zmin@reg=\dimen319
\pgfplots@zmax@reg=\dimen320
)
(/usr/share/texmf-dist/tex/generic/pgf/frontendlayer/tikz/libraries/tikzlibrary
plotmarks.code.tex
File: tikzlibraryplotmarks.code.tex 2021/05/15 v3.1.9a (3.1.9a)

(/usr/share/texmf-dist/tex/generic/pgf/libraries/pgflibraryplotmarks.code.tex
File: pgflibraryplotmarks.code.tex 2021/05/15 v3.1.9a (3.1.9a)
))) (/usr/share/texmf-dist/tex/latex/sansmath/sansmath.sty
Package: sansmath 2007/02/28  ver 1.1 Donald Arseneau
\c@mv@sans=\count364
LaTeX Font Info:    Overwriting math alphabet `\mathrm' in version `sans'
(Font)                  OT1/cmr/m/n --> OT1/phv/m/n on input line 103.
LaTeX Font Info:    Overwriting math alphabet `\mathsfsl' in version `sans'
(Font)                  OT1/phv/m/sl --> OT1/phv/m/sl on input line 104.
LaTeX Font Info:    Overwriting symbol font `operators' in version `sans'
(Font)                  OT1/cmr/m/n --> OT1/phv/m/n on input line 105.
LaTeX Font Info:    Overwriting symbol font `letters' in version `sans'
(Font)                  OML/cmm/m/it --> OML/cmm/m/it on input line 109.
LaTeX Font Info:    Overwriting symbol font `symbols' in version `sans'
(Font)                  OMS/cmsy/m/n --> OMS/cmsy/m/n on input line 110.
LaTeX Font Info:    Overwriting math alphabet `\mathsfbf' in version `sans'
(Font)                  OT1/phv/bx/sl --> OT1/phv/bx/n on input line 112.
\symEulerGreek=\mathgroup6
LaTeX Font Info:    Overwriting symbol font `EulerGreek' in version `sans'
(Font)                  U/eur/m/n --> U/eur/m/n on input line 136.
\@eugreekOffset=\count365
)
(/usr/share/texmf-dist/tex/generic/pgf/frontendlayer/tikz/libraries/tikzlibrary
arrows.code.tex
File: tikzlibraryarrows.code.tex 2021/05/15 v3.1.9a (3.1.9a)

(/usr/share/texmf-dist/tex/generic/pgf/libraries/pgflibraryarrows.code.tex
File: pgflibraryarrows.code.tex 2021/05/15 v3.1.9a (3.1.9a)
\arrowsize=\dimen321
))
(/usr/share/texmf-dist/tex/generic/pgf/frontendlayer/tikz/libraries/tikzlibrary
shapes.code.tex
File: tikzlibraryshapes.code.tex 2021/05/15 v3.1.9a (3.1.9a)

(/usr/share/texmf-dist/tex/generic/pgf/frontendlayer/tikz/libraries/tikzlibrary
shapes.geometric.code.tex
File: tikzlibraryshapes.geometric.code.tex 2021/05/15 v3.1.9a (3.1.9a)

(/usr/share/texmf-dist/tex/generic/pgf/libraries/shapes/pgflibraryshapes.geomet
ric.code.tex
File: pgflibraryshapes.geometric.code.tex 2021/05/15 v3.1.9a (3.1.9a)
))
(/usr/share/texmf-dist/tex/generic/pgf/frontendlayer/tikz/libraries/tikzlibrary
shapes.misc.code.tex
File: tikzlibraryshapes.misc.code.tex 2021/05/15 v3.1.9a (3.1.9a)

(/usr/share/texmf-dist/tex/generic/pgf/libraries/shapes/pgflibraryshapes.misc.c
ode.tex
File: pgflibraryshapes.misc.code.tex 2021/05/15 v3.1.9a (3.1.9a)
))
(/usr/share/texmf-dist/tex/generic/pgf/frontendlayer/tikz/libraries/tikzlibrary
shapes.symbols.code.tex
File: tikzlibraryshapes.symbols.code.tex 2021/05/15 v3.1.9a (3.1.9a)

(/usr/share/texmf-dist/tex/generic/pgf/libraries/shapes/pgflibraryshapes.symbol
s.code.tex
File: pgflibraryshapes.symbols.code.tex 2021/05/15 v3.1.9a (3.1.9a)
))
(/usr/share/texmf-dist/tex/generic/pgf/frontendlayer/tikz/libraries/tikzlibrary
shapes.arrows.code.tex
File: tikzlibraryshapes.arrows.code.tex 2021/05/15 v3.1.9a (3.1.9a)

(/usr/share/texmf-dist/tex/generic/pgf/libraries/shapes/pgflibraryshapes.arrows
.code.tex
File: pgflibraryshapes.arrows.code.tex 2021/05/15 v3.1.9a (3.1.9a)
))
(/usr/share/texmf-dist/tex/generic/pgf/frontendlayer/tikz/libraries/tikzlibrary
shapes.callouts.code.tex
(/usr/share/texmf-dist/tex/generic/pgf/libraries/shapes/pgflibraryshapes.callou
ts.code.tex))
(/usr/share/texmf-dist/tex/generic/pgf/frontendlayer/tikz/libraries/tikzlibrary
shapes.multipart.code.tex
File: tikzlibraryshapes.multipart.code.tex 2021/05/15 v3.1.9a (3.1.9a)

(/usr/share/texmf-dist/tex/generic/pgf/libraries/shapes/pgflibraryshapes.multip
art.code.tex
File: pgflibraryshapes.multipart.code.tex 2021/05/15 v3.1.9a (3.1.9a)
\pgfnodepartlowerbox=\box75
\pgfnodeparttwobox=\box76
\pgfnodepartthreebox=\box77
\pgfnodepartfourbox=\box78
\pgfnodeparttwentybox=\box79
\pgfnodepartnineteenbox=\box80
\pgfnodeparteighteenbox=\box81
\pgfnodepartseventeenbox=\box82
\pgfnodepartsixteenbox=\box83
\pgfnodepartfifteenbox=\box84
\pgfnodepartfourteenbox=\box85
\pgfnodepartthirteenbox=\box86
\pgfnodeparttwelvebox=\box87
\pgfnodepartelevenbox=\box88
\pgfnodeparttenbox=\box89
\pgfnodepartninebox=\box90
\pgfnodeparteightbox=\box91
\pgfnodepartsevenbox=\box92
\pgfnodepartsixbox=\box93
\pgfnodepartfivebox=\box94
)))
(/usr/share/texmf-dist/tex/generic/pgf/frontendlayer/tikz/libraries/tikzlibrary
snakes.code.tex
File: tikzlibrarysnakes.code.tex 2021/05/15 v3.1.9a (3.1.9a)


Package pgf Warning: Snakes have been superseded by decorations. Please use the
 decoration libraries instead of the snakes library on input line 14.


(/usr/share/texmf-dist/tex/generic/pgf/frontendlayer/tikz/libraries/tikzlibrary
decorations.shapes.code.tex
(/usr/share/texmf-dist/tex/generic/pgf/libraries/decorations/pgflibrarydecorati
ons.shapes.code.tex)))
(/usr/share/texmf-dist/tex/generic/pgf/frontendlayer/tikz/libraries/tikzlibrary
automata.code.tex
File: tikzlibraryautomata.code.tex 2021/05/15 v3.1.9a (3.1.9a)
)
(/usr/share/texmf-dist/tex/generic/pgf/frontendlayer/tikz/libraries/tikzlibrary
backgrounds.code.tex
File: tikzlibrarybackgrounds.code.tex 2021/05/15 v3.1.9a (3.1.9a)
\pgf@layerbox@background=\box95
\pgf@layerboxsaved@background=\box96
)
(/usr/share/texmf-dist/tex/generic/pgf/frontendlayer/tikz/libraries/tikzlibrary
petri.code.tex
File: tikzlibrarypetri.code.tex 2021/05/15 v3.1.9a (3.1.9a)
)
(/usr/share/texmf-dist/tex/generic/pgf/frontendlayer/tikz/libraries/tikzlibrary
calc.code.tex
File: tikzlibrarycalc.code.tex 2021/05/15 v3.1.9a (3.1.9a)
)
(/usr/share/texmf-dist/tex/generic/pgf/frontendlayer/tikz/libraries/tikzlibrary
fit.code.tex
File: tikzlibraryfit.code.tex 2021/05/15 v3.1.9a (3.1.9a)
)
(/usr/share/texmf-dist/tex/generic/pgf/frontendlayer/tikz/libraries/tikzlibrary
positioning.code.tex
File: tikzlibrarypositioning.code.tex 2021/05/15 v3.1.9a (3.1.9a)
) (/usr/share/texmf-dist/tex/latex/scalerel/scalerel.sty
Package: scalerel 2016/12/29 v1.8 Routines for constrained scaling and stretchi
ng of objects, relative to a reference object or in absolute terms
\thesrwidth=\skip86
\thesrheight=\skip87
\srblobheight=\skip88
\srblobdepth=\skip89
\mnxsrwidth=\skip90
\LMex=\skip91
\LMpt=\skip92
)
(/usr/share/texmf-dist/tex/latex/stackengine/stackengine.sty
Package: stackengine 2021/07/22 v4.11\ Stacking text and objects in convenient 
ways

(/usr/share/texmf-dist/tex/generic/listofitems/listofitems.sty
(/usr/share/texmf-dist/tex/generic/listofitems/listofitems.tex
\loi_cnt_foreach_nest=\count366
\loi_nestcnt=\count367
)
Package: listofitems 2019/08/21 v1.63 Grab items in lists using user-specified 
sep char (CT)
)
\c@@stackindex=\count368
\@boxshift=\skip93
\stack@tmplength=\skip94
\temp@stkl=\skip95
\@stackedboxwidth=\skip96
\@addedbox=\box97
\@anchorbox=\box98
\@insetbox=\box99
\se@backgroundbox=\box100
\stackedbox=\box101
\@centerbox=\box102
\c@ROWcellindex@=\count369
)
(/usr/share/texmf-dist/tex/latex/float/float.sty
Package: float 2001/11/08 v1.3d Float enhancements (AL)
\c@float@type=\count370
\float@exts=\toks61
\float@box=\box103
\@float@everytoks=\toks62
\@floatcapt=\box104
)
LaTeX Font Info:    Trying to load font information for T1+phv on input line 10
7.

(/usr/share/texmf-dist/tex/latex/psnfss/t1phv.fd
File: t1phv.fd 2020/03/25 scalable font definitions for T1/phv.
)
(/usr/share/texmf-dist/tex/latex/l3backend/l3backend-pdftex.def
File: l3backend-pdftex.def 2022-04-14 L3 backend support: PDF output (pdfTeX)
\l__color_backend_stack_int=\count371
\l__pdf_internal_box=\box105
) (./presen.aux)
\openout1 = `presen.aux'.

LaTeX Font Info:    Checking defaults for OML/cmm/m/it on input line 107.
LaTeX Font Info:    ... okay on input line 107.
LaTeX Font Info:    Checking defaults for OMS/cmsy/m/n on input line 107.
LaTeX Font Info:    ... okay on input line 107.
LaTeX Font Info:    Checking defaults for OT1/cmr/m/n on input line 107.
LaTeX Font Info:    ... okay on input line 107.
LaTeX Font Info:    Checking defaults for T1/cmr/m/n on input line 107.
LaTeX Font Info:    ... okay on input line 107.
LaTeX Font Info:    Checking defaults for TS1/cmr/m/n on input line 107.
LaTeX Font Info:    ... okay on input line 107.
LaTeX Font Info:    Checking defaults for OMX/cmex/m/n on input line 107.
LaTeX Font Info:    ... okay on input line 107.
LaTeX Font Info:    Checking defaults for U/cmr/m/n on input line 107.
LaTeX Font Info:    ... okay on input line 107.
LaTeX Font Info:    Checking defaults for PD1/pdf/m/n on input line 107.
LaTeX Font Info:    ... okay on input line 107.
LaTeX Font Info:    Checking defaults for PU/pdf/m/n on input line 107.
LaTeX Font Info:    ... okay on input line 107.
(/usr/share/texmf-dist/tex/context/base/mkii/supp-pdf.mkii
[Loading MPS to PDF converter (version 2006.09.02).]
\scratchcounter=\count372
\scratchdimen=\dimen322
\scratchbox=\box106
\nofMPsegments=\count373
\nofMParguments=\count374
\everyMPshowfont=\toks63
\MPscratchCnt=\count375
\MPscratchDim=\dimen323
\MPnumerator=\count376
\makeMPintoPDFobject=\count377
\everyMPtoPDFconversion=\toks64
) (/usr/share/texmf-dist/tex/latex/epstopdf-pkg/epstopdf-base.sty
Package: epstopdf-base 2020-01-24 v2.11 Base part for package epstopdf
Package epstopdf-base Info: Redefining graphics rule for `.eps' on input line 4
85.

(/usr/share/texmf-dist/tex/latex/latexconfig/epstopdf-sys.cfg
File: epstopdf-sys.cfg 2010/07/13 v1.3 Configuration of (r)epstopdf for TeX Liv
e
))
Package caption Info: Begin \AtBeginDocument code.
Package caption Info: float package is loaded.
Package caption Info: hyperref package is loaded.
Package caption Info: rotating package is loaded.
Package caption Info: End \AtBeginDocument code.
Package hyperref Info: Link coloring OFF on input line 107.

(/usr/share/texmf-dist/tex/latex/hyperref/nameref.sty
Package: nameref 2021-04-02 v2.47 Cross-referencing by name of section

(/usr/share/texmf-dist/tex/latex/refcount/refcount.sty
Package: refcount 2019/12/15 v3.6 Data extraction from label references (HO)
)
(/usr/share/texmf-dist/tex/generic/gettitlestring/gettitlestring.sty
Package: gettitlestring 2019/12/15 v1.6 Cleanup title references (HO)
)
\c@section@level=\count378
)
LaTeX Info: Redefining \ref on input line 107.
LaTeX Info: Redefining \pageref on input line 107.
LaTeX Info: Redefining \nameref on input line 107.

(./presen.out) (./presen.out)
\@outlinefile=\write4
\openout4 = `presen.out'.


*geometry* driver: auto-detecting
*geometry* detected driver: pdftex
*geometry* verbose mode - [ preamble ] result:
* driver: pdftex
* paper: <default>
* layout: <same size as paper>
* layoutoffset:(h,v)=(0.0pt,0.0pt)
* modes: landscape 
* h-part:(L,W,R)=(40.0pt, 714.96999pt, 40.0pt)
* v-part:(T,H,B)=(25.0pt, 559.295pt, 30.0pt)
* \paperwidth=794.96999pt
* \paperheight=614.295pt
* \textwidth=714.96999pt
* \textheight=559.295pt
* \oddsidemargin=-32.26999pt
* \evensidemargin=-32.26999pt
* \topmargin=-47.26999pt
* \headheight=0.0pt
* \headsep=0.0pt
* \topskip=10.0pt
* \footskip=20.0pt
* \marginparwidth=144.0pt
* \marginparsep=11.0pt
* \columnsep=10.0pt
* \skip\footins=9.0pt plus 4.0pt minus 2.0pt
* \hoffset=0.0pt
* \voffset=0.0pt
* \mag=1000
* \@twocolumnfalse
* \@twosidefalse
* \@mparswitchfalse
* \@reversemarginfalse
* (1in=72.27pt=25.4mm, 1cm=28.453pt)

Package lastpage Info: Please have a look at the pageslts package at
(lastpage)             https://www.ctan.org/pkg/pageslts
(lastpage)             ! on input line 107.

Package pgfplots Warning: running in backwards compatibility mode (unsuitable t
ick labels; missing features). Consider writing \pgfplotsset{compat=1.18} into 
your preamble.
 on input line 107.

Package epstopdf Info: Source file: <figures/UPV-logo.eps>
(epstopdf)                    date: 2022-09-14 15:57:26
(epstopdf)                    size: 254057 bytes
(epstopdf)             Output file: <figures/UPV-logo-eps-converted-to.pdf>
(epstopdf)                    date: 2022-09-14 15:57:26
(epstopdf)                    size: 252614 bytes
(epstopdf)             Command: <repstopdf --outfile=figures/UPV-logo-eps-conve
rted-to.pdf figures/UPV-logo.eps>
(epstopdf)             \includegraphics on input line 117.
Package epstopdf Info: Output file is already uptodate.
<figures/UPV-logo-eps-converted-to.pdf, id=35, 387.4475pt x 136.51pt>
File: figures/UPV-logo-eps-converted-to.pdf Graphic file (type pdf)
<use figures/UPV-logo-eps-converted-to.pdf>
Package pdftex.def Info: figures/UPV-logo-eps-converted-to.pdf  used on input l
ine 117.
(pdftex.def)             Requested size: 238.10439pt x 83.89082pt.
(/usr/share/texmf-dist/tex/latex/amsfonts/umsa.fd)
(/usr/share/texmf-dist/tex/latex/amsfonts/umsb.fd)
(/usr/share/texmf-dist/tex/latex/amsfonts/ueur.fd)
Package epstopdf Info: Source file: <figures/MLLP_Brand.eps>
(epstopdf)                    date: 2022-09-14 15:57:26
(epstopdf)                    size: 1754741 bytes
(epstopdf)             Output file: <figures/MLLP_Brand-eps-converted-to.pdf>
(epstopdf)                    date: 2022-09-14 15:57:26
(epstopdf)                    size: 131085 bytes
(epstopdf)             Command: <repstopdf --outfile=figures/MLLP_Brand-eps-con
verted-to.pdf figures/MLLP_Brand.eps>
(epstopdf)             \includegraphics on input line 135.
Package epstopdf Info: Output file is already uptodate.
<figures/MLLP_Brand-eps-converted-to.pdf, id=36, 332.24126pt x 51.19125pt>
File: figures/MLLP_Brand-eps-converted-to.pdf Graphic file (type pdf)
<use figures/MLLP_Brand-eps-converted-to.pdf>
Package pdftex.def Info: figures/MLLP_Brand-eps-converted-to.pdf  used on input
 line 135.
(pdftex.def)             Requested size: 435.60423pt x 67.11266pt.
<figures/vrain.png, id=37, 225.84375pt x 104.64093pt>
File: figures/vrain.png Graphic file (type png)
<use figures/vrain.png>
Package pdftex.def Info: figures/vrain.png  used on input line 135.
(pdftex.def)             Requested size: 181.05774pt x 83.89082pt.
 [1


Non-PDF special ignored!
<special> papersize=297mm,210mm
Non-PDF special ignored!
<special> ! TeXDict begin /landplus90{true}store end 
{/var/lib/texmf/fonts/map/pdftex/updmap/pdftex.map} <./figures/UPV-logo-eps-con
verted-to.pdf> <./figures/MLLP_Brand-eps-converted-to.pdf> <./figures/vrain.png
>] (./presen.toc)
\tf@toc=\write5
\openout5 = `presen.toc'.

Package epstopdf Info: Source file: <figures//UPV-logo.eps>
(epstopdf)                    date: 2022-09-14 15:57:26
(epstopdf)                    size: 254057 bytes
(epstopdf)             Output file: <figures//UPV-logo-eps-converted-to.pdf>
(epstopdf)                    date: 2022-09-14 15:57:26
(epstopdf)                    size: 252614 bytes
(epstopdf)             Command: <repstopdf --outfile=figures//UPV-logo-eps-conv
erted-to.pdf figures//UPV-logo.eps>
(epstopdf)             \includegraphics on input line 181.
Package epstopdf Info: Output file is already uptodate.
<figures//UPV-logo-eps-converted-to.pdf, id=67, 387.4475pt x 136.51pt>
File: figures//UPV-logo-eps-converted-to.pdf Graphic file (type pdf)
<use figures//UPV-logo-eps-converted-to.pdf>
Package pdftex.def Info: figures//UPV-logo-eps-converted-to.pdf  used on input 
line 181.
(pdftex.def)             Requested size: 104.97876pt x 36.98857pt.
 [2

 <./figures//UPV-logo-eps-converted-to.pdf>]
LaTeX Font Info:    Trying to load font information for TS1+phv on input line 1
87.

(/usr/share/texmf-dist/tex/latex/psnfss/ts1phv.fd
File: ts1phv.fd 2020/03/25 scalable font definitions for TS1/phv.
)
Overfull \hbox (1.55232pt too wide) in paragraph at lines 188--189
[]\T1/phv/m/n/17.28 To learn and showcase the different components and processe
s involved in the development
 []

Package epstopdf Info: Source file: <figures//UPV-logo.eps>
(epstopdf)                    date: 2022-09-14 15:57:26
(epstopdf)                    size: 254057 bytes
(epstopdf)             Output file: <figures//UPV-logo-eps-converted-to.pdf>
(epstopdf)                    date: 2022-09-14 15:57:26
(epstopdf)                    size: 252614 bytes
(epstopdf)             Command: <repstopdf --outfile=figures//UPV-logo-eps-conv
erted-to.pdf figures//UPV-logo.eps>
(epstopdf)             \includegraphics on input line 199.
Package epstopdf Info: Output file is already uptodate.
File: figures//UPV-logo-eps-converted-to.pdf Graphic file (type pdf)
<use figures//UPV-logo-eps-converted-to.pdf>
Package pdftex.def Info: figures//UPV-logo-eps-converted-to.pdf  used on input 
line 199.
(pdftex.def)             Requested size: 104.97876pt x 36.98857pt.
[3

]
LaTeX Font Info:    Font shape `T1/phv/m/it' in size <17.28> not available
(Font)              Font shape `T1/phv/m/sl' tried instead on input line 213.
Package epstopdf Info: Source file: <figures//UPV-logo.eps>
(epstopdf)                    date: 2022-09-14 15:57:26
(epstopdf)                    size: 254057 bytes
(epstopdf)             Output file: <figures//UPV-logo-eps-converted-to.pdf>
(epstopdf)                    date: 2022-09-14 15:57:26
(epstopdf)                    size: 252614 bytes
(epstopdf)             Command: <repstopdf --outfile=figures//UPV-logo-eps-conv
erted-to.pdf figures//UPV-logo.eps>
(epstopdf)             \includegraphics on input line 222.
Package epstopdf Info: Output file is already uptodate.
File: figures//UPV-logo-eps-converted-to.pdf Graphic file (type pdf)
<use figures//UPV-logo-eps-converted-to.pdf>
Package pdftex.def Info: figures//UPV-logo-eps-converted-to.pdf  used on input 
line 222.
(pdftex.def)             Requested size: 104.97876pt x 36.98857pt.
 [4

]
Underfull \hbox (badness 5756) in paragraph at lines 229--230
[]\T1/phv/m/n/17.28 Deep learning architecture
 []


Underfull \hbox (badness 10000) in paragraph at lines 229--230
\T1/phv/m/n/17.28 based on the \T1/phv/m/sl/17.28 attention
 []


Underfull \hbox (badness 10000) in paragraph at lines 231--232
[]\T1/phv/m/n/17.28 Softmax giving output
 []


Underfull \hbox (badness 10000) in paragraph at lines 231--232
\T1/phv/m/n/17.28 probabilities from which
 []

<../memoria/resources/transformer.png, id=95, 588.1975pt x 820.06375pt>
File: ../memoria/resources/transformer.png Graphic file (type png)
<use ../memoria/resources/transformer.png>
Package pdftex.def Info: ../memoria/resources/transformer.png  used on input li
ne 237.
(pdftex.def)             Requested size: 294.09802pt x 410.03087pt.
Package epstopdf Info: Source file: <figures//UPV-logo.eps>
(epstopdf)                    date: 2022-09-14 15:57:26
(epstopdf)                    size: 254057 bytes
(epstopdf)             Output file: <figures//UPV-logo-eps-converted-to.pdf>
(epstopdf)                    date: 2022-09-14 15:57:26
(epstopdf)                    size: 252614 bytes
(epstopdf)             Command: <repstopdf --outfile=figures//UPV-logo-eps-conv
erted-to.pdf figures//UPV-logo.eps>
(epstopdf)             \includegraphics on input line 244.
Package epstopdf Info: Output file is already uptodate.
File: figures//UPV-logo-eps-converted-to.pdf Graphic file (type pdf)
<use figures//UPV-logo-eps-converted-to.pdf>
Package pdftex.def Info: figures//UPV-logo-eps-converted-to.pdf  used on input 
line 244.
(pdftex.def)             Requested size: 104.97876pt x 36.98857pt.
[5

 <../memoria/resources/transformer.png>]
LaTeX Font Info:    Font shape `T1/phv/b/it' in size <17.28> not available
(Font)              Font shape `T1/phv/b/sl' tried instead on input line 253.
Package epstopdf Info: Source file: <figures//UPV-logo.eps>
(epstopdf)                    date: 2022-09-14 15:57:26
(epstopdf)                    size: 254057 bytes
(epstopdf)             Output file: <figures//UPV-logo-eps-converted-to.pdf>
(epstopdf)                    date: 2022-09-14 15:57:26
(epstopdf)                    size: 252614 bytes
(epstopdf)             Command: <repstopdf --outfile=figures//UPV-logo-eps-conv
erted-to.pdf figures//UPV-logo.eps>
(epstopdf)             \includegraphics on input line 278.
Package epstopdf Info: Output file is already uptodate.
File: figures//UPV-logo-eps-converted-to.pdf Graphic file (type pdf)
<use figures//UPV-logo-eps-converted-to.pdf>
Package pdftex.def Info: figures//UPV-logo-eps-converted-to.pdf  used on input 
line 278.
(pdftex.def)             Requested size: 104.97876pt x 36.98857pt.
 [6

]
Package epstopdf Info: Source file: <figures//UPV-logo.eps>
(epstopdf)                    date: 2022-09-14 15:57:26
(epstopdf)                    size: 254057 bytes
(epstopdf)             Output file: <figures//UPV-logo-eps-converted-to.pdf>
(epstopdf)                    date: 2022-09-14 15:57:26
(epstopdf)                    size: 252614 bytes
(epstopdf)             Command: <repstopdf --outfile=figures//UPV-logo-eps-conv
erted-to.pdf figures//UPV-logo.eps>
(epstopdf)             \includegraphics on input line 332.
Package epstopdf Info: Output file is already uptodate.
File: figures//UPV-logo-eps-converted-to.pdf Graphic file (type pdf)
<use figures//UPV-logo-eps-converted-to.pdf>
Package pdftex.def Info: figures//UPV-logo-eps-converted-to.pdf  used on input 
line 332.
(pdftex.def)             Requested size: 104.97876pt x 36.98857pt.
 [7

]
Package epstopdf Info: Source file: <figures//UPV-logo.eps>
(epstopdf)                    date: 2022-09-14 15:57:26
(epstopdf)                    size: 254057 bytes
(epstopdf)             Output file: <figures//UPV-logo-eps-converted-to.pdf>
(epstopdf)                    date: 2022-09-14 15:57:26
(epstopdf)                    size: 252614 bytes
(epstopdf)             Command: <repstopdf --outfile=figures//UPV-logo-eps-conv
erted-to.pdf figures//UPV-logo.eps>
(epstopdf)             \includegraphics on input line 374.
Package epstopdf Info: Output file is already uptodate.
File: figures//UPV-logo-eps-converted-to.pdf Graphic file (type pdf)
<use figures//UPV-logo-eps-converted-to.pdf>
Package pdftex.def Info: figures//UPV-logo-eps-converted-to.pdf  used on input 
line 374.
(pdftex.def)             Requested size: 104.97876pt x 36.98857pt.
 [8

]
Package epstopdf Info: Source file: <figures//UPV-logo.eps>
(epstopdf)                    date: 2022-09-14 15:57:26
(epstopdf)                    size: 254057 bytes
(epstopdf)             Output file: <figures//UPV-logo-eps-converted-to.pdf>
(epstopdf)                    date: 2022-09-14 15:57:26
(epstopdf)                    size: 252614 bytes
(epstopdf)             Command: <repstopdf --outfile=figures//UPV-logo-eps-conv
erted-to.pdf figures//UPV-logo.eps>
(epstopdf)             \includegraphics on input line 411.
Package epstopdf Info: Output file is already uptodate.
File: figures//UPV-logo-eps-converted-to.pdf Graphic file (type pdf)
<use figures//UPV-logo-eps-converted-to.pdf>
Package pdftex.def Info: figures//UPV-logo-eps-converted-to.pdf  used on input 
line 411.
(pdftex.def)             Requested size: 104.97876pt x 36.98857pt.
 [9

]
Package epstopdf Info: Source file: <figures//UPV-logo.eps>
(epstopdf)                    date: 2022-09-14 15:57:26
(epstopdf)                    size: 254057 bytes
(epstopdf)             Output file: <figures//UPV-logo-eps-converted-to.pdf>
(epstopdf)                    date: 2022-09-14 15:57:26
(epstopdf)                    size: 252614 bytes
(epstopdf)             Command: <repstopdf --outfile=figures//UPV-logo-eps-conv
erted-to.pdf figures//UPV-logo.eps>
(epstopdf)             \includegraphics on input line 426.
Package epstopdf Info: Output file is already uptodate.
File: figures//UPV-logo-eps-converted-to.pdf Graphic file (type pdf)
<use figures//UPV-logo-eps-converted-to.pdf>
Package pdftex.def Info: figures//UPV-logo-eps-converted-to.pdf  used on input 
line 426.
(pdftex.def)             Requested size: 104.97876pt x 36.98857pt.
 [10

]
<../memoria/resources/pipelinev3.png, id=144, 462.72874pt x 584.1825pt>
File: ../memoria/resources/pipelinev3.png Graphic file (type png)
<use ../memoria/resources/pipelinev3.png>
Package pdftex.def Info: ../memoria/resources/pipelinev3.png  used on input lin
e 431.
(pdftex.def)             Requested size: 347.0457pt x 438.13579pt.
Package epstopdf Info: Source file: <figures//UPV-logo.eps>
(epstopdf)                    date: 2022-09-14 15:57:26
(epstopdf)                    size: 254057 bytes
(epstopdf)             Output file: <figures//UPV-logo-eps-converted-to.pdf>
(epstopdf)                    date: 2022-09-14 15:57:26
(epstopdf)                    size: 252614 bytes
(epstopdf)             Command: <repstopdf --outfile=figures//UPV-logo-eps-conv
erted-to.pdf figures//UPV-logo.eps>
(epstopdf)             \includegraphics on input line 434.
Package epstopdf Info: Output file is already uptodate.
File: figures//UPV-logo-eps-converted-to.pdf Graphic file (type pdf)
<use figures//UPV-logo-eps-converted-to.pdf>
Package pdftex.def Info: figures//UPV-logo-eps-converted-to.pdf  used on input 
line 434.
(pdftex.def)             Requested size: 104.97876pt x 36.98857pt.
 [11

 <../memoria/resources/pipelineV3.png>]
Package epstopdf Info: Source file: <figures//UPV-logo.eps>
(epstopdf)                    date: 2022-09-14 15:57:26
(epstopdf)                    size: 254057 bytes
(epstopdf)             Output file: <figures//UPV-logo-eps-converted-to.pdf>
(epstopdf)                    date: 2022-09-14 15:57:26
(epstopdf)                    size: 252614 bytes
(epstopdf)             Command: <repstopdf --outfile=figures//UPV-logo-eps-conv
erted-to.pdf figures//UPV-logo.eps>
(epstopdf)             \includegraphics on input line 469.
Package epstopdf Info: Output file is already uptodate.
File: figures//UPV-logo-eps-converted-to.pdf Graphic file (type pdf)
<use figures//UPV-logo-eps-converted-to.pdf>
Package pdftex.def Info: figures//UPV-logo-eps-converted-to.pdf  used on input 
line 469.
(pdftex.def)             Requested size: 104.97876pt x 36.98857pt.
 [12

]
Package epstopdf Info: Source file: <figures//UPV-logo.eps>
(epstopdf)                    date: 2022-09-14 15:57:26
(epstopdf)                    size: 254057 bytes
(epstopdf)             Output file: <figures//UPV-logo-eps-converted-to.pdf>
(epstopdf)                    date: 2022-09-14 15:57:26
(epstopdf)                    size: 252614 bytes
(epstopdf)             Command: <repstopdf --outfile=figures//UPV-logo-eps-conv
erted-to.pdf figures//UPV-logo.eps>
(epstopdf)             \includegraphics on input line 500.
Package epstopdf Info: Output file is already uptodate.
File: figures//UPV-logo-eps-converted-to.pdf Graphic file (type pdf)
<use figures//UPV-logo-eps-converted-to.pdf>
Package pdftex.def Info: figures//UPV-logo-eps-converted-to.pdf  used on input 
line 500.
(pdftex.def)             Requested size: 104.97876pt x 36.98857pt.
 [13

]
Package epstopdf Info: Source file: <figures//UPV-logo.eps>
(epstopdf)                    date: 2022-09-14 15:57:26
(epstopdf)                    size: 254057 bytes
(epstopdf)             Output file: <figures//UPV-logo-eps-converted-to.pdf>
(epstopdf)                    date: 2022-09-14 15:57:26
(epstopdf)                    size: 252614 bytes
(epstopdf)             Command: <repstopdf --outfile=figures//UPV-logo-eps-conv
erted-to.pdf figures//UPV-logo.eps>
(epstopdf)             \includegraphics on input line 515.
Package epstopdf Info: Output file is already uptodate.
File: figures//UPV-logo-eps-converted-to.pdf Graphic file (type pdf)
<use figures//UPV-logo-eps-converted-to.pdf>
Package pdftex.def Info: figures//UPV-logo-eps-converted-to.pdf  used on input 
line 515.
(pdftex.def)             Requested size: 104.97876pt x 36.98857pt.
 [14

]
<../memoria/resources/CN21_bleu.png, id=180, 462.528pt x 346.896pt>
File: ../memoria/resources/CN21_bleu.png Graphic file (type png)
<use ../memoria/resources/CN21_bleu.png>
Package pdftex.def Info: ../memoria/resources/CN21_bleu.png  used on input line
 519.
(pdftex.def)             Requested size: 393.15065pt x 294.86298pt.
Package epstopdf Info: Source file: <figures//UPV-logo.eps>
(epstopdf)                    date: 2022-09-14 15:57:26
(epstopdf)                    size: 254057 bytes
(epstopdf)             Output file: <figures//UPV-logo-eps-converted-to.pdf>
(epstopdf)                    date: 2022-09-14 15:57:26
(epstopdf)                    size: 252614 bytes
(epstopdf)             Command: <repstopdf --outfile=figures//UPV-logo-eps-conv
erted-to.pdf figures//UPV-logo.eps>
(epstopdf)             \includegraphics on input line 541.
Package epstopdf Info: Output file is already uptodate.
File: figures//UPV-logo-eps-converted-to.pdf Graphic file (type pdf)
<use figures//UPV-logo-eps-converted-to.pdf>
Package pdftex.def Info: figures//UPV-logo-eps-converted-to.pdf  used on input 
line 541.
(pdftex.def)             Requested size: 104.97876pt x 36.98857pt.
 [15

 <../memoria/resources/CN21_bleu.png>]
LaTeX Font Info:    Font shape `T1/phv/m/it' in size <20.74> not available
(Font)              Font shape `T1/phv/m/sl' tried instead on input line 569.
Package epstopdf Info: Source file: <figures//UPV-logo.eps>
(epstopdf)                    date: 2022-09-14 15:57:26
(epstopdf)                    size: 254057 bytes
(epstopdf)             Output file: <figures//UPV-logo-eps-converted-to.pdf>
(epstopdf)                    date: 2022-09-14 15:57:26
(epstopdf)                    size: 252614 bytes
(epstopdf)             Command: <repstopdf --outfile=figures//UPV-logo-eps-conv
erted-to.pdf figures//UPV-logo.eps>
(epstopdf)             \includegraphics on input line 576.
Package epstopdf Info: Output file is already uptodate.
File: figures//UPV-logo-eps-converted-to.pdf Graphic file (type pdf)
<use figures//UPV-logo-eps-converted-to.pdf>
Package pdftex.def Info: figures//UPV-logo-eps-converted-to.pdf  used on input 
line 576.
(pdftex.def)             Requested size: 104.97876pt x 36.98857pt.
 [16

]

pdfTeX warning: pdflatex (file ./figures/elbayad2020-waitk.pdf): PDF inclusion:
 found PDF version <1.7>, but at most version <1.5> allowed
<figures/elbayad2020-waitk.pdf, id=199, 201.12408pt x 103.64185pt>
File: figures/elbayad2020-waitk.pdf Graphic file (type pdf)
<use figures/elbayad2020-waitk.pdf>
Package pdftex.def Info: figures/elbayad2020-waitk.pdf  used on input line 590.

(pdftex.def)             Requested size: 488.58185pt x 223.53821pt.
Package epstopdf Info: Source file: <figures//UPV-logo.eps>
(epstopdf)                    date: 2022-09-14 15:57:26
(epstopdf)                    size: 254057 bytes
(epstopdf)             Output file: <figures//UPV-logo-eps-converted-to.pdf>
(epstopdf)                    date: 2022-09-14 15:57:26
(epstopdf)                    size: 252614 bytes
(epstopdf)             Command: <repstopdf --outfile=figures//UPV-logo-eps-conv
erted-to.pdf figures//UPV-logo.eps>
(epstopdf)             \includegraphics on input line 599.
Package epstopdf Info: Output file is already uptodate.
File: figures//UPV-logo-eps-converted-to.pdf Graphic file (type pdf)
<use figures//UPV-logo-eps-converted-to.pdf>
Package pdftex.def Info: figures//UPV-logo-eps-converted-to.pdf  used on input 
line 599.
(pdftex.def)             Requested size: 104.97876pt x 36.98857pt.
[17

 <./figures/elbayad2020-waitk.pdf>]
Package epstopdf Info: Source file: <figures//UPV-logo.eps>
(epstopdf)                    date: 2022-09-14 15:57:26
(epstopdf)                    size: 254057 bytes
(epstopdf)             Output file: <figures//UPV-logo-eps-converted-to.pdf>
(epstopdf)                    date: 2022-09-14 15:57:26
(epstopdf)                    size: 252614 bytes
(epstopdf)             Command: <repstopdf --outfile=figures//UPV-logo-eps-conv
erted-to.pdf figures//UPV-logo.eps>
(epstopdf)             \includegraphics on input line 623.
Package epstopdf Info: Output file is already uptodate.
File: figures//UPV-logo-eps-converted-to.pdf Graphic file (type pdf)
<use figures//UPV-logo-eps-converted-to.pdf>
Package pdftex.def Info: figures//UPV-logo-eps-converted-to.pdf  used on input 
line 623.
(pdftex.def)             Requested size: 104.97876pt x 36.98857pt.
 [18

]
<../memoria/resources/onlineres.png, id=302, 462.528pt x 346.896pt>
File: ../memoria/resources/onlineres.png Graphic file (type png)
<use ../memoria/resources/onlineres.png>
Package pdftex.def Info: ../memoria/resources/onlineres.png  used on input line
 631.
(pdftex.def)             Requested size: 370.02289pt x 277.51717pt.

Overfull \hbox (12.5379pt too wide) in paragraph at lines 631--632
 [][] 
 []

<../memoria/resources/onlineresCN.png, id=303, 462.528pt x 346.896pt>
File: ../memoria/resources/onlineresCN.png Graphic file (type png)
<use ../memoria/resources/onlineresCN.png>
Package pdftex.def Info: ../memoria/resources/onlineresCN.png  used on input li
ne 635.
(pdftex.def)             Requested size: 370.02289pt x 277.51717pt.

Overfull \hbox (12.5379pt too wide) in paragraph at lines 635--636
 [][] 
 []


Overfull \hbox (4.39685pt too wide) in paragraph at lines 629--637
[][] [] 
 []

Package epstopdf Info: Source file: <figures//UPV-logo.eps>
(epstopdf)                    date: 2022-09-14 15:57:26
(epstopdf)                    size: 254057 bytes
(epstopdf)             Output file: <figures//UPV-logo-eps-converted-to.pdf>
(epstopdf)                    date: 2022-09-14 15:57:26
(epstopdf)                    size: 252614 bytes
(epstopdf)             Command: <repstopdf --outfile=figures//UPV-logo-eps-conv
erted-to.pdf figures//UPV-logo.eps>
(epstopdf)             \includegraphics on input line 659.
Package epstopdf Info: Output file is already uptodate.
File: figures//UPV-logo-eps-converted-to.pdf Graphic file (type pdf)
<use figures//UPV-logo-eps-converted-to.pdf>
Package pdftex.def Info: figures//UPV-logo-eps-converted-to.pdf  used on input 
line 659.
(pdftex.def)             Requested size: 104.97876pt x 36.98857pt.
[19

 <../memoria/resources/onlineres.png> <../memoria/resources/onlineresCN.png>]
Package epstopdf Info: Source file: <figures//UPV-logo.eps>
(epstopdf)                    date: 2022-09-14 15:57:26
(epstopdf)                    size: 254057 bytes
(epstopdf)             Output file: <figures//UPV-logo-eps-converted-to.pdf>
(epstopdf)                    date: 2022-09-14 15:57:26
(epstopdf)                    size: 252614 bytes
(epstopdf)             Command: <repstopdf --outfile=figures//UPV-logo-eps-conv
erted-to.pdf figures//UPV-logo.eps>
(epstopdf)             \includegraphics on input line 683.
Package epstopdf Info: Output file is already uptodate.
File: figures//UPV-logo-eps-converted-to.pdf Graphic file (type pdf)
<use figures//UPV-logo-eps-converted-to.pdf>
Package pdftex.def Info: figures//UPV-logo-eps-converted-to.pdf  used on input 
line 683.
(pdftex.def)             Requested size: 104.97876pt x 36.98857pt.
 [20

]
Package epstopdf Info: Source file: <figures/UPV-logo.eps>
(epstopdf)                    date: 2022-09-14 15:57:26
(epstopdf)                    size: 254057 bytes
(epstopdf)             Output file: <figures/UPV-logo-eps-converted-to.pdf>
(epstopdf)                    date: 2022-09-14 15:57:26
(epstopdf)                    size: 252614 bytes
(epstopdf)             Command: <repstopdf --outfile=figures/UPV-logo-eps-conve
rted-to.pdf figures/UPV-logo.eps>
(epstopdf)             \includegraphics on input line 688.
Package epstopdf Info: Output file is already uptodate.
File: figures/UPV-logo-eps-converted-to.pdf Graphic file (type pdf)
<use figures/UPV-logo-eps-converted-to.pdf>
Package pdftex.def Info: figures/UPV-logo-eps-converted-to.pdf  used on input l
ine 688.
(pdftex.def)             Requested size: 238.10439pt x 83.89082pt.
Package epstopdf Info: Source file: <figures/MLLP_Brand.eps>
(epstopdf)                    date: 2022-09-14 15:57:26
(epstopdf)                    size: 1754741 bytes
(epstopdf)             Output file: <figures/MLLP_Brand-eps-converted-to.pdf>
(epstopdf)                    date: 2022-09-14 15:57:26
(epstopdf)                    size: 131085 bytes
(epstopdf)             Command: <repstopdf --outfile=figures/MLLP_Brand-eps-con
verted-to.pdf figures/MLLP_Brand.eps>
(epstopdf)             \includegraphics on input line 706.
Package epstopdf Info: Output file is already uptodate.
File: figures/MLLP_Brand-eps-converted-to.pdf Graphic file (type pdf)
<use figures/MLLP_Brand-eps-converted-to.pdf>
Package pdftex.def Info: figures/MLLP_Brand-eps-converted-to.pdf  used on input
 line 706.
(pdftex.def)             Requested size: 435.60423pt x 67.11266pt.
File: figures/vrain.png Graphic file (type png)
<use figures/vrain.png>
Package pdftex.def Info: figures/vrain.png  used on input line 706.
(pdftex.def)             Requested size: 181.05774pt x 83.89082pt.
 [21

]
<../memoria/resources/encode.png, id=328, 290.08376pt x 564.1075pt>
File: ../memoria/resources/encode.png Graphic file (type png)
<use ../memoria/resources/encode.png>
Package pdftex.def Info: ../memoria/resources/encode.png  used on input line 72
8.
(pdftex.def)             Requested size: 170.71857pt x 341.43672pt.
<../memoria/resources/decode.png, id=329, 329.23pt x 894.34125pt>
File: ../memoria/resources/decode.png Graphic file (type png)
<use ../memoria/resources/decode.png>
Package pdftex.def Info: ../memoria/resources/decode.png  used on input line 73
0.
(pdftex.def)             Requested size: 199.1722pt x 398.34224pt.
 [22

 <../memoria/resources/encode.png> <../memoria/resources/decode.png>] [23


pdfTeX warning (ext4): destination with the same identifier (name{equation.7.1}
) has been already used, duplicate ignored
<argument> ...shipout:D \box_use:N \l_shipout_box 
                                                  \__shipout_drop_firstpage_...
l.763 \cp
         
pdfTeX warning (ext4): destination with the same identifier (name{equation.7.1}
) has been already used, duplicate ignored
<argument> ...shipout:D \box_use:N \l_shipout_box 
                                                  \__shipout_drop_firstpage_...
l.763 \cp
         ]
pdfTeX warning (ext4): destination with the same identifier (name{equation.7.1}
) has been already used, duplicate ignored
<to be read again> 
                   \relax 
l.773 \begin{equation}
                      \nonumber
pdfTeX warning (ext4): destination with the same identifier (name{equation.7.1}
) has been already used, duplicate ignored
<to be read again> 
                   \relax 
l.773 \begin{equation}
                      \nonumber
pdfTeX warning (ext4): destination with the same identifier (name{equation.7.1}
) has been already used, duplicate ignored
<to be read again> 
                   \relax 
l.773 \begin{equation}
                      \nonumber
pdfTeX warning (ext4): destination with the same identifier (name{equation.7.1}
) has been already used, duplicate ignored
<to be read again> 
                   \relax 
l.773 \begin{equation}
                      \nonumber
pdfTeX warning (ext4): destination with the same identifier (name{equation.7.1}
) has been already used, duplicate ignored
<to be read again> 
                   \relax 
l.779 \begin{equation}
                      \nonumber
pdfTeX warning (ext4): destination with the same identifier (name{equation.7.1}
) has been already used, duplicate ignored
<to be read again> 
                   \relax 
l.779 \begin{equation}
                      \nonumber
pdfTeX warning (ext4): destination with the same identifier (name{equation.7.1}
) has been already used, duplicate ignored
<to be read again> 
                   \relax 
l.779 \begin{equation}
                      \nonumber
pdfTeX warning (ext4): destination with the same identifier (name{equation.7.1}
) has been already used, duplicate ignored
<to be read again> 
                   \relax 
l.779 \begin{equation}
                      \nonumber [24

] 
AED: lastpage setting LastPage
[25

] (./presen.aux)

LaTeX Warning: Label(s) may have changed. Rerun to get cross-references right.

Package rerunfilecheck Info: File `presen.out' has not changed.
(rerunfilecheck)             Checksum: 85CC369BDC72E8188AD1C039E1D30447;835.
 ) 
Here is how much of TeX's memory you used:
 40762 strings out of 478238
 928099 string characters out of 5850456
 1332333 words of memory out of 5000000
 58114 multiletter control sequences out of 15000+600000
 514961 words of font info for 92 fonts, out of 8000000 for 9000
 1141 hyphenation exceptions out of 8191
 84i,15n,94p,988b,609s stack positions out of 5000i,500n,10000p,200000b,80000s
{/usr/share/texmf-dist/fonts/enc/dvips/base/8r.enc}</usr/share/texmf-dist/fon
ts/type1/public/amsfonts/cm/cmbx12.pfb></usr/share/texmf-dist/fonts/type1/publi
c/amsfonts/cm/cmex10.pfb></usr/share/texmf-dist/fonts/type1/public/amsfonts/cm/
cmmi10.pfb></usr/share/texmf-dist/fonts/type1/public/amsfonts/cm/cmmi12.pfb></u
sr/share/texmf-dist/fonts/type1/public/amsfonts/cm/cmmi9.pfb></usr/share/texmf-
dist/fonts/type1/public/amsfonts/cm/cmr12.pfb></usr/share/texmf-dist/fonts/type
1/public/amsfonts/cm/cmr17.pfb></usr/share/texmf-dist/fonts/type1/public/amsfon
ts/cm/cmsy10.pfb></usr/share/texmf-dist/fonts/type1/public/amsfonts/cm/cmsy9.pf
b></usr/share/texmf-dist/fonts/type1/public/amsfonts/symbols/msbm10.pfb></usr/s
hare/texmf-dist/fonts/type1/urw/courier/ucrr8a.pfb></usr/share/texmf-dist/fonts
/type1/urw/helvetic/uhvb8a.pfb></usr/share/texmf-dist/fonts/type1/urw/helvetic/
uhvbo8a.pfb></usr/share/texmf-dist/fonts/type1/urw/helvetic/uhvr8a.pfb></usr/sh
are/texmf-dist/fonts/type1/urw/helvetic/uhvro8a.pfb></usr/share/texmf-dist/font
s/type1/urw/times/utmb8a.pfb></usr/share/texmf-dist/fonts/type1/urw/times/utmr8
a.pfb></usr/share/texmf-dist/fonts/type1/urw/times/utmri8a.pfb>
Output written on presen.pdf (25 pages, 1058873 bytes).
PDF statistics:
 448 PDF objects out of 1000 (max. 8388607)
 357 compressed objects within 4 object streams
 100 named destinations out of 1000 (max. 500000)
 135 words of extra memory for PDF output out of 10000 (max. 10000000)

