This is pdfTeX, Version 3.141592653-2.6-1.40.24 (TeX Live 2022/Arch Linux) (preloaded format=pdflatex 2022.5.13)  18 SEP 2022 17:47
entering extended mode
 restricted \write18 enabled.
 %&-line parsing enabled.
**memoria.tex
(./memoria.tex
LaTeX2e <2021-11-15> patch level 1
L3 programming layer <2022-04-10> (./tfgetsinf.cls
Document Class: tfgetsinf 2015/05/04 v1 LaTeX document class
(/usr/share/texmf-dist/tex/latex/base/book.cls
Document Class: book 2021/10/04 v1.4n Standard LaTeX document class
(/usr/share/texmf-dist/tex/latex/base/bk11.clo
File: bk11.clo 2021/10/04 v1.4n Standard LaTeX file (size option)
)
\c@part=\count185
\c@chapter=\count186
\c@section=\count187
\c@subsection=\count188
\c@subsubsection=\count189
\c@paragraph=\count190
\c@subparagraph=\count191
\c@figure=\count192
\c@table=\count193
\abovecaptionskip=\skip47
\belowcaptionskip=\skip48
\bibindent=\dimen138
)
(/usr/share/texmf-dist/tex/latex/base/fontenc.sty
Package: fontenc 2021/04/29 v2.0v Standard LaTeX package
)
(/usr/share/texmf-dist/tex/generic/babel/babel.sty
Package: babel 2022/02/26 3.73 The Babel package
\babel@savecnt=\count194
\U@D=\dimen139
\l@unhyphenated=\language87

(/usr/share/texmf-dist/tex/generic/babel/txtbabel.def)
\bbl@readstream=\read2
\bbl@dirlevel=\count195
Package babel Info: Main language set with 'main='. Except if you have
(babel)             problems, prefer the default mechanism for setting
(babel)             the main language. Reported on input line 4219.

(/usr/share/texmf-dist/tex/generic/babel-spanish/spanish.ldf
Language: spanish.ldf 2021/05/27 v5.0q Spanish support from the babel system
\es@quottoks=\toks16
\es@quotdepth=\count196
Package babel Info: Making " an active character on input line 570.
Package babel Info: Making . an active character on input line 675.
Package babel Info: Making < an active character on input line 722.
Package babel Info: Making > an active character on input line 722.
)
(/usr/share/texmf-dist/tex/generic/babel-catalan/catalan.ldf
Language: catalan 2005/03/29 v2.2p Catalan support from the babel system
\leftllkern=\dimen140
\rightllkern=\dimen141
\raiselldim=\dimen142
)
(/usr/share/texmf-dist/tex/generic/babel-english/english.ldf
Language: english 2017/06/06 v3.3r English support from the babel system
Package babel Info: Hyphen rules for 'canadian' set to \l@english
(babel)             (\language0). Reported on input line 102.
Package babel Info: Hyphen rules for 'australian' set to \l@ukenglish
(babel)             (\language21). Reported on input line 105.
Package babel Info: Hyphen rules for 'newzealand' set to \l@ukenglish
(babel)             (\language21). Reported on input line 108.
))
(/usr/share/texmf-dist/tex/latex/psnfss/mathpazo.sty
Package: mathpazo 2020/03/25 PSNFSS-v9.3 Palatino w/ Pazo Math (D.Puga, WaS) 
\symupright=\mathgroup4
)
(/usr/share/texmf-dist/tex/latex/geometry/geometry.sty
Package: geometry 2020/01/02 v5.9 Page Geometry

(/usr/share/texmf-dist/tex/latex/graphics/keyval.sty
Package: keyval 2014/10/28 v1.15 key=value parser (DPC)
\KV@toks@=\toks17
)
(/usr/share/texmf-dist/tex/generic/iftex/ifvtex.sty
Package: ifvtex 2019/10/25 v1.7 ifvtex legacy package. Use iftex instead.

(/usr/share/texmf-dist/tex/generic/iftex/iftex.sty
Package: iftex 2022/02/03 v1.0f TeX engine tests
))
\Gm@cnth=\count197
\Gm@cntv=\count198
\c@Gm@tempcnt=\count199
\Gm@bindingoffset=\dimen143
\Gm@wd@mp=\dimen144
\Gm@odd@mp=\dimen145
\Gm@even@mp=\dimen146
\Gm@layoutwidth=\dimen147
\Gm@layoutheight=\dimen148
\Gm@layouthoffset=\dimen149
\Gm@layoutvoffset=\dimen150
\Gm@dimlist=\toks18
)
(/usr/share/texmf-dist/tex/latex/url/url.sty
\Urlmuskip=\muskip16
Package: url 2013/09/16  ver 3.4  Verb mode for urls, etc.
)
(/usr/share/texmf-dist/tex/latex/tocbibind/tocbibind.sty
Package: tocbibind 2010/10/13 v1.5k extra ToC listings
Package tocbibind Info: The document has chapter divisions on input line 50.


Package tocbibind Note: Using chapter style headings, unless overridden.

) (/usr/share/texmf-dist/tex/latex/xcolor/xcolor.sty
Package: xcolor 2021/10/31 v2.13 LaTeX color extensions (UK)

(/usr/share/texmf-dist/tex/latex/graphics-cfg/color.cfg
File: color.cfg 2016/01/02 v1.6 sample color configuration
)
Package xcolor Info: Driver file: pdftex.def on input line 227.

(/usr/share/texmf-dist/tex/latex/graphics-def/pdftex.def
File: pdftex.def 2020/10/05 v1.2a Graphics/color driver for pdftex
)
Package xcolor Info: Model `cmy' substituted by `cmy0' on input line 1352.
Package xcolor Info: Model `hsb' substituted by `rgb' on input line 1356.
Package xcolor Info: Model `RGB' extended on input line 1368.
Package xcolor Info: Model `HTML' substituted by `rgb' on input line 1370.
Package xcolor Info: Model `Hsb' substituted by `hsb' on input line 1371.
Package xcolor Info: Model `tHsb' substituted by `hsb' on input line 1372.
Package xcolor Info: Model `HSB' substituted by `hsb' on input line 1373.
Package xcolor Info: Model `Gray' substituted by `gray' on input line 1374.
Package xcolor Info: Model `wave' substituted by `hsb' on input line 1375.
)
(/usr/share/texmf-dist/tex/latex/caption/caption.sty
Package: caption 2022/03/01 v3.6b Customizing captions (AR)

(/usr/share/texmf-dist/tex/latex/caption/caption3.sty
Package: caption3 2022/03/17 v2.3b caption3 kernel (AR)
\caption@tempdima=\dimen151
\captionmargin=\dimen152
\caption@leftmargin=\dimen153
\caption@rightmargin=\dimen154
\caption@width=\dimen155
\caption@indent=\dimen156
\caption@parindent=\dimen157
\caption@hangindent=\dimen158
Package caption Info: Standard document class detected.
)
\c@caption@flags=\count266
\c@continuedfloat=\count267
)
(/usr/share/texmf-dist/tex/latex/algorithms/algorithmic.sty
Package: algorithmic 2009/08/24 v0.1 Document Style `algorithmic'

(/usr/share/texmf-dist/tex/latex/base/ifthen.sty
Package: ifthen 2020/11/24 v1.1c Standard LaTeX ifthen package (DPC)
)
\c@ALC@unique=\count268
\c@ALC@line=\count269
\c@ALC@rem=\count270
\c@ALC@depth=\count271
\ALC@tlm=\skip49
\algorithmicindent=\skip50
)
(/usr/share/texmf-dist/tex/latex/newfloat/newfloat.sty
Package: newfloat 2019/09/02 v1.1l Defining new floating environments (AR)
Package newfloat Info: Document class `book' detected.
)
Package newfloat Info: New float `algorithm' with options `fileext=loa, listnam
e=\'Index d'algorismes,name=Algorisme' on input line 162.
\c@algorithm=\count272
\newfloat@ftype=\count273
Package newfloat Info: float type `algorithm'=8 on input line 162.
Package newfloat Info: \algorithmname is already defined on input line 162.
Package newfloat Info: \listalgorithmname is already defined on input line 162.

Package newfloat Info: New float `quadre' with options `fileext=loq, listname=\
'Index de quadres,name=Quadre' on input line 167.
\c@quadre=\count274
Package newfloat Info: float type `quadre'=16 on input line 167.
Package newfloat Info: \quadrename is already defined on input line 167.
Package newfloat Info: \listquadrename is already defined on input line 167.

(/usr/share/texmf-dist/tex/latex/listings/listings.sty
\lst@mode=\count275
\lst@gtempboxa=\box50
\lst@token=\toks19
\lst@length=\count276
\lst@currlwidth=\dimen159
\lst@column=\count277
\lst@pos=\count278
\lst@lostspace=\dimen160
\lst@width=\dimen161
\lst@newlines=\count279
\lst@lineno=\count280
\lst@maxwidth=\dimen162

(/usr/share/texmf-dist/tex/latex/listings/lstmisc.sty
File: lstmisc.sty 2020/03/24 1.8d (Carsten Heinz)
\c@lstnumber=\count281
\lst@skipnumbers=\count282
\lst@framebox=\box51
)
(/usr/share/texmf-dist/tex/latex/listings/listings.cfg
File: listings.cfg 2020/03/24 1.8d listings configuration
))
Package: listings 2020/03/24 1.8d (Carsten Heinz)

(/usr/share/texmf-dist/tex/latex/listings/lstlang1.sty
File: lstlang1.sty 2020/03/24 1.8d listings language file
)
(/usr/share/texmf-dist/tex/latex/listings/lstlang1.sty
File: lstlang1.sty 2020/03/24 1.8d listings language file
)
(/usr/share/texmf-dist/tex/latex/listings/lstmisc.sty
File: lstmisc.sty 2020/03/24 1.8d (Carsten Heinz)
)
(/usr/share/texmf-dist/tex/latex/titlesec/titlesec.sty
Package: titlesec 2021/07/05 v2.14 Sectioning titles
\ttl@box=\box52
\beforetitleunit=\skip51
\aftertitleunit=\skip52
\ttl@plus=\dimen163
\ttl@minus=\dimen164
\ttl@toksa=\toks20
\titlewidth=\dimen165
\titlewidthlast=\dimen166
\titlewidthfirst=\dimen167
)
(/usr/share/texmf-dist/tex/latex/tocloft/tocloft.sty
Package: tocloft 2017/08/31 v2.3i parameterised ToC, etc., typesetting
Package tocloft Info: The document has chapter divisions on input line 51.
\cftparskip=\skip53
\cftbeforetoctitleskip=\skip54
\cftaftertoctitleskip=\skip55
\cftbeforepartskip=\skip56
\cftpartnumwidth=\skip57
\cftpartindent=\skip58
\cftbeforechapskip=\skip59
\cftchapindent=\skip60
\cftchapnumwidth=\skip61
\cftbeforesecskip=\skip62
\cftsecindent=\skip63
\cftsecnumwidth=\skip64
\cftbeforesubsecskip=\skip65
\cftsubsecindent=\skip66
\cftsubsecnumwidth=\skip67
\cftbeforesubsubsecskip=\skip68
\cftsubsubsecindent=\skip69
\cftsubsubsecnumwidth=\skip70
\cftbeforeparaskip=\skip71
\cftparaindent=\skip72
\cftparanumwidth=\skip73
\cftbeforesubparaskip=\skip74
\cftsubparaindent=\skip75
\cftsubparanumwidth=\skip76
\cftbeforeloftitleskip=\skip77
\cftafterloftitleskip=\skip78
\cftbeforefigskip=\skip79
\cftfigindent=\skip80
\cftfignumwidth=\skip81
\c@lofdepth=\count283
\c@lotdepth=\count284
\cftbeforelottitleskip=\skip82
\cftafterlottitleskip=\skip83
\cftbeforetabskip=\skip84
\cfttabindent=\skip85
\cfttabnumwidth=\skip86
)
(/usr/share/texmf-dist/tex/latex/fancyhdr/fancyhdr.sty
Package: fancyhdr 2021/01/28 v4.0.1 Extensive control of page headers and foote
rs
\f@nch@headwidth=\skip87
\f@nch@O@elh=\skip88
\f@nch@O@erh=\skip89
\f@nch@O@olh=\skip90
\f@nch@O@orh=\skip91
\f@nch@O@elf=\skip92
\f@nch@O@erf=\skip93
\f@nch@O@olf=\skip94
\f@nch@O@orf=\skip95
)
(/usr/share/texmf-dist/tex/latex/graphics/graphicx.sty
Package: graphicx 2021/09/16 v1.2d Enhanced LaTeX Graphics (DPC,SPQR)

(/usr/share/texmf-dist/tex/latex/graphics/graphics.sty
Package: graphics 2021/03/04 v1.4d Standard LaTeX Graphics (DPC,SPQR)

(/usr/share/texmf-dist/tex/latex/graphics/trig.sty
Package: trig 2021/08/11 v1.11 sin cos tan (DPC)
)
(/usr/share/texmf-dist/tex/latex/graphics-cfg/graphics.cfg
File: graphics.cfg 2016/06/04 v1.11 sample graphics configuration
)
Package graphics Info: Driver file: pdftex.def on input line 107.
)
\Gin@req@height=\dimen168
\Gin@req@width=\dimen169
)
(/usr/share/texmf-dist/tex/latex/eso-pic/eso-pic.sty
Package: eso-pic 2020/10/14 v3.0a eso-pic (RN)
\ESO@tempdima=\dimen170
\ESO@tempdimb=\dimen171
)
(/usr/share/texmf-dist/tex/latex/hyperref/hyperref.sty
Package: hyperref 2022-02-21 v7.00n Hypertext links for LaTeX

(/usr/share/texmf-dist/tex/generic/ltxcmds/ltxcmds.sty
Package: ltxcmds 2020-05-10 v1.25 LaTeX kernel commands for general use (HO)
)
(/usr/share/texmf-dist/tex/generic/pdftexcmds/pdftexcmds.sty
Package: pdftexcmds 2020-06-27 v0.33 Utility functions of pdfTeX for LuaTeX (HO
)

(/usr/share/texmf-dist/tex/generic/infwarerr/infwarerr.sty
Package: infwarerr 2019/12/03 v1.5 Providing info/warning/error messages (HO)
)
Package pdftexcmds Info: \pdf@primitive is available.
Package pdftexcmds Info: \pdf@ifprimitive is available.
Package pdftexcmds Info: \pdfdraftmode found.
)
(/usr/share/texmf-dist/tex/generic/kvsetkeys/kvsetkeys.sty
Package: kvsetkeys 2019/12/15 v1.18 Key value parser (HO)
)
(/usr/share/texmf-dist/tex/generic/kvdefinekeys/kvdefinekeys.sty
Package: kvdefinekeys 2019-12-19 v1.6 Define keys (HO)
)
(/usr/share/texmf-dist/tex/generic/pdfescape/pdfescape.sty
Package: pdfescape 2019/12/09 v1.15 Implements pdfTeX's escape features (HO)
)
(/usr/share/texmf-dist/tex/latex/hycolor/hycolor.sty
Package: hycolor 2020-01-27 v1.10 Color options for hyperref/bookmark (HO)
)
(/usr/share/texmf-dist/tex/latex/letltxmacro/letltxmacro.sty
Package: letltxmacro 2019/12/03 v1.6 Let assignment for LaTeX macros (HO)
)
(/usr/share/texmf-dist/tex/latex/auxhook/auxhook.sty
Package: auxhook 2019-12-17 v1.6 Hooks for auxiliary files (HO)
)
(/usr/share/texmf-dist/tex/latex/kvoptions/kvoptions.sty
Package: kvoptions 2020-10-07 v3.14 Key value format for package options (HO)
)
\@linkdim=\dimen172
\Hy@linkcounter=\count285
\Hy@pagecounter=\count286

(/usr/share/texmf-dist/tex/latex/hyperref/pd1enc.def
File: pd1enc.def 2022-02-21 v7.00n Hyperref: PDFDocEncoding definition (HO)
Now handling font encoding PD1 ...
... no UTF-8 mapping file for font encoding PD1
)
(/usr/share/texmf-dist/tex/generic/intcalc/intcalc.sty
Package: intcalc 2019/12/15 v1.3 Expandable calculations with integers (HO)
)
(/usr/share/texmf-dist/tex/generic/etexcmds/etexcmds.sty
Package: etexcmds 2019/12/15 v1.7 Avoid name clashes with e-TeX commands (HO)
)
\Hy@SavedSpaceFactor=\count287

(/usr/share/texmf-dist/tex/latex/hyperref/puenc.def
File: puenc.def 2022-02-21 v7.00n Hyperref: PDF Unicode definition (HO)
Now handling font encoding PU ...
... no UTF-8 mapping file for font encoding PU
)
Package hyperref Info: Option `colorlinks' set `true' on input line 4018.
Package hyperref Info: Hyper figures OFF on input line 4137.
Package hyperref Info: Link nesting OFF on input line 4142.
Package hyperref Info: Hyper index ON on input line 4145.
Package hyperref Info: Plain pages OFF on input line 4152.
Package hyperref Info: Backreferencing OFF on input line 4157.
Package hyperref Info: Implicit mode ON; LaTeX internals redefined.
Package hyperref Info: Bookmarks ON on input line 4390.
\c@Hy@tempcnt=\count288
LaTeX Info: Redefining \url on input line 4749.
\XeTeXLinkMargin=\dimen173

(/usr/share/texmf-dist/tex/generic/bitset/bitset.sty
Package: bitset 2019/12/09 v1.3 Handle bit-vector datatype (HO)

(/usr/share/texmf-dist/tex/generic/bigintcalc/bigintcalc.sty
Package: bigintcalc 2019/12/15 v1.5 Expandable calculations on big integers (HO
)
))
\Fld@menulength=\count289
\Field@Width=\dimen174
\Fld@charsize=\dimen175
Package hyperref Info: Hyper figures OFF on input line 6027.
Package hyperref Info: Link nesting OFF on input line 6032.
Package hyperref Info: Hyper index ON on input line 6035.
Package hyperref Info: backreferencing OFF on input line 6042.
Package hyperref Info: Link coloring ON on input line 6045.
Package hyperref Info: Link coloring with OCG OFF on input line 6052.
Package hyperref Info: PDF/A mode OFF on input line 6057.
LaTeX Info: Redefining \ref on input line 6097.
LaTeX Info: Redefining \pageref on input line 6101.

(/usr/share/texmf-dist/tex/latex/base/atbegshi-ltx.sty
Package: atbegshi-ltx 2021/01/10 v1.0c Emulation of the original atbegshi
package with kernel methods
)
\Hy@abspage=\count290
\c@Item=\count291
\c@Hfootnote=\count292
)
Package hyperref Info: Driver (autodetected): hpdftex.

(/usr/share/texmf-dist/tex/latex/hyperref/hpdftex.def
File: hpdftex.def 2022-02-21 v7.00n Hyperref driver for pdfTeX

(/usr/share/texmf-dist/tex/latex/base/atveryend-ltx.sty
Package: atveryend-ltx 2020/08/19 v1.0a Emulation of the original atveryend pac
kage
with kernel methods
)
\Fld@listcount=\count293
\c@bookmark@seq@number=\count294

(/usr/share/texmf-dist/tex/latex/rerunfilecheck/rerunfilecheck.sty
Package: rerunfilecheck 2019/12/05 v1.9 Rerun checks for auxiliary files (HO)

(/usr/share/texmf-dist/tex/generic/uniquecounter/uniquecounter.sty
Package: uniquecounter 2019/12/15 v1.4 Provide unlimited unique counter (HO)
)
Package uniquecounter Info: New unique counter `rerunfilecheck' on input line 2
86.
)
\Hy@SectionHShift=\skip96
)
\c@appendix=\count295
)
(/usr/share/texmf-dist/tex/latex/base/inputenc.sty
Package: inputenc 2021/02/14 v1.3d Input encoding file
\inpenc@prehook=\toks21
\inpenc@posthook=\toks22
)
(/usr/share/texmf-dist/tex/latex/amsmath/amsmath.sty
Package: amsmath 2021/10/15 v2.17l AMS math features
\@mathmargin=\skip97

For additional information on amsmath, use the `?' option.
(/usr/share/texmf-dist/tex/latex/amsmath/amstext.sty
Package: amstext 2021/08/26 v2.01 AMS text

(/usr/share/texmf-dist/tex/latex/amsmath/amsgen.sty
File: amsgen.sty 1999/11/30 v2.0 generic functions
\@emptytoks=\toks23
\ex@=\dimen176
))
(/usr/share/texmf-dist/tex/latex/amsmath/amsbsy.sty
Package: amsbsy 1999/11/29 v1.2d Bold Symbols
\pmbraise@=\dimen177
)
(/usr/share/texmf-dist/tex/latex/amsmath/amsopn.sty
Package: amsopn 2021/08/26 v2.02 operator names
)
\inf@bad=\count296
LaTeX Info: Redefining \frac on input line 234.
\uproot@=\count297
\leftroot@=\count298
LaTeX Info: Redefining \overline on input line 399.
\classnum@=\count299
\DOTSCASE@=\count300
LaTeX Info: Redefining \ldots on input line 496.
LaTeX Info: Redefining \dots on input line 499.
LaTeX Info: Redefining \cdots on input line 620.
\Mathstrutbox@=\box53
\strutbox@=\box54
\big@size=\dimen178
LaTeX Font Info:    Redeclaring font encoding OML on input line 743.
LaTeX Font Info:    Redeclaring font encoding OMS on input line 744.
\macc@depth=\count301
\c@MaxMatrixCols=\count302
\dotsspace@=\muskip17
\c@parentequation=\count303
\dspbrk@lvl=\count304
\tag@help=\toks24
\row@=\count305
\column@=\count306
\maxfields@=\count307
\andhelp@=\toks25
\eqnshift@=\dimen179
\alignsep@=\dimen180
\tagshift@=\dimen181
\tagwidth@=\dimen182
\totwidth@=\dimen183
\lineht@=\dimen184
\@envbody=\toks26
\multlinegap=\skip98
\multlinetaggap=\skip99
\mathdisplay@stack=\toks27
LaTeX Info: Redefining \[ on input line 2938.
LaTeX Info: Redefining \] on input line 2939.
)
(/usr/share/texmf-dist/tex/latex/subfig/subfig.sty
Package: subfig 2005/06/28 ver: 1.3 subfig package
\c@KVtest=\count308
\sf@farskip=\skip100
\sf@captopadj=\dimen185
\sf@capskip=\skip101
\sf@nearskip=\skip102
\c@subfigure=\count309
\c@subfigure@save=\count310
\c@subtable=\count311
\c@subtable@save=\count312
\sf@top=\skip103
\sf@bottom=\skip104
)
(/usr/share/texmf-dist/tex/latex/pdfpages/pdfpages.sty
Package: pdfpages 2022/01/29 v0.5u Insert pages of external PDF documents (AM)

(/usr/share/texmf-dist/tex/latex/tools/calc.sty
Package: calc 2017/05/25 v4.3 Infix arithmetic (KKT,FJ)
\calc@Acount=\count313
\calc@Bcount=\count314
\calc@Adimen=\dimen186
\calc@Bdimen=\dimen187
\calc@Askip=\skip105
\calc@Bskip=\skip106
LaTeX Info: Redefining \setlength on input line 80.
LaTeX Info: Redefining \addtolength on input line 81.
\calc@Ccount=\count315
\calc@Cskip=\skip107
)
\AM@pagewidth=\dimen188
\AM@pageheight=\dimen189
\AM@fboxrule=\dimen190

(/usr/share/texmf-dist/tex/latex/pdfpages/pppdftex.def
File: pppdftex.def 2022/01/29 v0.5u Pdfpages driver for pdfTeX (AM)
)
\pdfpages@includegraphics@status=\count316
\AM@pagebox=\box55
\AM@global@opts=\toks28
\AM@pagecnt=\count317
\AM@toc@title=\toks29
\c@AM@survey=\count318
\AM@templatesizebox=\box56
)
LaTeX Font Info:    Trying to load font information for T1+ppl on input line 73
.

(/usr/share/texmf-dist/tex/latex/psnfss/t1ppl.fd
File: t1ppl.fd 2001/06/04 font definitions for T1/ppl.
)
(/usr/share/texmf-dist/tex/latex/l3backend/l3backend-pdftex.def
File: l3backend-pdftex.def 2022-04-14 L3 backend support: PDF output (pdfTeX)
\l__color_backend_stack_int=\count319
\l__pdf_internal_box=\box57
) (./memoria.aux
LaTeX Info: Redefining \. on input line 28.
LaTeX Info: Redefining \% on input line 28.

LaTeX Warning: Label `transformer:wmt:r' multiply defined.

)
\openout1 = `memoria.aux'.

LaTeX Font Info:    Checking defaults for OML/cmm/m/it on input line 73.
LaTeX Font Info:    ... okay on input line 73.
LaTeX Font Info:    Checking defaults for OMS/cmsy/m/n on input line 73.
LaTeX Font Info:    ... okay on input line 73.
LaTeX Font Info:    Checking defaults for OT1/cmr/m/n on input line 73.
LaTeX Font Info:    ... okay on input line 73.
LaTeX Font Info:    Checking defaults for T1/cmr/m/n on input line 73.
LaTeX Font Info:    ... okay on input line 73.
LaTeX Font Info:    Checking defaults for TS1/cmr/m/n on input line 73.
LaTeX Font Info:    ... okay on input line 73.
LaTeX Font Info:    Checking defaults for OMX/cmex/m/n on input line 73.
LaTeX Font Info:    ... okay on input line 73.
LaTeX Font Info:    Checking defaults for U/cmr/m/n on input line 73.
LaTeX Font Info:    ... okay on input line 73.
LaTeX Font Info:    Checking defaults for PD1/pdf/m/n on input line 73.
LaTeX Font Info:    ... okay on input line 73.
LaTeX Font Info:    Checking defaults for PU/pdf/m/n on input line 73.
LaTeX Font Info:    ... okay on input line 73.
LaTeX Info: Redefining \l on input line 73.
LaTeX Info: Redefining \L on input line 73.

*geometry* driver: auto-detecting
*geometry* detected driver: pdftex
*geometry* verbose mode - [ preamble ] result:
* driver: pdftex
* paper: a4paper
* layout: <same size as paper>
* layoutoffset:(h,v)=(0.0pt,0.0pt)
* modes: twoside 
* h-part:(L,W,R)=(85.35826pt, 426.79135pt, 85.35826pt)
* v-part:(T,H,B)=(66.86414pt, 711.31857pt, 66.86414pt)
* \paperwidth=597.50787pt
* \paperheight=845.04684pt
* \textwidth=426.79135pt
* \textheight=711.31857pt
* \oddsidemargin=13.08827pt
* \evensidemargin=13.08827pt
* \topmargin=-37.27965pt
* \headheight=16.0pt
* \headsep=19.8738pt
* \topskip=11.0pt
* \footskip=27.46295pt
* \marginparwidth=116.0pt
* \marginparsep=7.0pt
* \columnsep=10.0pt
* \skip\footins=10.0pt plus 4.0pt minus 2.0pt
* \hoffset=0.0pt
* \voffset=0.0pt
* \mag=1000
* \@twocolumnfalse
* \@twosidetrue
* \@mparswitchtrue
* \@reversemarginfalse
* (1in=72.27pt=25.4mm, 1cm=28.453pt)

(/usr/share/texmf-dist/tex/context/base/mkii/supp-pdf.mkii
[Loading MPS to PDF converter (version 2006.09.02).]
\scratchcounter=\count320
\scratchdimen=\dimen191
\scratchbox=\box58
\nofMPsegments=\count321
\nofMParguments=\count322
\everyMPshowfont=\toks30
\MPscratchCnt=\count323
\MPscratchDim=\dimen192
\MPnumerator=\count324
\makeMPintoPDFobject=\count325
\everyMPtoPDFconversion=\toks31
) (/usr/share/texmf-dist/tex/latex/epstopdf-pkg/epstopdf-base.sty
Package: epstopdf-base 2020-01-24 v2.11 Base part for package epstopdf
Package epstopdf-base Info: Redefining graphics rule for `.eps' on input line 4
85.

(/usr/share/texmf-dist/tex/latex/latexconfig/epstopdf-sys.cfg
File: epstopdf-sys.cfg 2010/07/13 v1.3 Configuration of (r)epstopdf for TeX Liv
e
))
Package caption Info: Begin \AtBeginDocument code.
Package caption Info: subfig package v1.3 is loaded.
Package caption Info: hyperref package is loaded.
Package caption Info: listings package is loaded.
Package caption Info: End \AtBeginDocument code.
\c@lstlisting=\count326
Package hyperref Info: Link coloring ON on input line 73.

(/usr/share/texmf-dist/tex/latex/hyperref/nameref.sty
Package: nameref 2021-04-02 v2.47 Cross-referencing by name of section

(/usr/share/texmf-dist/tex/latex/refcount/refcount.sty
Package: refcount 2019/12/15 v3.6 Data extraction from label references (HO)
)
(/usr/share/texmf-dist/tex/generic/gettitlestring/gettitlestring.sty
Package: gettitlestring 2019/12/15 v1.6 Cleanup title references (HO)
)
\c@section@level=\count327
)
LaTeX Info: Redefining \ref on input line 73.
LaTeX Info: Redefining \pageref on input line 73.
LaTeX Info: Redefining \nameref on input line 73.

(./memoria.out) (./memoria.out)
\@outlinefile=\write3
\openout3 = `memoria.out'.

LaTeX Font Info:    Trying to load font information for OT1+ppl on input line 7
3.

(/usr/share/texmf-dist/tex/latex/psnfss/ot1ppl.fd
File: ot1ppl.fd 2001/06/04 font definitions for OT1/ppl.
)
LaTeX Font Info:    Trying to load font information for OML+zplm on input line 
73.

(/usr/share/texmf-dist/tex/latex/psnfss/omlzplm.fd
File: omlzplm.fd 2002/09/08 Fontinst v1.914 font definitions for OML/zplm.
)
LaTeX Font Info:    Trying to load font information for OMS+zplm on input line 
73.

(/usr/share/texmf-dist/tex/latex/psnfss/omszplm.fd
File: omszplm.fd 2002/09/08 Fontinst v1.914 font definitions for OMS/zplm.
)
LaTeX Font Info:    Trying to load font information for OMX+zplm on input line 
73.

(/usr/share/texmf-dist/tex/latex/psnfss/omxzplm.fd
File: omxzplm.fd 2002/09/08 Fontinst v1.914 font definitions for OMX/zplm.
)
LaTeX Font Info:    Trying to load font information for OT1+zplm on input line 
73.

(/usr/share/texmf-dist/tex/latex/psnfss/ot1zplm.fd
File: ot1zplm.fd 2002/09/08 Fontinst v1.914 font definitions for OT1/zplm.
)
<logos/logo-upv.pdf, id=245, 331.2375pt x 105.39375pt>
File: logos/logo-upv.pdf Graphic file (type pdf)
<use logos/logo-upv.pdf>
Package pdftex.def Info: logos/logo-upv.pdf  used on input line 73.
(pdftex.def)             Requested size: 178.85042pt x 56.9055pt.
<logos/logo-etsinf.pdf, id=246, 311.1625pt x 120.45pt>
File: logos/logo-etsinf.pdf Graphic file (type pdf)
<use logos/logo-etsinf.pdf>
Package pdftex.def Info: logos/logo-etsinf.pdf  used on input line 73.
(pdftex.def)             Requested size: 147.00606pt x 56.9055pt.
<logos/baseportada.png, id=247, 1027.84pt x 578.16pt>
File: logos/baseportada.png Graphic file (type png)
<use logos/baseportada.png>
Package pdftex.def Info: logos/baseportada.png  used on input line 73.
(pdftex.def)             Requested size: 597.51208pt x 366.75699pt.
 [1



{/var/lib/texmf/fonts/map/pdftex/updmap/pdftex.map} <./logos/logo-upv.pdf> <./l
ogos/logo-etsinf.pdf> <./logos/baseportada.png>] [2

]
(/usr/share/texmf-dist/tex/latex/pdflscape/pdflscape.sty
Package: pdflscape 2019/12/05 v0.12 Display of landscape pages in PDF (HO)

(/usr/share/texmf-dist/tex/latex/graphics/lscape.sty
Package: lscape 2020/05/28 v3.02 Landscape Pages (DPC)
)
Package pdflscape Info: Auto-detected driver: pdftex on input line 81.
)
LaTeX Font Info:    Trying to load font information for T1+cmss on input line 8
0.

(/usr/share/texmf-dist/tex/latex/base/t1cmss.fd
File: t1cmss.fd 2019/12/16 v2.5j Standard LaTeX font definitions
)
LaTeX Font Info:    Trying to load font information for TS1+ppl on input line 8
1.

(/usr/share/texmf-dist/tex/latex/psnfss/ts1ppl.fd
File: ts1ppl.fd 2001/06/04 font definitions for TS1/ppl.
)
LaTeX Info: Redefining \. on input line 94.
LaTeX Info: Redefining \% on input line 94.
 [3]
Overfull \hbox (0.5168pt too wide) in paragraph at lines 99--99
\T1/ppl/b/n/10.95 Key words: \T1/ppl/m/n/10.95 Ma-chine Trans-la-tion; Neu-ral 
Ma-chine Trans-la-tion; Stream-ing Ma-chine Trans-
 []

[4] (./memoria.toc
LaTeX Info: Redefining \. on input line 4.
LaTeX Info: Redefining \% on input line 4.
 [5

])
\tf@toc=\write4
\openout4 = `memoria.toc'.

 [6] (./memoria.lof
LaTeX Info: Redefining \. on input line 4.
LaTeX Info: Redefining \% on input line 4.
)
\tf@lof=\write5
\openout5 = `memoria.lof'.

 (./memoria.lot
LaTeX Info: Redefining \. on input line 4.
LaTeX Info: Redefining \% on input line 4.
)
\tf@lot=\write6
\openout6 = `memoria.lot'.


Underfull \vbox (badness 3428) has occurred while \output is active []

 [7

]
[8]
Chapter 1.
[1


]
Overfull \hbox (1.66028pt too wide) in paragraph at lines 137--138
[]\T1/ppl/m/n/10.95 The present work be-longs to the branch of Ar-ti-fi-cial In
-tel-li-gence called Ma-chine Learn-
 []

[2] [3]
<resources/xor.png, id=449, 462.528pt x 346.896pt>
File: resources/xor.png Graphic file (type png)
<use resources/xor.png>
Package pdftex.def Info: resources/xor.png  used on input line 216.
(pdftex.def)             Requested size: 284.54124pt x 213.40593pt.
LaTeX Font Info:    Trying to load font information for U+fplmbb on input line 
227.
 (/usr/share/texmf-dist/tex/latex/psnfss/ufplmbb.fd
File: ufplmbb.fd 2003/10/30 Fontinst v1.914 font definitions for U/fplmbb.
) [4 <./resources/xor.png>]
<resources/xorsolved2.png, id=470, 452.69125pt x 322.20375pt>
File: resources/xorsolved2.png Graphic file (type png)
<use resources/xorsolved2.png>
Package pdftex.def Info: resources/xorsolved2.png  used on input line 293.
(pdftex.def)             Requested size: 170.71652pt x 121.50456pt.
<resources/xorsolved1.png, id=471, 462.528pt x 346.896pt>
File: resources/xorsolved1.png Graphic file (type png)
<use resources/xorsolved1.png>
Package pdftex.def Info: resources/xorsolved1.png  used on input line 295.
(pdftex.def)             Requested size: 170.71652pt x 128.0372pt.
 [5] [6 <./resources/xorsolved2.png> <./resources/xorsolved1.png>]
Overfull \hbox (16.87341pt too wide) in paragraph at lines 354--355
[]\T1/ppl/m/n/10.95 We rep-re-sent a sen-tence that is to be trans-lated as a v
ec-tor of \T1/ppl/b/n/10.95 n \T1/ppl/m/n/10.95 words $\OT1/zplm/b/n/10.95 x \O
T1/zplm/m/n/10.95 = (\OML/zplm/m/it/10.95 x[]\OT1/ppl/m/n/10.95 , \OML/zplm/m/i
t/10.95 x[]\OT1/ppl/m/n/10.95 , \OML/zplm/m/it/10.95 x[]\OT1/ppl/m/n/10.95 , ..
., \OML/zplm/m/it/10.95 x[]\OT1/zplm/m/n/10.95 )$
 []

[7] [8]
<resources/seq2seq.png, id=531, 422.57875pt x 322.20375pt>
File: resources/seq2seq.png Graphic file (type png)
<use resources/seq2seq.png>
Package pdftex.def Info: resources/seq2seq.png  used on input line 422.
(pdftex.def)             Requested size: 284.53195pt x 216.94716pt.
 [9] [10 <./resources/seq2seq.png>] [11]
<resources/transformer.png, id=584, 588.1975pt x 820.06375pt>
File: resources/transformer.png Graphic file (type png)
<use resources/transformer.png>
Package pdftex.def Info: resources/transformer.png  used on input line 527.
(pdftex.def)             Requested size: 204.08615pt x 284.5365pt.
<resources/encode.png, id=586, 290.08376pt x 564.1075pt>
File: resources/encode.png Graphic file (type png)
<use resources/encode.png>
Package pdftex.def Info: resources/encode.png  used on input line 539.
(pdftex.def)             Requested size: 113.80943pt x 199.1707pt.
<resources/decode.png, id=587, 329.23pt x 894.34125pt>
File: resources/decode.png Graphic file (type png)
<use resources/decode.png>
Package pdftex.def Info: resources/decode.png  used on input line 541.
(pdftex.def)             Requested size: 113.81053pt x 284.53017pt.
 [12] [13 <./resources/transformer.png> <./resources/encode.png> <./resources/d
ecode.png>] [14] [15] [16]
[17] [18]
Chapter 2.
[19

]
Overfull \hbox (14.17252pt too wide) in paragraph at lines 777--778
[]\T1/ppl/m/n/10.95 Giga Fr-En [[]] crawled from Cana-dian and Eu-ro-pean Union
 sources for the WMT2010
 []

[20]
Overfull \hbox (4.03096pt too wide) in paragraph at lines 782--783
[]\T1/ppl/m/n/10.95 The United Na-tions Par-al-lel Cor-pus (UNPC [[]]) from man
-ual trans-la-tions of United
 []

[21] [22]
Underfull \vbox (badness 1418) has occurred while \output is active []

 [23]
[24]
Chapter 3.
[25

] [26]
Chapter 4.
[27

] [28]
<resources/pipeline.png, id=825, 623.32875pt x 546.04pt>
File: resources/pipeline.png Graphic file (type png)
<use resources/pipeline.png>
Package pdftex.def Info: resources/pipeline.png  used on input line 1068.
(pdftex.def)             Requested size: 284.52809pt x 249.24844pt.

Underfull \vbox (badness 3460) has occurred while \output is active []

 [29]
[30 <./resources/pipeline.png>]
Chapter 5.

Underfull \vbox (badness 5652) has occurred while \output is active []

 [31

]
[32]
<resources/CN21_bleu.png, id=867, 462.528pt x 346.896pt>
File: resources/CN21_bleu.png Graphic file (type png)
<use resources/CN21_bleu.png>
Package pdftex.def Info: resources/CN21_bleu.png  used on input line 1162.
(pdftex.def)             Requested size: 284.54124pt x 213.40593pt.

Underfull \vbox (badness 10000) has occurred while \output is active []

 [33 <./resources/CN21_bleu.png>] [34]
Chapter 6.

Underfull \vbox (badness 2717) has occurred while \output is active []

 [35

]
[36] [37] [38]
<resources/onlineres.png, id=933, 462.528pt x 346.896pt>
File: resources/onlineres.png Graphic file (type png)
<use resources/onlineres.png>
Package pdftex.def Info: resources/onlineres.png  used on input line 1329.
(pdftex.def)             Requested size: 199.16928pt x 149.37938pt.
<resources/onlineresCN.png, id=934, 462.528pt x 346.896pt>
File: resources/onlineresCN.png Graphic file (type png)
<use resources/onlineresCN.png>
Package pdftex.def Info: resources/onlineresCN.png  used on input line 1331.
(pdftex.def)             Requested size: 199.16928pt x 149.37938pt.
 [39 <./resources/onlineres.png> <./resources/onlineresCN.png>]
[40]
Chapter 7.

Underfull \vbox (badness 10000) has occurred while \output is active []

 [41

]
(./memoria.bbl [42] [43

] [44] [45] [46]
Underfull \hbox (badness 1496) in paragraph at lines 399--402
[]\T1/ppl/m/n/10.95 Ashish Vaswani, Noam Shazeer, Niki Par-mar, Jakob Uszko-r-e
it, Llion Jones,
 []

) [47] [48

]
<ods_etsinf_anexo.pdf, id=993, 614.295pt x 794.97pt>
File: ods_etsinf_anexo.pdf Graphic file (type pdf)
<use ods_etsinf_anexo.pdf>
Package pdftex.def Info: ods_etsinf_anexo.pdf  used on input line 1415.
(pdftex.def)             Requested size: 614.29349pt x 794.96806pt.
File: ods_etsinf_anexo.pdf Graphic file (type pdf)
<use ods_etsinf_anexo.pdf>
Package pdftex.def Info: ods_etsinf_anexo.pdf  used on input line 1415.
(pdftex.def)             Requested size: 614.29349pt x 794.96806pt.
<ods_etsinf_anexo.pdf, id=996, page=1, 614.295pt x 794.97pt>
File: ods_etsinf_anexo.pdf Graphic file (type pdf)
<use ods_etsinf_anexo.pdf, page 1>
Package pdftex.def Info: ods_etsinf_anexo.pdf , page1 used on input line 1415.
(pdftex.def)             Requested size: 614.29349pt x 794.96806pt.
File: ods_etsinf_anexo.pdf Graphic file (type pdf)
<use ods_etsinf_anexo.pdf, page 1>
Package pdftex.def Info: ods_etsinf_anexo.pdf , page1 used on input line 1415.
(pdftex.def)             Requested size: 597.78697pt x 773.60669pt.
File: ods_etsinf_anexo.pdf Graphic file (type pdf)
<use ods_etsinf_anexo.pdf, page 1>
Package pdftex.def Info: ods_etsinf_anexo.pdf , page1 used on input line 1415.
(pdftex.def)             Requested size: 597.78697pt x 773.60669pt.
File: ods_etsinf_anexo.pdf Graphic file (type pdf)
<use ods_etsinf_anexo.pdf, page 1>
Package pdftex.def Info: ods_etsinf_anexo.pdf , page1 used on input line 1415.
(pdftex.def)             Requested size: 597.78697pt x 773.60669pt.
File: ods_etsinf_anexo.pdf Graphic file (type pdf)
<use ods_etsinf_anexo.pdf, page 1>
Package pdftex.def Info: ods_etsinf_anexo.pdf , page1 used on input line 1415.
(pdftex.def)             Requested size: 597.78697pt x 773.60669pt.
 [49 <./ods_etsinf_anexo.pdf>]
<ods_etsinf_anexo.pdf, id=1032, page=2, 614.295pt x 794.97pt>
File: ods_etsinf_anexo.pdf Graphic file (type pdf)
<use ods_etsinf_anexo.pdf, page 2>
Package pdftex.def Info: ods_etsinf_anexo.pdf , page2 used on input line 1415.
(pdftex.def)             Requested size: 597.78697pt x 773.60669pt.
File: ods_etsinf_anexo.pdf Graphic file (type pdf)
<use ods_etsinf_anexo.pdf, page 2>
Package pdftex.def Info: ods_etsinf_anexo.pdf , page2 used on input line 1415.
(pdftex.def)             Requested size: 597.78697pt x 773.60669pt.
File: ods_etsinf_anexo.pdf Graphic file (type pdf)
<use ods_etsinf_anexo.pdf, page 2>
Package pdftex.def Info: ods_etsinf_anexo.pdf , page2 used on input line 1415.
(pdftex.def)             Requested size: 597.78697pt x 773.60669pt.
 [50 <./ods_etsinf_anexo.pdf>]
(./memoria.aux
LaTeX Info: Redefining \. on input line 28.
LaTeX Info: Redefining \% on input line 28.
)

LaTeX Warning: There were multiply-defined labels.

Package rerunfilecheck Info: File `memoria.out' has not changed.
(rerunfilecheck)             Checksum: BC5B6705BBC6ABA10D53CCCC1CE22CC4;8490.
 ) 
Here is how much of TeX's memory you used:
 17304 strings out of 478238
 274391 string characters out of 5850456
 628992 words of memory out of 5000000
 34923 multiletter control sequences out of 15000+600000
 533332 words of font info for 161 fonts, out of 8000000 for 9000
 1141 hyphenation exceptions out of 8191
 75i,17n,77p,1612b,840s stack positions out of 5000i,500n,10000p,200000b,80000s
{/usr/share/texmf-dist/fonts/enc/dvips/cm-super/cm-super-t1.enc}{/usr/share/t
exmf-dist/fonts/enc/dvips/base/8r.enc}</usr/share/texmf-dist/fonts/type1/public
/amsfonts/cm/cmbx10.pfb></usr/share/texmf-dist/fonts/type1/public/amsfonts/cm/c
mbx12.pfb></usr/share/texmf-dist/fonts/type1/public/amsfonts/cm/cmex10.pfb></us
r/share/texmf-dist/fonts/type1/public/amsfonts/cm/cmmi10.pfb></usr/share/texmf-
dist/fonts/type1/public/amsfonts/cm/cmr10.pfb></usr/share/texmf-dist/fonts/type
1/public/amsfonts/cm/cmr8.pfb></usr/share/texmf-dist/fonts/type1/public/amsfont
s/cm/cmsy10.pfb></usr/share/texmf-dist/fonts/type1/public/mathpazo/fplmbb.pfb><
/usr/share/texmf-dist/fonts/type1/public/mathpazo/fplmr.pfb></usr/share/texmf-d
ist/fonts/type1/public/mathpazo/fplmri.pfb></usr/share/texmf-dist/fonts/type1/p
ublic/cm-super/sfss1095.pfb></usr/share/texmf-dist/fonts/type1/public/cm-super/
sfsx1440.pfb></usr/share/texmf-dist/fonts/type1/public/cm-super/sfsx1728.pfb></
usr/share/texmf-dist/fonts/type1/public/cm-super/sfsx2488.pfb></usr/share/texmf
-dist/fonts/type1/urw/palatino/uplb8a.pfb></usr/share/texmf-dist/fonts/type1/ur
w/palatino/uplr8a.pfb></usr/share/texmf-dist/fonts/type1/urw/palatino/uplri8a.p
fb>
Output written on memoria.pdf (58 pages, 2980134 bytes).
PDF statistics:
 1169 PDF objects out of 1200 (max. 8388607)
 1023 compressed objects within 11 object streams
 296 named destinations out of 1000 (max. 500000)
 576 words of extra memory for PDF output out of 10000 (max. 10000000)

