\BOOKMARK [0][-]{section*.1}{\376\377\000C\000o\000n\000t\000e\000n\000t\000s}{}% 1
\BOOKMARK [0][-]{section*.2}{\376\377\000L\000i\000s\000t\000\040\000o\000f\000\040\000F\000i\000g\000u\000r\000e\000s}{}% 2
\BOOKMARK [0][-]{section*.3}{\376\377\000L\000i\000s\000t\000\040\000o\000f\000\040\000T\000a\000b\000l\000e\000s}{}% 3
\BOOKMARK [0][-]{chapter.1}{\376\377\000I\000n\000t\000r\000o\000d\000u\000c\000t\000i\000o\000n}{}% 4
\BOOKMARK [1][-]{section.1.1}{\376\377\000M\000o\000t\000i\000v\000a\000t\000i\000o\000n}{chapter.1}% 5
\BOOKMARK [1][-]{section.1.2}{\376\377\000G\000o\000a\000l\000s}{chapter.1}% 6
\BOOKMARK [1][-]{section.1.3}{\376\377\000M\000a\000c\000h\000i\000n\000e\000\040\000L\000e\000a\000r\000n\000i\000n\000g}{chapter.1}% 7
\BOOKMARK [2][-]{subsection.1.3.1}{\376\377\000S\000u\000p\000e\000r\000v\000i\000s\000e\000d\000\040\000l\000e\000a\000r\000n\000i\000n\000g\000\040\000a\000n\000d\000\040\000c\000l\000a\000s\000s\000i\000f\000i\000c\000a\000t\000i\000o\000n}{section.1.3}% 8
\BOOKMARK [2][-]{subsection.1.3.2}{\376\377\000D\000e\000e\000p\000\040\000l\000e\000a\000r\000n\000i\000n\000g}{section.1.3}% 9
\BOOKMARK [1][-]{section.1.4}{\376\377\000M\000a\000c\000h\000i\000n\000e\000\040\000T\000r\000a\000n\000s\000l\000a\000t\000i\000o\000n}{chapter.1}% 10
\BOOKMARK [2][-]{subsection.1.4.1}{\376\377\000W\000o\000r\000d\000\040\000a\000n\000d\000\040\000P\000h\000r\000a\000s\000e\000\040\000B\000a\000s\000e\000d\000\040\000M\000o\000d\000e\000l\000s}{section.1.4}% 11
\BOOKMARK [1][-]{section.1.5}{\376\377\000N\000e\000u\000r\000a\000l\000\040\000M\000a\000c\000h\000i\000n\000e\000\040\000T\000r\000a\000n\000s\000l\000a\000t\000i\000o\000n}{chapter.1}% 12
\BOOKMARK [2][-]{subsection.1.5.1}{\376\377\000R\000N\000N\000\040\000a\000n\000d\000\040\000T\000r\000a\000n\000s\000l\000a\000t\000i\000o\000n}{section.1.5}% 13
\BOOKMARK [2][-]{subsection.1.5.2}{\376\377\000T\000h\000e\000\040\000T\000r\000a\000n\000s\000f\000o\000r\000m\000e\000r\000\040\000M\000o\000d\000e\000l}{section.1.5}% 14
\BOOKMARK [1][-]{section.1.6}{\376\377\000E\000v\000a\000l\000u\000a\000t\000i\000o\000n}{chapter.1}% 15
\BOOKMARK [1][-]{section.1.7}{\376\377\000F\000r\000a\000m\000e\000w\000o\000r\000k\000\040\000o\000f\000\040\000t\000h\000i\000s\000\040\000w\000o\000r\000k}{chapter.1}% 16
\BOOKMARK [1][-]{section.1.8}{\376\377\000D\000o\000c\000u\000m\000e\000n\000t\000\040\000s\000t\000r\000u\000c\000t\000u\000r\000e}{chapter.1}% 17
\BOOKMARK [0][-]{chapter.2}{\376\377\000D\000a\000t\000a}{}% 18
\BOOKMARK [1][-]{section.2.1}{\376\377\000D\000a\000t\000a\000s\000e\000t\000s}{chapter.2}% 19
\BOOKMARK [2][-]{subsection.2.1.1}{\376\377\000G\000e\000n\000e\000r\000a\000l\000\040\000d\000o\000m\000a\000i\000n\000\040\000t\000r\000a\000i\000n\000i\000n\000g\000\040\000d\000a\000t\000a\000s\000e\000t}{section.2.1}% 20
\BOOKMARK [2][-]{subsection.2.1.2}{\376\377\000D\000e\000v\000e\000l\000o\000p\000m\000e\000n\000t\000\040\000a\000n\000d\000\040\000T\000e\000s\000t\000\040\000D\000a\000t\000a\000s\000e\000t\000s\000\040\000f\000r\000o\000m\000\040\000W\000M\000T}{section.2.1}% 21
\BOOKMARK [1][-]{section.2.2}{\376\377\000P\000r\000e\000p\000r\000o\000c\000e\000s\000s\000i\000n\000g}{chapter.2}% 22
\BOOKMARK [2][-]{subsection.2.2.1}{\376\377\000T\000o\000k\000e\000n\000i\000z\000e\000\040\000a\000n\000d\000\040\000T\000r\000u\000e\000c\000a\000s\000i\000n\000g}{section.2.2}% 23
\BOOKMARK [2][-]{subsection.2.2.2}{\376\377\000S\000u\000b\000w\000o\000r\000d\000\040\000S\000e\000g\000m\000e\000n\000t\000a\000t\000i\000o\000n}{section.2.2}% 24
\BOOKMARK [2][-]{subsection.2.2.3}{\376\377\000F\000i\000l\000t\000e\000r\000i\000n\000g}{section.2.2}% 25
\BOOKMARK [0][-]{chapter.3}{\376\377\000C\000E\000R\000N\000\040\000N\000e\000w\000s}{}% 26
\BOOKMARK [1][-]{section.3.1}{\376\377\000D\000a\000t\000a\000\040\000c\000o\000l\000l\000e\000c\000t\000i\000o\000n}{chapter.3}% 27
\BOOKMARK [2][-]{subsection.3.1.1}{\376\377\000C\000r\000a\000w\000l\000i\000n\000g\000\040\000a\000n\000d\000\040\000b\000a\000s\000i\000c\000\040\000p\000r\000e\000p\000r\000o\000c\000e\000s\000s\000i\000n\000g}{section.3.1}% 28
\BOOKMARK [2][-]{subsection.3.1.2}{\376\377\000A\000l\000i\000g\000n\000m\000e\000n\000t}{section.3.1}% 29
\BOOKMARK [1][-]{section.3.2}{\376\377\000C\000E\000R\000N\000\040\000N\000e\000w\000s\000\040\000S\000e\000t\000s}{chapter.3}% 30
\BOOKMARK [2][-]{subsection.3.2.1}{\376\377\000D\000e\000v\000e\000l\000o\000p\000m\000e\000n\000t\000\040\000a\000n\000d\000\040\000T\000e\000s\000t\000\040\000S\000e\000t\000s}{section.3.2}% 31
\BOOKMARK [2][-]{subsection.3.2.2}{\376\377\000T\000r\000a\000i\000n\000i\000n\000g\000\040\000S\000e\000t}{section.3.2}% 32
\BOOKMARK [0][-]{chapter.4}{\376\377\000O\000f\000f\000l\000i\000n\000e\000\040\000N\000M\000T\000\040\000S\000y\000s\000t\000e\000m\000s}{}% 33
\BOOKMARK [1][-]{section.4.1}{\376\377\000F\000a\000i\000r\000s\000e\000q}{chapter.4}% 34
\BOOKMARK [1][-]{section.4.2}{\376\377\000S\000y\000s\000t\000e\000m\000s}{chapter.4}% 35
\BOOKMARK [2][-]{subsection.4.2.1}{\376\377\000V\0000\000\040\000S\000y\000s\000t\000e\000m\000\040\000i\000n\000\040\000P\000r\000o\000d\000u\000c\000t\000i\000o\000n}{section.4.2}% 36
\BOOKMARK [2][-]{subsection.4.2.2}{\376\377\000V\0001\000\040\000B\000a\000s\000e\000l\000i\000n\000e}{section.4.2}% 37
\BOOKMARK [2][-]{subsection.4.2.3}{\376\377\000V\0002\000\040\000L\000a\000n\000g\000u\000a\000g\000e\000\040\000I\000D}{section.4.2}% 38
\BOOKMARK [2][-]{subsection.4.2.4}{\376\377\000V\0003\000\040\000S\000e\000n\000t\000e\000n\000c\000e\000\040\000P\000i\000e\000c\000e}{section.4.2}% 39
\BOOKMARK [1][-]{section.4.3}{\376\377\000R\000e\000s\000u\000l\000t\000s}{chapter.4}% 40
\BOOKMARK [0][-]{chapter.5}{\376\377\000D\000o\000m\000a\000i\000n\000\040\000A\000d\000a\000p\000t\000a\000t\000i\000o\000n}{}% 41
\BOOKMARK [1][-]{section.5.1}{\376\377\000T\000r\000a\000i\000n\000i\000n\000g\000\040\000w\000i\000t\000h\000\040\000b\000a\000c\000k\000t\000r\000a\000n\000s\000l\000a\000t\000i\000o\000n\000s}{chapter.5}% 42
\BOOKMARK [2][-]{subsection.5.1.1}{\376\377\000E\000x\000p\000e\000r\000i\000m\000e\000n\000t\000a\000l\000\040\000s\000e\000t\000u\000p}{section.5.1}% 43
\BOOKMARK [2][-]{subsection.5.1.2}{\376\377\000R\000e\000s\000u\000l\000t\000s}{section.5.1}% 44
\BOOKMARK [1][-]{section.5.2}{\376\377\000F\000i\000n\000e\000t\000u\000n\000i\000n\000g}{chapter.5}% 45
\BOOKMARK [2][-]{subsection.5.2.1}{\376\377\000E\000x\000p\000e\000r\000i\000m\000e\000n\000t\000a\000l\000\040\000s\000e\000t\000u\000p}{section.5.2}% 46
\BOOKMARK [2][-]{subsection.5.2.2}{\376\377\000R\000e\000s\000u\000l\000t\000s}{section.5.2}% 47
\BOOKMARK [0][-]{chapter.6}{\376\377\000S\000t\000r\000e\000a\000m\000i\000n\000g\000\040\000N\000M\000T}{}% 48
\BOOKMARK [1][-]{section.6.1}{\376\377\000F\000o\000r\000m\000a\000l\000\040\000s\000e\000t\000t\000i\000n\000g}{chapter.6}% 49
\BOOKMARK [1][-]{section.6.2}{\376\377\000S\000i\000m\000u\000l\000t\000a\000n\000e\000o\000u\000s\000\040\000T\000r\000a\000n\000s\000f\000o\000r\000m\000e\000r\000\040\000m\000o\000d\000e\000l}{chapter.6}% 50
\BOOKMARK [2][-]{subsection.6.2.1}{\376\377\000W\000a\000i\000t\000-\000k\000\040\000p\000o\000l\000i\000c\000y}{section.6.2}% 51
\BOOKMARK [2][-]{subsection.6.2.2}{\376\377\000M\000u\000l\000t\000i\000-\000p\000a\000t\000h\000-\000w\000a\000i\000t\000-\000k\000\040\000m\000o\000d\000e\000l}{section.6.2}% 52
\BOOKMARK [1][-]{section.6.3}{\376\377\000E\000v\000a\000l\000u\000a\000t\000i\000o\000n}{chapter.6}% 53
\BOOKMARK [2][-]{subsection.6.3.1}{\376\377\000A\000v\000e\000r\000a\000g\000e\000\040\000P\000r\000o\000p\000o\000r\000t\000i\000o\000n}{section.6.3}% 54
\BOOKMARK [2][-]{subsection.6.3.2}{\376\377\000A\000v\000e\000r\000a\000g\000e\000\040\000L\000a\000g\000g\000i\000n\000g}{section.6.3}% 55
\BOOKMARK [2][-]{subsection.6.3.3}{\376\377\000D\000i\000f\000f\000e\000r\000e\000n\000t\000i\000a\000b\000l\000e\000\040\000A\000v\000e\000r\000a\000g\000e\000\040\000L\000a\000g\000g\000i\000n\000g}{section.6.3}% 56
\BOOKMARK [1][-]{section.6.4}{\376\377\000E\000x\000p\000e\000r\000i\000m\000e\000n\000t\000a\000l\000\040\000s\000e\000t\000u\000p}{chapter.6}% 57
\BOOKMARK [1][-]{section.6.5}{\376\377\000R\000e\000s\000u\000l\000t\000s}{chapter.6}% 58
\BOOKMARK [0][-]{chapter.7}{\376\377\000C\000o\000n\000c\000l\000u\000s\000i\000o\000n\000s}{}% 59
\BOOKMARK [0][-]{chapter*.36}{\376\377\000B\000i\000b\000l\000i\000o\000g\000r\000a\000p\000h\000y}{}% 60
