This is pdfTeX, Version 3.141592653-2.6-1.40.24 (TeX Live 2022/Arch Linux) (preloaded format=pdflatex 2022.5.13)  18 JUL 2022 19:49
entering extended mode
 restricted \write18 enabled.
 %&-line parsing enabled.
**plantillatfg.tex
(./plantillatfg.tex
LaTeX2e <2021-11-15> patch level 1
L3 programming layer <2022-04-10> (./tfgetsinf.cls
Document Class: tfgetsinf 2015/05/04 v1 LaTeX document class
(/usr/share/texmf-dist/tex/latex/base/book.cls
Document Class: book 2021/10/04 v1.4n Standard LaTeX document class
(/usr/share/texmf-dist/tex/latex/base/bk11.clo
File: bk11.clo 2021/10/04 v1.4n Standard LaTeX file (size option)
)
\c@part=\count185
\c@chapter=\count186
\c@section=\count187
\c@subsection=\count188
\c@subsubsection=\count189
\c@paragraph=\count190
\c@subparagraph=\count191
\c@figure=\count192
\c@table=\count193
\abovecaptionskip=\skip47
\belowcaptionskip=\skip48
\bibindent=\dimen138
)
(/usr/share/texmf-dist/tex/latex/base/fontenc.sty
Package: fontenc 2021/04/29 v2.0v Standard LaTeX package
)
(/usr/share/texmf-dist/tex/generic/babel/babel.sty
Package: babel 2022/02/26 3.73 The Babel package
\babel@savecnt=\count194
\U@D=\dimen139
\l@unhyphenated=\language87

(/usr/share/texmf-dist/tex/generic/babel/txtbabel.def)
\bbl@readstream=\read2
\bbl@dirlevel=\count195
Package babel Info: Main language set with 'main='. Except if you have
(babel)             problems, prefer the default mechanism for setting
(babel)             the main language. Reported on input line 4219.

(/usr/share/texmf-dist/tex/generic/babel-spanish/spanish.ldf
Language: spanish.ldf 2021/05/27 v5.0q Spanish support from the babel system
\es@quottoks=\toks16
\es@quotdepth=\count196
Package babel Info: Making " an active character on input line 570.
Package babel Info: Making . an active character on input line 675.
Package babel Info: Making < an active character on input line 722.
Package babel Info: Making > an active character on input line 722.
)
(/usr/share/texmf-dist/tex/generic/babel-catalan/catalan.ldf
Language: catalan 2005/03/29 v2.2p Catalan support from the babel system
\leftllkern=\dimen140
\rightllkern=\dimen141
\raiselldim=\dimen142
)
(/usr/share/texmf-dist/tex/generic/babel-english/english.ldf
Language: english 2017/06/06 v3.3r English support from the babel system
Package babel Info: Hyphen rules for 'canadian' set to \l@english
(babel)             (\language0). Reported on input line 102.
Package babel Info: Hyphen rules for 'australian' set to \l@ukenglish
(babel)             (\language21). Reported on input line 105.
Package babel Info: Hyphen rules for 'newzealand' set to \l@ukenglish
(babel)             (\language21). Reported on input line 108.
))
(/usr/share/texmf-dist/tex/latex/psnfss/mathpazo.sty
Package: mathpazo 2020/03/25 PSNFSS-v9.3 Palatino w/ Pazo Math (D.Puga, WaS) 
\symupright=\mathgroup4
)
(/usr/share/texmf-dist/tex/latex/geometry/geometry.sty
Package: geometry 2020/01/02 v5.9 Page Geometry

(/usr/share/texmf-dist/tex/latex/graphics/keyval.sty
Package: keyval 2014/10/28 v1.15 key=value parser (DPC)
\KV@toks@=\toks17
)
(/usr/share/texmf-dist/tex/generic/iftex/ifvtex.sty
Package: ifvtex 2019/10/25 v1.7 ifvtex legacy package. Use iftex instead.

(/usr/share/texmf-dist/tex/generic/iftex/iftex.sty
Package: iftex 2022/02/03 v1.0f TeX engine tests
))
\Gm@cnth=\count197
\Gm@cntv=\count198
\c@Gm@tempcnt=\count199
\Gm@bindingoffset=\dimen143
\Gm@wd@mp=\dimen144
\Gm@odd@mp=\dimen145
\Gm@even@mp=\dimen146
\Gm@layoutwidth=\dimen147
\Gm@layoutheight=\dimen148
\Gm@layouthoffset=\dimen149
\Gm@layoutvoffset=\dimen150
\Gm@dimlist=\toks18
)
(/usr/share/texmf-dist/tex/latex/url/url.sty
\Urlmuskip=\muskip16
Package: url 2013/09/16  ver 3.4  Verb mode for urls, etc.
)
(/usr/share/texmf-dist/tex/latex/tocbibind/tocbibind.sty
Package: tocbibind 2010/10/13 v1.5k extra ToC listings
Package tocbibind Info: The document has chapter divisions on input line 50.


Package tocbibind Note: Using chapter style headings, unless overridden.

) (/usr/share/texmf-dist/tex/latex/xcolor/xcolor.sty
Package: xcolor 2021/10/31 v2.13 LaTeX color extensions (UK)

(/usr/share/texmf-dist/tex/latex/graphics-cfg/color.cfg
File: color.cfg 2016/01/02 v1.6 sample color configuration
)
Package xcolor Info: Driver file: pdftex.def on input line 227.

(/usr/share/texmf-dist/tex/latex/graphics-def/pdftex.def
File: pdftex.def 2020/10/05 v1.2a Graphics/color driver for pdftex
)
Package xcolor Info: Model `cmy' substituted by `cmy0' on input line 1352.
Package xcolor Info: Model `hsb' substituted by `rgb' on input line 1356.
Package xcolor Info: Model `RGB' extended on input line 1368.
Package xcolor Info: Model `HTML' substituted by `rgb' on input line 1370.
Package xcolor Info: Model `Hsb' substituted by `hsb' on input line 1371.
Package xcolor Info: Model `tHsb' substituted by `hsb' on input line 1372.
Package xcolor Info: Model `HSB' substituted by `hsb' on input line 1373.
Package xcolor Info: Model `Gray' substituted by `gray' on input line 1374.
Package xcolor Info: Model `wave' substituted by `hsb' on input line 1375.
)
(/usr/share/texmf-dist/tex/latex/caption/caption.sty
Package: caption 2022/03/01 v3.6b Customizing captions (AR)

(/usr/share/texmf-dist/tex/latex/caption/caption3.sty
Package: caption3 2022/03/17 v2.3b caption3 kernel (AR)
\caption@tempdima=\dimen151
\captionmargin=\dimen152
\caption@leftmargin=\dimen153
\caption@rightmargin=\dimen154
\caption@width=\dimen155
\caption@indent=\dimen156
\caption@parindent=\dimen157
\caption@hangindent=\dimen158
Package caption Info: Standard document class detected.
)
\c@caption@flags=\count266
\c@continuedfloat=\count267
)
(/usr/share/texmf-dist/tex/latex/algorithms/algorithmic.sty
Package: algorithmic 2009/08/24 v0.1 Document Style `algorithmic'

(/usr/share/texmf-dist/tex/latex/base/ifthen.sty
Package: ifthen 2020/11/24 v1.1c Standard LaTeX ifthen package (DPC)
)
\c@ALC@unique=\count268
\c@ALC@line=\count269
\c@ALC@rem=\count270
\c@ALC@depth=\count271
\ALC@tlm=\skip49
\algorithmicindent=\skip50
)
(/usr/share/texmf-dist/tex/latex/newfloat/newfloat.sty
Package: newfloat 2019/09/02 v1.1l Defining new floating environments (AR)
Package newfloat Info: Document class `book' detected.
)
Package newfloat Info: New float `algorithm' with options `fileext=loa, listnam
e=\'Index d'algorismes,name=Algorisme' on input line 162.
\c@algorithm=\count272
\newfloat@ftype=\count273
Package newfloat Info: float type `algorithm'=8 on input line 162.
Package newfloat Info: \algorithmname is already defined on input line 162.
Package newfloat Info: \listalgorithmname is already defined on input line 162.

Package newfloat Info: New float `quadre' with options `fileext=loq, listname=\
'Index de quadres,name=Quadre' on input line 167.
\c@quadre=\count274
Package newfloat Info: float type `quadre'=16 on input line 167.
Package newfloat Info: \quadrename is already defined on input line 167.
Package newfloat Info: \listquadrename is already defined on input line 167.

(/usr/share/texmf-dist/tex/latex/listings/listings.sty
\lst@mode=\count275
\lst@gtempboxa=\box50
\lst@token=\toks19
\lst@length=\count276
\lst@currlwidth=\dimen159
\lst@column=\count277
\lst@pos=\count278
\lst@lostspace=\dimen160
\lst@width=\dimen161
\lst@newlines=\count279
\lst@lineno=\count280
\lst@maxwidth=\dimen162

(/usr/share/texmf-dist/tex/latex/listings/lstmisc.sty
File: lstmisc.sty 2020/03/24 1.8d (Carsten Heinz)
\c@lstnumber=\count281
\lst@skipnumbers=\count282
\lst@framebox=\box51
)
(/usr/share/texmf-dist/tex/latex/listings/listings.cfg
File: listings.cfg 2020/03/24 1.8d listings configuration
))
Package: listings 2020/03/24 1.8d (Carsten Heinz)

(/usr/share/texmf-dist/tex/latex/listings/lstlang1.sty
File: lstlang1.sty 2020/03/24 1.8d listings language file
)
(/usr/share/texmf-dist/tex/latex/listings/lstlang1.sty
File: lstlang1.sty 2020/03/24 1.8d listings language file
)
(/usr/share/texmf-dist/tex/latex/listings/lstmisc.sty
File: lstmisc.sty 2020/03/24 1.8d (Carsten Heinz)
)
(/usr/share/texmf-dist/tex/latex/titlesec/titlesec.sty
Package: titlesec 2021/07/05 v2.14 Sectioning titles
\ttl@box=\box52
\beforetitleunit=\skip51
\aftertitleunit=\skip52
\ttl@plus=\dimen163
\ttl@minus=\dimen164
\ttl@toksa=\toks20
\titlewidth=\dimen165
\titlewidthlast=\dimen166
\titlewidthfirst=\dimen167
)
(/usr/share/texmf-dist/tex/latex/tocloft/tocloft.sty
Package: tocloft 2017/08/31 v2.3i parameterised ToC, etc., typesetting
Package tocloft Info: The document has chapter divisions on input line 51.
\cftparskip=\skip53
\cftbeforetoctitleskip=\skip54
\cftaftertoctitleskip=\skip55
\cftbeforepartskip=\skip56
\cftpartnumwidth=\skip57
\cftpartindent=\skip58
\cftbeforechapskip=\skip59
\cftchapindent=\skip60
\cftchapnumwidth=\skip61
\cftbeforesecskip=\skip62
\cftsecindent=\skip63
\cftsecnumwidth=\skip64
\cftbeforesubsecskip=\skip65
\cftsubsecindent=\skip66
\cftsubsecnumwidth=\skip67
\cftbeforesubsubsecskip=\skip68
\cftsubsubsecindent=\skip69
\cftsubsubsecnumwidth=\skip70
\cftbeforeparaskip=\skip71
\cftparaindent=\skip72
\cftparanumwidth=\skip73
\cftbeforesubparaskip=\skip74
\cftsubparaindent=\skip75
\cftsubparanumwidth=\skip76
\cftbeforeloftitleskip=\skip77
\cftafterloftitleskip=\skip78
\cftbeforefigskip=\skip79
\cftfigindent=\skip80
\cftfignumwidth=\skip81
\c@lofdepth=\count283
\c@lotdepth=\count284
\cftbeforelottitleskip=\skip82
\cftafterlottitleskip=\skip83
\cftbeforetabskip=\skip84
\cfttabindent=\skip85
\cfttabnumwidth=\skip86
)
(/usr/share/texmf-dist/tex/latex/fancyhdr/fancyhdr.sty
Package: fancyhdr 2021/01/28 v4.0.1 Extensive control of page headers and foote
rs
\f@nch@headwidth=\skip87
\f@nch@O@elh=\skip88
\f@nch@O@erh=\skip89
\f@nch@O@olh=\skip90
\f@nch@O@orh=\skip91
\f@nch@O@elf=\skip92
\f@nch@O@erf=\skip93
\f@nch@O@olf=\skip94
\f@nch@O@orf=\skip95
)
(/usr/share/texmf-dist/tex/latex/graphics/graphicx.sty
Package: graphicx 2021/09/16 v1.2d Enhanced LaTeX Graphics (DPC,SPQR)

(/usr/share/texmf-dist/tex/latex/graphics/graphics.sty
Package: graphics 2021/03/04 v1.4d Standard LaTeX Graphics (DPC,SPQR)

(/usr/share/texmf-dist/tex/latex/graphics/trig.sty
Package: trig 2021/08/11 v1.11 sin cos tan (DPC)
)
(/usr/share/texmf-dist/tex/latex/graphics-cfg/graphics.cfg
File: graphics.cfg 2016/06/04 v1.11 sample graphics configuration
)
Package graphics Info: Driver file: pdftex.def on input line 107.
)
\Gin@req@height=\dimen168
\Gin@req@width=\dimen169
)
(/usr/share/texmf-dist/tex/latex/eso-pic/eso-pic.sty
Package: eso-pic 2020/10/14 v3.0a eso-pic (RN)
\ESO@tempdima=\dimen170
\ESO@tempdimb=\dimen171
)
(/usr/share/texmf-dist/tex/latex/hyperref/hyperref.sty
Package: hyperref 2022-02-21 v7.00n Hypertext links for LaTeX

(/usr/share/texmf-dist/tex/generic/ltxcmds/ltxcmds.sty
Package: ltxcmds 2020-05-10 v1.25 LaTeX kernel commands for general use (HO)
)
(/usr/share/texmf-dist/tex/generic/pdftexcmds/pdftexcmds.sty
Package: pdftexcmds 2020-06-27 v0.33 Utility functions of pdfTeX for LuaTeX (HO
)

(/usr/share/texmf-dist/tex/generic/infwarerr/infwarerr.sty
Package: infwarerr 2019/12/03 v1.5 Providing info/warning/error messages (HO)
)
Package pdftexcmds Info: \pdf@primitive is available.
Package pdftexcmds Info: \pdf@ifprimitive is available.
Package pdftexcmds Info: \pdfdraftmode found.
)
(/usr/share/texmf-dist/tex/generic/kvsetkeys/kvsetkeys.sty
Package: kvsetkeys 2019/12/15 v1.18 Key value parser (HO)
)
(/usr/share/texmf-dist/tex/generic/kvdefinekeys/kvdefinekeys.sty
Package: kvdefinekeys 2019-12-19 v1.6 Define keys (HO)
)
(/usr/share/texmf-dist/tex/generic/pdfescape/pdfescape.sty
Package: pdfescape 2019/12/09 v1.15 Implements pdfTeX's escape features (HO)
)
(/usr/share/texmf-dist/tex/latex/hycolor/hycolor.sty
Package: hycolor 2020-01-27 v1.10 Color options for hyperref/bookmark (HO)
)
(/usr/share/texmf-dist/tex/latex/letltxmacro/letltxmacro.sty
Package: letltxmacro 2019/12/03 v1.6 Let assignment for LaTeX macros (HO)
)
(/usr/share/texmf-dist/tex/latex/auxhook/auxhook.sty
Package: auxhook 2019-12-17 v1.6 Hooks for auxiliary files (HO)
)
(/usr/share/texmf-dist/tex/latex/kvoptions/kvoptions.sty
Package: kvoptions 2020-10-07 v3.14 Key value format for package options (HO)
)
\@linkdim=\dimen172
\Hy@linkcounter=\count285
\Hy@pagecounter=\count286

(/usr/share/texmf-dist/tex/latex/hyperref/pd1enc.def
File: pd1enc.def 2022-02-21 v7.00n Hyperref: PDFDocEncoding definition (HO)
Now handling font encoding PD1 ...
... no UTF-8 mapping file for font encoding PD1
)
(/usr/share/texmf-dist/tex/generic/intcalc/intcalc.sty
Package: intcalc 2019/12/15 v1.3 Expandable calculations with integers (HO)
)
(/usr/share/texmf-dist/tex/generic/etexcmds/etexcmds.sty
Package: etexcmds 2019/12/15 v1.7 Avoid name clashes with e-TeX commands (HO)
)
\Hy@SavedSpaceFactor=\count287

(/usr/share/texmf-dist/tex/latex/hyperref/puenc.def
File: puenc.def 2022-02-21 v7.00n Hyperref: PDF Unicode definition (HO)
Now handling font encoding PU ...
... no UTF-8 mapping file for font encoding PU
)
Package hyperref Info: Option `colorlinks' set `true' on input line 4018.
Package hyperref Info: Hyper figures OFF on input line 4137.
Package hyperref Info: Link nesting OFF on input line 4142.
Package hyperref Info: Hyper index ON on input line 4145.
Package hyperref Info: Plain pages OFF on input line 4152.
Package hyperref Info: Backreferencing OFF on input line 4157.
Package hyperref Info: Implicit mode ON; LaTeX internals redefined.
Package hyperref Info: Bookmarks ON on input line 4390.
\c@Hy@tempcnt=\count288
LaTeX Info: Redefining \url on input line 4749.
\XeTeXLinkMargin=\dimen173

(/usr/share/texmf-dist/tex/generic/bitset/bitset.sty
Package: bitset 2019/12/09 v1.3 Handle bit-vector datatype (HO)

(/usr/share/texmf-dist/tex/generic/bigintcalc/bigintcalc.sty
Package: bigintcalc 2019/12/15 v1.5 Expandable calculations on big integers (HO
)
))
\Fld@menulength=\count289
\Field@Width=\dimen174
\Fld@charsize=\dimen175
Package hyperref Info: Hyper figures OFF on input line 6027.
Package hyperref Info: Link nesting OFF on input line 6032.
Package hyperref Info: Hyper index ON on input line 6035.
Package hyperref Info: backreferencing OFF on input line 6042.
Package hyperref Info: Link coloring ON on input line 6045.
Package hyperref Info: Link coloring with OCG OFF on input line 6052.
Package hyperref Info: PDF/A mode OFF on input line 6057.
LaTeX Info: Redefining \ref on input line 6097.
LaTeX Info: Redefining \pageref on input line 6101.

(/usr/share/texmf-dist/tex/latex/base/atbegshi-ltx.sty
Package: atbegshi-ltx 2021/01/10 v1.0c Emulation of the original atbegshi
package with kernel methods
)
\Hy@abspage=\count290
\c@Item=\count291
\c@Hfootnote=\count292
)
Package hyperref Info: Driver (autodetected): hpdftex.

(/usr/share/texmf-dist/tex/latex/hyperref/hpdftex.def
File: hpdftex.def 2022-02-21 v7.00n Hyperref driver for pdfTeX

(/usr/share/texmf-dist/tex/latex/base/atveryend-ltx.sty
Package: atveryend-ltx 2020/08/19 v1.0a Emulation of the original atveryend pac
kage
with kernel methods
)
\Fld@listcount=\count293
\c@bookmark@seq@number=\count294

(/usr/share/texmf-dist/tex/latex/rerunfilecheck/rerunfilecheck.sty
Package: rerunfilecheck 2019/12/05 v1.9 Rerun checks for auxiliary files (HO)

(/usr/share/texmf-dist/tex/generic/uniquecounter/uniquecounter.sty
Package: uniquecounter 2019/12/15 v1.4 Provide unlimited unique counter (HO)
)
Package uniquecounter Info: New unique counter `rerunfilecheck' on input line 2
86.
)
\Hy@SectionHShift=\skip96
)
\c@appendix=\count295
)
(/usr/share/texmf-dist/tex/latex/base/inputenc.sty
Package: inputenc 2021/02/14 v1.3d Input encoding file
\inpenc@prehook=\toks21
\inpenc@posthook=\toks22
)
LaTeX Font Info:    Trying to load font information for T1+ppl on input line 66
.

(/usr/share/texmf-dist/tex/latex/psnfss/t1ppl.fd
File: t1ppl.fd 2001/06/04 font definitions for T1/ppl.
)
(/usr/share/texmf-dist/tex/latex/l3backend/l3backend-pdftex.def
File: l3backend-pdftex.def 2022-04-14 L3 backend support: PDF output (pdfTeX)
\l__color_backend_stack_int=\count296
\l__pdf_internal_box=\box53
)
(./plantillatfg.aux
LaTeX Info: Redefining \. on input line 28.
LaTeX Info: Redefining \% on input line 28.
)
\openout1 = `plantillatfg.aux'.

LaTeX Font Info:    Checking defaults for OML/cmm/m/it on input line 66.
LaTeX Font Info:    ... okay on input line 66.
LaTeX Font Info:    Checking defaults for OMS/cmsy/m/n on input line 66.
LaTeX Font Info:    ... okay on input line 66.
LaTeX Font Info:    Checking defaults for OT1/cmr/m/n on input line 66.
LaTeX Font Info:    ... okay on input line 66.
LaTeX Font Info:    Checking defaults for T1/cmr/m/n on input line 66.
LaTeX Font Info:    ... okay on input line 66.
LaTeX Font Info:    Checking defaults for TS1/cmr/m/n on input line 66.
LaTeX Font Info:    ... okay on input line 66.
LaTeX Font Info:    Checking defaults for OMX/cmex/m/n on input line 66.
LaTeX Font Info:    ... okay on input line 66.
LaTeX Font Info:    Checking defaults for U/cmr/m/n on input line 66.
LaTeX Font Info:    ... okay on input line 66.
LaTeX Font Info:    Checking defaults for PD1/pdf/m/n on input line 66.
LaTeX Font Info:    ... okay on input line 66.
LaTeX Font Info:    Checking defaults for PU/pdf/m/n on input line 66.
LaTeX Font Info:    ... okay on input line 66.
LaTeX Info: Redefining \l on input line 66.
LaTeX Info: Redefining \L on input line 66.
\big@size=\dimen176

*geometry* driver: auto-detecting
*geometry* detected driver: pdftex
*geometry* verbose mode - [ preamble ] result:
* driver: pdftex
* paper: a4paper
* layout: <same size as paper>
* layoutoffset:(h,v)=(0.0pt,0.0pt)
* modes: twoside 
* h-part:(L,W,R)=(85.35826pt, 426.79135pt, 85.35826pt)
* v-part:(T,H,B)=(66.86414pt, 711.31857pt, 66.86414pt)
* \paperwidth=597.50787pt
* \paperheight=845.04684pt
* \textwidth=426.79135pt
* \textheight=711.31857pt
* \oddsidemargin=13.08827pt
* \evensidemargin=13.08827pt
* \topmargin=-37.27965pt
* \headheight=16.0pt
* \headsep=19.8738pt
* \topskip=11.0pt
* \footskip=27.46295pt
* \marginparwidth=116.0pt
* \marginparsep=7.0pt
* \columnsep=10.0pt
* \skip\footins=10.0pt plus 4.0pt minus 2.0pt
* \hoffset=0.0pt
* \voffset=0.0pt
* \mag=1000
* \@twocolumnfalse
* \@twosidetrue
* \@mparswitchtrue
* \@reversemarginfalse
* (1in=72.27pt=25.4mm, 1cm=28.453pt)

(/usr/share/texmf-dist/tex/context/base/mkii/supp-pdf.mkii
[Loading MPS to PDF converter (version 2006.09.02).]
\scratchcounter=\count297
\scratchdimen=\dimen177
\scratchbox=\box54
\nofMPsegments=\count298
\nofMParguments=\count299
\everyMPshowfont=\toks23
\MPscratchCnt=\count300
\MPscratchDim=\dimen178
\MPnumerator=\count301
\makeMPintoPDFobject=\count302
\everyMPtoPDFconversion=\toks24
) (/usr/share/texmf-dist/tex/latex/epstopdf-pkg/epstopdf-base.sty
Package: epstopdf-base 2020-01-24 v2.11 Base part for package epstopdf

(/usr/share/texmf-dist/tex/latex/grfext/grfext.sty
Package: grfext 2019/12/03 v1.3 Manage graphics extensions (HO)
)
Package epstopdf-base Info: Redefining graphics rule for `.eps' on input line 4
85.
Package grfext Info: Graphics extension search list:
(grfext)             [.pdf,.png,.jpg,.mps,.jpeg,.jbig2,.jb2,.PDF,.PNG,.JPG,.JPE
G,.JBIG2,.JB2,.eps]
(grfext)             \AppendGraphicsExtensions on input line 504.

(/usr/share/texmf-dist/tex/latex/latexconfig/epstopdf-sys.cfg
File: epstopdf-sys.cfg 2010/07/13 v1.3 Configuration of (r)epstopdf for TeX Liv
e
))
Package caption Info: Begin \AtBeginDocument code.
Package caption Info: hyperref package is loaded.
Package caption Info: listings package is loaded.
Package caption Info: End \AtBeginDocument code.
\c@lstlisting=\count303
Package hyperref Info: Link coloring ON on input line 66.

(/usr/share/texmf-dist/tex/latex/hyperref/nameref.sty
Package: nameref 2021-04-02 v2.47 Cross-referencing by name of section

(/usr/share/texmf-dist/tex/latex/refcount/refcount.sty
Package: refcount 2019/12/15 v3.6 Data extraction from label references (HO)
)
(/usr/share/texmf-dist/tex/generic/gettitlestring/gettitlestring.sty
Package: gettitlestring 2019/12/15 v1.6 Cleanup title references (HO)
)
\c@section@level=\count304
)
LaTeX Info: Redefining \ref on input line 66.
LaTeX Info: Redefining \pageref on input line 66.
LaTeX Info: Redefining \nameref on input line 66.

(./plantillatfg.out) (./plantillatfg.out)
\@outlinefile=\write3
\openout3 = `plantillatfg.out'.

LaTeX Font Info:    Trying to load font information for OT1+ppl on input line 6
6.

(/usr/share/texmf-dist/tex/latex/psnfss/ot1ppl.fd
File: ot1ppl.fd 2001/06/04 font definitions for OT1/ppl.
)
LaTeX Font Info:    Trying to load font information for OML+zplm on input line 
66.

(/usr/share/texmf-dist/tex/latex/psnfss/omlzplm.fd
File: omlzplm.fd 2002/09/08 Fontinst v1.914 font definitions for OML/zplm.
)
LaTeX Font Info:    Trying to load font information for OMS+zplm on input line 
66.

(/usr/share/texmf-dist/tex/latex/psnfss/omszplm.fd
File: omszplm.fd 2002/09/08 Fontinst v1.914 font definitions for OMS/zplm.
)
LaTeX Font Info:    Trying to load font information for OMX+zplm on input line 
66.

(/usr/share/texmf-dist/tex/latex/psnfss/omxzplm.fd
File: omxzplm.fd 2002/09/08 Fontinst v1.914 font definitions for OMX/zplm.
)
LaTeX Font Info:    Trying to load font information for OT1+zplm on input line 
66.

(/usr/share/texmf-dist/tex/latex/psnfss/ot1zplm.fd
File: ot1zplm.fd 2002/09/08 Fontinst v1.914 font definitions for OT1/zplm.
)
<logos/logo-upv.pdf, id=160, 331.2375pt x 105.39375pt>
File: logos/logo-upv.pdf Graphic file (type pdf)
<use logos/logo-upv.pdf>
Package pdftex.def Info: logos/logo-upv.pdf  used on input line 66.
(pdftex.def)             Requested size: 178.85042pt x 56.9055pt.
<logos/logo-etsinf.pdf, id=161, 311.1625pt x 120.45pt>
File: logos/logo-etsinf.pdf Graphic file (type pdf)
<use logos/logo-etsinf.pdf>
Package pdftex.def Info: logos/logo-etsinf.pdf  used on input line 66.
(pdftex.def)             Requested size: 147.00606pt x 56.9055pt.
<logos/baseportada.png, id=162, 1027.84pt x 578.16pt>
File: logos/baseportada.png Graphic file (type png)
<use logos/baseportada.png>
Package pdftex.def Info: logos/baseportada.png  used on input line 66.
(pdftex.def)             Requested size: 597.51208pt x 366.75699pt.
 [1



{/var/lib/texmf/fonts/map/pdftex/updmap/pdftex.map} <./logos/logo-upv.pdf> <./l
ogos/logo-etsinf.pdf> <./logos/baseportada.png>] [2

]
LaTeX Font Info:    Trying to load font information for T1+cmss on input line 7
3.
 (/usr/share/texmf-dist/tex/latex/base/t1cmss.fd
File: t1cmss.fd 2019/12/16 v2.5j Standard LaTeX font definitions
)
LaTeX Info: Redefining \. on input line 75.
LaTeX Info: Redefining \% on input line 75.

[3] [4

] (./plantillatfg.toc
LaTeX Info: Redefining \. on input line 4.
LaTeX Info: Redefining \% on input line 4.
)
\tf@toc=\write4
\openout4 = `plantillatfg.toc'.

 [5] [6

] (./plantillatfg.lof
LaTeX Info: Redefining \. on input line 4.
LaTeX Info: Redefining \% on input line 4.
)
\tf@lof=\write5
\openout5 = `plantillatfg.lof'.

 (./plantillatfg.lot
LaTeX Info: Redefining \. on input line 4.
LaTeX Info: Redefining \% on input line 4.
)
\tf@lot=\write6
\openout6 = `plantillatfg.lot'.


[7] [8

]
Chapter 1.

Underfull \vbox (badness 1142) has occurred while \output is active []

 [1

]
Underfull \vbox (badness 1292) has occurred while \output is active []

 [2]
! Undefined control sequence.
l.181     p(error | \vect
                         {x}) = 1 - p(\vect{c} | \vect{x})
? :q
Type <return> to proceed, S to scroll future error messages,
R to run without stopping, Q to run quietly,
I to insert something, E to edit your file,
1 or ... or 9 to ignore the next 1 to 9 tokens of input,
H for help, X to quit.
? 
! Undefined control sequence.
l.181     p(error | \vect{x}) = 1 - p(\vect
                                           {c} | \vect{x})
? 
! Undefined control sequence.
l.181 ...rror | \vect{x}) = 1 - p(\vect{c} | \vect
                                                  {x})
? 
! Missing $ inserted.
<inserted text> 
                $
l.197 ...re we had only 2 possible outcomes. y \in
                                                   0,1. just 2 possible answ...

? 
! Missing $ inserted.
<inserted text> 
                $
l.198 
      
? 

Overfull \hbox (381.63191pt too wide) in paragraph at lines 197--198
[]\T1/ppl/m/n/10.95 consider the case where we had only 2 pos-si-ble out-comes.
 y $\OMS/zplm/m/n/10.95 2 \OT1/ppl/m/n/10.95 0, 1.\OML/zplm/m/it/10.95 just\OT1
/ppl/m/n/10.95 2\OML/zplm/m/it/10.95 possibleanswers\OT1/ppl/m/n/10.95 .\OML/zp
lm/m/it/10.95 aquestioncouldbe\OT1/ppl/m/n/10.95 , \OML/zplm/m/it/10.95 giventh
epetallengthandpetalwidthofthisflower\OT1/zplm/m/n/10.95 (\OML/zplm/m/it/10.95 
asavectorx \OMS/zplm/m/n/10.95 2
 []


! LaTeX Error: Unicode character Œ∏ (U+03B8)
               not set up for use with LaTeX.

See the LaTeX manual or LaTeX Companion for explanation.
Type  H <return>  for immediate help.
 ...                                              
                                                  
l.202 p(y|x; Œ∏
               ) = Ber(y|œÉ(wTx + b))
? 

! LaTeX Error: Unicode character œÉ (U+03C3)
               not set up for use with LaTeX.

See the LaTeX manual or LaTeX Companion for explanation.
Type  H <return>  for immediate help.
 ...                                              
                                                  
l.202 p(y|x; Œ∏) = Ber(y|œÉ
                           (wTx + b))
? 

! LaTeX Error: Unicode character Œ∏ (U+03B8)
               not set up for use with LaTeX.

See the LaTeX manual or LaTeX Companion for explanation.
Type  H <return>  for immediate help.
 ...                                              
                                                  
l.214 p(yjx; Œ∏
               ) = Cat(yjS(Wx + b))
? 
[3]

! LaTeX Error: Unicode character Œ∏ (U+03B8)
               not set up for use with LaTeX.

See the LaTeX manual or LaTeX Companion for explanation.
Type  H <return>  for immediate help.
 ...                                              
                                                  
l.234 f(xn; Œ∏
              ) = I (wTxn + b > 0)
? 

! LaTeX Error: Unicode character ‚àí (U+2212)
               not set up for use with LaTeX.

See the LaTeX manual or LaTeX Companion for explanation.
Type  H <return>  for immediate help.
 ...                                              
                                                  
l.238 wt+1 = wt ‚àí
                    œÅt(^ yn ‚àí yn)xn
? 

! LaTeX Error: Unicode character œÅ (U+03C1)
               not set up for use with LaTeX.

See the LaTeX manual or LaTeX Companion for explanation.
Type  H <return>  for immediate help.
 ...                                              
                                                  
l.238 wt+1 = wt ‚àí œÅ
                      t(^ yn ‚àí yn)xn
? 
! Missing $ inserted.
<inserted text> 
                $
l.238 wt+1 = wt ‚àí œÅt(^
                          yn ‚àí yn)xn
? 

! LaTeX Error: Unicode character ‚àí (U+2212)
               not set up for use with LaTeX.

See the LaTeX manual or LaTeX Companion for explanation.
Type  H <return>  for immediate help.
 ...                                              
                                                  
l.238 wt+1 = wt ‚àí œÅt(^ yn ‚àí
                                 yn)xn
? 

! LaTeX Error: Unicode character œÅ (U+03C1)
               not set up for use with LaTeX.

See the LaTeX manual or LaTeX Companion for explanation.
Type  H <return>  for immediate help.
 ...                                              
                                                  
l.239 ...ed example sampled at iteration t, and œÅ
                                                  t is the learning rate or ...

? 

! LaTeX Error: Unicode character ‚àí (U+2212)
               not set up for use with LaTeX.

See the LaTeX manual or LaTeX Companion for explanation.
Type  H <return>  for immediate help.
 ...                                              
                                                  
l.243 and y^n = 1, we have wt+1 = wt ‚àí
                                         xn.
? 
! Missing $ inserted.
<inserted text> 
                $
l.245 
      
? 

Overfull \hbox (794.3648pt too wide) in paragraph at lines 236--245
\T1/ppl/m/n/10.95 us-ing wt+1 = wt  t($[]\OML/zplm/m/it/10.95 nyn\OT1/zplm/m/n/
10.95 )\OML/zplm/m/it/10.95 xnwhere\OT1/zplm/m/n/10.95 (\OML/zplm/m/it/10.95 xn
\OT1/ppl/m/n/10.95 ; \OML/zplm/m/it/10.95 yn\OT1/zplm/m/n/10.95 )\OML/zplm/m/it
/10.95 isthelabeledexamplesampledatiterationt\OT1/ppl/m/n/10.95 , \OML/zplm/m/i
t/10.95 andtisthelearningrateorstepsize\OT1/ppl/m/n/10.95 .\OML/zplm/m/it/10.95
 ifthepredictioniscorrect\OT1/ppl/m/n/10.95 , \OML/zplm/m/it/10.95 nochangeisma
de\OT1/ppl/m/n/10.95 , \OML/zplm/m/it/10.95 otherwisewemovetheweightsinadirecti
onsoastomakethemcorrectanswermorelikely\OT1/ppl/m/n/10.95 .\OML/zplm/m/it/10.95
 Moreprecisely\OT1/ppl/m/n/10.95 , \OML/zplm/m/it/10.95 ifyn \OT1/zplm/m/n/10.9
5 =
 []


Overfull \hbox (286.82785pt too wide) in paragraph at lines 236--245
\OT1/ppl/m/n/10.95 1\OML/zplm/m/it/10.95 andy[] \OT1/zplm/m/n/10.95 = \OT1/ppl/
m/n/10.95 0, \OML/zplm/m/it/10.95 wehavewt \OT1/zplm/m/n/10.95 + \OT1/ppl/m/n/1
0.95 1 \OT1/zplm/m/n/10.95 = \OML/zplm/m/it/10.95 wt \OT1/zplm/m/n/10.95 + \OML
/zplm/m/it/10.95 xn\OT1/ppl/m/n/10.95 , \OML/zplm/m/it/10.95 andifyn \OT1/zplm/
m/n/10.95 = \OT1/ppl/m/n/10.95 0\OML/zplm/m/it/10.95 andy[] \OT1/zplm/m/n/10.95
 = \OT1/ppl/m/n/10.95 1, \OML/zplm/m/it/10.95 wehavewt \OT1/zplm/m/n/10.95 + \O
T1/ppl/m/n/10.95 1 \OT1/zplm/m/n/10.95 = \OML/zplm/m/it/10.95 wtxn\OT1/ppl/m/n/
10.95 .\OML/zplm/m/it/10.95 itisprooventhatthemethodwillconvergewhendataislinea
rlyseparable$ 
 []

! Missing $ inserted.
<inserted text> 
                $
l.267 so given x \in
                     (0,0), (0,1), (1,0), (1,1), y must = 1 only if one of t...

? 
! Missing $ inserted.
<inserted text> 
                $
l.268 
      
? 

Overfull \hbox (39.76854pt too wide) in paragraph at lines 263--268
\T1/ppl/m/n/10.95 putes the ex-clu-sive OR so given x $\OMS/zplm/m/n/10.95 2 \O
T1/zplm/m/n/10.95 (\OT1/ppl/m/n/10.95 0, 0\OT1/zplm/m/n/10.95 )\OT1/ppl/m/n/10.
95 , \OT1/zplm/m/n/10.95 (\OT1/ppl/m/n/10.95 0, 1\OT1/zplm/m/n/10.95 )\OT1/ppl/
m/n/10.95 , \OT1/zplm/m/n/10.95 (\OT1/ppl/m/n/10.95 1, 0\OT1/zplm/m/n/10.95 )\O
T1/ppl/m/n/10.95 , \OT1/zplm/m/n/10.95 (\OT1/ppl/m/n/10.95 1, 1\OT1/zplm/m/n/10
.95 )\OT1/ppl/m/n/10.95 , \OML/zplm/m/it/10.95 ymust \OT1/zplm/m/n/10.95 = \OT1
/ppl/m/n/10.95 1\OML/zplm/m/it/10.95 onlyifoneoftheinputsisone$ 
 []

! Missing $ inserted.
<inserted text> 
                $
l.272 ... possible intermediate state basis(x) \in
                                                   (0,0), (1,0), (0,1), (1,1...

? 
! Missing $ inserted.
<inserted text> 
                $
l.274 
      
? 

Overfull \hbox (638.10376pt too wide) in paragraph at lines 272--274
\OT1/zplm/m/n/10.95 (\OT1/ppl/m/n/10.95 0, 0\OT1/zplm/m/n/10.95 )\OT1/ppl/m/n/1
0.95 , \OT1/zplm/m/n/10.95 (\OT1/ppl/m/n/10.95 1, 0\OT1/zplm/m/n/10.95 )\OT1/pp
l/m/n/10.95 , \OT1/zplm/m/n/10.95 (\OT1/ppl/m/n/10.95 0, 1\OT1/zplm/m/n/10.95 )
\OT1/ppl/m/n/10.95 , \OT1/zplm/m/n/10.95 (\OT1/ppl/m/n/10.95 1, 1\OT1/zplm/m/n/
10.95 )\OT1/ppl/m/n/10.95 , \OML/zplm/m/it/10.95 wherefirstcoordinaterepresents
whethertheandwastrue\OT1/ppl/m/n/10.95 , \OML/zplm/m/it/10.95 andsecondcoordina
tewhethertheorwastrue\OT1/ppl/m/n/10.95 .\OML/zplm/m/it/10.95 onlythe\OT1/zplm/
m/n/10.95 (\OT1/ppl/m/n/10.95 0, 1\OT1/zplm/m/n/10.95 )\OML/zplm/m/it/10.95 per
tainstoclass\OT1/ppl/m/n/10.95 1\OT1/zplm/m/n/10.95 (\OML/zplm/m/it/10.95 orbut
notand\OT1/ppl/m/n/10.95 , \OML/zplm/m/it/10.95 thusxor\OT1/zplm/m/n/10.95 )\OT
1/ppl/m/n/10.95 , \OML/zplm/m/it/10.95 withwhichwesee\OT1/ppl/m/n/10.95 , \OML/
zplm/m/it/10.95 theproblemisnowlinearlyseparable$ 
 []


Underfull \vbox (badness 3138) has occurred while \output is active []

 [4]
! Misplaced alignment tab character &.
l.290 ... of epochs, when ev loss starts growing &
                                                   training increases, after...

? 

Underfull \vbox (badness 2762) has occurred while \output is active []

 [5]
Overfull \hbox (33.88132pt too wide) in paragraph at lines 370--371
\T1/ppl/m/n/10.95 (x1,x2,x3,...,xn) and the trans-la-tion of the sen-tence with
 the ar-ray of m words y = (y1,y2,y3,...,ym).
 []


Underfull \vbox (badness 10000) has occurred while \output is active []

 [6]

LaTeX Warning: Citation `650093' on page 7 undefined on input line 423.


! LaTeX Error: Unicode character ‚àí (U+2212)
               not set up for use with LaTeX.

See the LaTeX manual or LaTeX Companion for explanation.
Type  H <return>  for immediate help.
 ...                                              
                                                  
l.430  h = phi(Wx + Wh‚àí
                         1 + b)
? 

! LaTeX Error: Unicode character ‚àí (U+2212)
               not set up for use with LaTeX.

See the LaTeX manual or LaTeX Companion for explanation.
Type  H <return>  for immediate help.
 ...                                              
                                                  
l.431  h = phi(Wx + Wh‚àí
                         1 + b)
? 
[7]
! Undefined control sequence.
<recently read> \vect 
                      
l.462 ...ute the dependency of hidden state $\vect
                                                  {h_t}$ to each other state hi

? 

Underfull \vbox (badness 10000) has occurred while \output is active []

 [8]
! Missing $ inserted.
<inserted text> 
                $
l.501 Attention(Q; K; V ) = softmax(QK^
                                       T / sqrt(dk) )V
? 
! Missing $ inserted.
<inserted text> 
                $
l.504 
      
? 

Overfull \hbox (416.54971pt too wide) in paragraph at lines 495--504
\T1/ppl/m/n/10.95 softmax(QK$[]\OT1/zplm/m/n/10.95 /\OML/zplm/m/it/10.95 sqrt\O
T1/zplm/m/n/10.95 (\OML/zplm/m/it/10.95 dk\OT1/zplm/m/n/10.95 ))\OML/zplm/m/it/
10.95 VWheretheproductisdividedbythescalingfactortopreventverysamllgradientspro
blematicfortheoptimizationprocess\OT1/ppl/m/n/10.95 .\OML/zplm/m/it/10.95 Thisi
scalledScaledDotProductAttention$ 
 []


Underfull \vbox (badness 3428) has occurred while \output is active []

 [9]
! Missing $ inserted.
<inserted text> 
                $
l.530 ...oss outpus of hidden units of a layer (a_
                                                  i^l for hidden unit i of l...

? 
! Missing $ inserted.
<inserted text> 
                $
l.535 
      
? 

Overfull \hbox (740.31659pt too wide) in paragraph at lines 530--535
\T1/ppl/m/n/10.95 of a layer (a$[]\OML/zplm/m/it/10.95 forhiddenunitioflayerl\O
T1/zplm/m/n/10.95 )\OML/zplm/m/it/10.95 beforetheactivationfunction\OT1/ppl/m/n
/10.95 .\OML/zplm/m/it/10.95 ai \OT1/zplm/m/n/10.95 = \OML/zplm/m/it/10.95 wi \
OMS/zplm/m/n/10.95 ^^C \OML/zplm/m/it/10.95 hlwherewiaretheweightsofthehiddenun
itandhltheinputsreceveidfromtheprevioushiddenlayerequations\OT1/zplm/m/n/10.95 
(\OT1/ppl/m/n/10.95 3\OT1/zplm/m/n/10.95 )\OML/zplm/m/it/10.95 fromthereference
thenthevarianzedividesandtheaverageissubstracted$ 
 []

! Missing $ inserted.
<inserted text> 
                $
l.536 a^
        i = (ai ‚àí¬µi)/œÉi and a~i = Œ≥a^i +Œ≤ (KM)
? 

! LaTeX Error: Unicode character ‚àí (U+2212)
               not set up for use with LaTeX.

See the LaTeX manual or LaTeX Companion for explanation.
Type  H <return>  for immediate help.
 ...                                              
                                                  
l.536 a^i = (ai ‚àí
                   ¬µi)/œÉi and a~i = Œ≥a^i +Œ≤ (KM)
? 

LaTeX Warning: Command \textmu invalid in math mode on input line 536.

LaTeX Font Info:    Trying to load font information for TS1+ppl on input line 5
36.
(/usr/share/texmf-dist/tex/latex/psnfss/ts1ppl.fd
File: ts1ppl.fd 2001/06/04 font definitions for TS1/ppl.
)

LaTeX Warning: Command \textmu invalid in math mode on input line 536.


! LaTeX Error: Unicode character œÉ (U+03C3)
               not set up for use with LaTeX.

See the LaTeX manual or LaTeX Companion for explanation.
Type  H <return>  for immediate help.
 ...                                              
                                                  
l.536 a^i = (ai ‚àí¬µi)/œÉ
                          i and a~i = Œ≥a^i +Œ≤ (KM)
? 

! LaTeX Error: Unicode character Œ≥ (U+03B3)
               not set up for use with LaTeX.

See the LaTeX manual or LaTeX Companion for explanation.
Type  H <return>  for immediate help.
 ...                                              
                                                  
l.536 a^i = (ai ‚àí¬µi)/œÉi and a~i = Œ≥
                                        a^i +Œ≤ (KM)
? 

! LaTeX Error: Unicode character Œ≤ (U+03B2)
               not set up for use with LaTeX.

See the LaTeX manual or LaTeX Companion for explanation.
Type  H <return>  for immediate help.
 ...                                              
                                                  
l.536 a^i = (ai ‚àí¬µi)/œÉi and a~i = Œ≥a^i +Œ≤
                                                (KM)
? 
! Missing $ inserted.
<inserted text> 
                $
l.537 
      
? 
Missing character: There is no µ in font pplr7t!

Underfull \vbox (badness 10000) has occurred while \output is active []

 [10]
! Missing $ inserted.
<inserted text> 
                $
l.571     WE = x_
                 one_hot * Ee
? 
! Missing $ inserted.
<inserted text> 
                $
l.572 
      
? 
! Missing $ inserted.
<inserted text> 
                $
l.585 ...d also for the output embedding matrix(E^
                                                  t), that transforms the ou...

? 
! Missing $ inserted.
<inserted text> 
                $
l.586 
      
? 

Overfull \hbox (702.7419pt too wide) in paragraph at lines 584--586
\T1/ppl/m/n/10.95 en-cod-ing as for the de-cod-ing is used, and also for the ou
t-put em-bed-ding matrix(E$[]\OT1/zplm/m/n/10.95 )\OT1/ppl/m/n/10.95 , \OML/zpl
m/m/it/10.95 thattransformstheoutputofthelasthiddenlayerintheencoderintoprobabi
litiesforthenextwordwhengiventothesoftmaxlayerafteralearntlineartransformation\
OT1/ppl/m/n/10.95 .$ 
 []


Overfull \hbox (2.20181pt too wide) in paragraph at lines 600--603
\T1/ppl/m/n/10.95 hind. Re-cent re-sults of the 2022 IWSLT com-pe-ti-tion (http
s://aclanthology.org/2022.iwslt-
 []


Overfull \hbox (10.40457pt too wide) in paragraph at lines 606--607
\T1/ppl/m/n/10.95 mayo-ria trans-former --Dejar clara que la de-ci-sion se basa
 en re-sul-ta-dos re-cientes --mencionar
 []


Underfull \vbox (badness 10000) has occurred while \output is active []

 [11]
[12]
Chapter 2.
[13

] [14

]
Chapter 3.
[15] [16

]
Chapter 4.
[17] [18

]
LaTeX Font Info:    Trying to load font information for T1+cmtt on input line 7
13.
 (/usr/share/texmf-dist/tex/latex/base/t1cmtt.fd
File: t1cmtt.fd 2019/12/16 v2.5j Standard LaTeX font definitions
) [19] [20

]
Appendix A.
[21

] [22

]
Appendix B.
[23] (./plantillatfg.aux
LaTeX Info: Redefining \. on input line 28.
LaTeX Info: Redefining \% on input line 28.
)

LaTeX Warning: There were undefined references.

Package rerunfilecheck Info: File `plantillatfg.out' has not changed.
(rerunfilecheck)             Checksum: 4587608A10CA1CCDB8BE96F9B6C4D8E3;5164.
 ) 
Here is how much of TeX's memory you used:
 15322 strings out of 478238
 242268 string characters out of 5850456
 625997 words of memory out of 5000000
 33236 multiletter control sequences out of 15000+600000
 510115 words of font info for 103 fonts, out of 8000000 for 9000
 1141 hyphenation exceptions out of 8191
 75i,12n,77p,692b,589s stack positions out of 5000i,500n,10000p,200000b,80000s
{/usr/share/texmf-dist/fonts/enc/dvips/cm-super/cm-super-t1.enc}{/usr/share/t
exmf-dist/fonts/enc/dvips/base/8r.enc}</usr/share/texmf-dist/fonts/type1/public
/amsfonts/cm/cmr10.pfb></usr/share/texmf-dist/fonts/type1/public/amsfonts/cm/cm
sy10.pfb></usr/share/texmf-dist/fonts/type1/public/cm-super/sfss1095.pfb></usr/
share/texmf-dist/fonts/type1/public/cm-super/sfsx1440.pfb></usr/share/texmf-dis
t/fonts/type1/public/cm-super/sfsx1728.pfb></usr/share/texmf-dist/fonts/type1/p
ublic/cm-super/sfsx2488.pfb></usr/share/texmf-dist/fonts/type1/public/cm-super/
sftt1095.pfb></usr/share/texmf-dist/fonts/type1/urw/palatino/uplb8a.pfb></usr/s
hare/texmf-dist/fonts/type1/urw/palatino/uplr8a.pfb></usr/share/texmf-dist/font
s/type1/urw/palatino/uplri8a.pfb>
Output written on plantillatfg.pdf (31 pages, 280627 bytes).
PDF statistics:
 425 PDF objects out of 1000 (max. 8388607)
 363 compressed objects within 4 object streams
 77 named destinations out of 1000 (max. 500000)
 328 words of extra memory for PDF output out of 10000 (max. 10000000)

